<?xml version="1.0" encoding="UTF-8"?>
<testsuites>
  <testsuite name="/app/phpunit-ci.xml" tests="313" assertions="3061" errors="0" failures="0" skipped="0" time="27.977308">
    <testsuite name="Unit" tests="204" assertions="756" errors="0" failures="0" skipped="0" time="6.734059">
      <testsuite name="Tests\Unit\ExampleTest" file="/app/tests/Unit/ExampleTest.php" tests="1" assertions="1" errors="0" failures="0" skipped="0" time="0.433173">
        <testcase name="test_that_true_is_true" file="/app/tests/Unit/ExampleTest.php" line="12" class="Tests\Unit\ExampleTest" classname="Tests.Unit.ExampleTest" assertions="1" time="0.433173"/>
      </testsuite>
      <testsuite name="Tests\Unit\Playground\Models\Model\ModelTest" file="/app/vendor/gammamatrix/playground/tests/Unit/Models/Model/ModelTest.php" tests="5" assertions="5" errors="0" failures="0" skipped="0" time="0.390457">
        <testcase name="test_WithChildren_children_returns_HasMany" file="/app/vendor/gammamatrix/playground/tests/Unit/Models/Model/ModelTest.php" line="19" class="Tests\Unit\Playground\Models\Model\ModelTest" classname="Tests.Unit.Playground.Models.Model.ModelTest" assertions="1" time="0.295716"/>
        <testcase name="test_WithCreator_creator_returns_HasOne" file="/app/vendor/gammamatrix/playground/tests/Unit/Models/Model/ModelTest.php" line="26" class="Tests\Unit\Playground\Models\Model\ModelTest" classname="Tests.Unit.Playground.Models.Model.ModelTest" assertions="1" time="0.025498"/>
        <testcase name="test_WithModifier_modifier_returns_HasOne" file="/app/vendor/gammamatrix/playground/tests/Unit/Models/Model/ModelTest.php" line="33" class="Tests\Unit\Playground\Models\Model\ModelTest" classname="Tests.Unit.Playground.Models.Model.ModelTest" assertions="1" time="0.022738"/>
        <testcase name="test_WithOwner_owner_returns_HasOne" file="/app/vendor/gammamatrix/playground/tests/Unit/Models/Model/ModelTest.php" line="40" class="Tests\Unit\Playground\Models\Model\ModelTest" classname="Tests.Unit.Playground.Models.Model.ModelTest" assertions="1" time="0.022890"/>
        <testcase name="test_WithParent_parent_returns_HasOne" file="/app/vendor/gammamatrix/playground/tests/Unit/Models/Model/ModelTest.php" line="47" class="Tests\Unit\Playground\Models\Model\ModelTest" classname="Tests.Unit.Playground.Models.Model.ModelTest" assertions="1" time="0.023614"/>
      </testsuite>
      <testsuite name="Tests\Unit\Playground\Models\Scopes\ScopeFilterColumns\ModelTest" file="/app/vendor/gammamatrix/playground/tests/Unit/Models/Scopes/ScopeFilterColumns/ModelTest.php" tests="15" assertions="150" errors="0" failures="0" skipped="0" time="0.387440">
        <testcase name="test_scopeFilterColumns_returns_query_without_columns_or_filters" file="/app/vendor/gammamatrix/playground/tests/Unit/Models/Scopes/ScopeFilterColumns/ModelTest.php" line="36" class="Tests\Unit\Playground\Models\Scopes\ScopeFilterColumns\ModelTest" classname="Tests.Unit.Playground.Models.Scopes.ScopeFilterColumns.ModelTest" assertions="2" time="0.025454"/>
        <testcase name="test_scopeFilterColumns_returns_query_without_filters" file="/app/vendor/gammamatrix/playground/tests/Unit/Models/Scopes/ScopeFilterColumns/ModelTest.php" line="52" class="Tests\Unit\Playground\Models\Scopes\ScopeFilterColumns\ModelTest" classname="Tests.Unit.Playground.Models.Scopes.ScopeFilterColumns.ModelTest" assertions="4" time="0.024730"/>
        <testcase name="test_scopeFilterColumns_returns_query_with_invalid_column" file="/app/vendor/gammamatrix/playground/tests/Unit/Models/Scopes/ScopeFilterColumns/ModelTest.php" line="75" class="Tests\Unit\Playground\Models\Scopes\ScopeFilterColumns\ModelTest" classname="Tests.Unit.Playground.Models.Scopes.ScopeFilterColumns.ModelTest" assertions="4" time="0.023601"/>
        <testcase name="test_scopeFilterColumns_returns_query_with_filters_without_meta_for_strings" file="/app/vendor/gammamatrix/playground/tests/Unit/Models/Scopes/ScopeFilterColumns/ModelTest.php" line="105" class="Tests\Unit\Playground\Models\Scopes\ScopeFilterColumns\ModelTest" classname="Tests.Unit.Playground.Models.Scopes.ScopeFilterColumns.ModelTest" assertions="8" time="0.024046"/>
        <testcase name="test_scopeFilterColumns_returns_query_with_null_comparison_and_ignore" file="/app/vendor/gammamatrix/playground/tests/Unit/Models/Scopes/ScopeFilterColumns/ModelTest.php" line="143" class="Tests\Unit\Playground\Models\Scopes\ScopeFilterColumns\ModelTest" classname="Tests.Unit.Playground.Models.Scopes.ScopeFilterColumns.ModelTest" assertions="4" time="0.024429"/>
        <testcase name="test_scopeFilterColumns_returns_query_with_comparison" file="/app/vendor/gammamatrix/playground/tests/Unit/Models/Scopes/ScopeFilterColumns/ModelTest.php" line="174" class="Tests\Unit\Playground\Models\Scopes\ScopeFilterColumns\ModelTest" classname="Tests.Unit.Playground.Models.Scopes.ScopeFilterColumns.ModelTest" assertions="6" time="0.024546"/>
        <testcase name="test_scopeFilterColumns_with_boolean_filter_type_and_null_value" file="/app/vendor/gammamatrix/playground/tests/Unit/Models/Scopes/ScopeFilterColumns/ModelTest.php" line="206" class="Tests\Unit\Playground\Models\Scopes\ScopeFilterColumns\ModelTest" classname="Tests.Unit.Playground.Models.Scopes.ScopeFilterColumns.ModelTest" assertions="6" time="0.024759"/>
        <testcase name="test_scopeFilterColumns_with_boolean_filter_type_and_true_value" file="/app/vendor/gammamatrix/playground/tests/Unit/Models/Scopes/ScopeFilterColumns/ModelTest.php" line="240" class="Tests\Unit\Playground\Models\Scopes\ScopeFilterColumns\ModelTest" classname="Tests.Unit.Playground.Models.Scopes.ScopeFilterColumns.ModelTest" assertions="6" time="0.025322"/>
        <testcase name="test_scopeFilterColumns_with_boolean_filter_type_and_false_value" file="/app/vendor/gammamatrix/playground/tests/Unit/Models/Scopes/ScopeFilterColumns/ModelTest.php" line="274" class="Tests\Unit\Playground\Models\Scopes\ScopeFilterColumns\ModelTest" classname="Tests.Unit.Playground.Models.Scopes.ScopeFilterColumns.ModelTest" assertions="6" time="0.025342"/>
        <testcase name="test_scopeFilterColumns_with_filter_operator_without_operator_and_default_to_like" file="/app/vendor/gammamatrix/playground/tests/Unit/Models/Scopes/ScopeFilterColumns/ModelTest.php" line="308" class="Tests\Unit\Playground\Models\Scopes\ScopeFilterColumns\ModelTest" classname="Tests.Unit.Playground.Models.Scopes.ScopeFilterColumns.ModelTest" assertions="6" time="0.025532"/>
        <testcase name="test_scopeFilterColumns_with_filter_operators" file="/app/vendor/gammamatrix/playground/tests/Unit/Models/Scopes/ScopeFilterColumns/ModelTest.php" line="342" class="Tests\Unit\Playground\Models\Scopes\ScopeFilterColumns\ModelTest" classname="Tests.Unit.Playground.Models.Scopes.ScopeFilterColumns.ModelTest" assertions="74" time="0.033192"/>
        <testcase name="test_scopeFilterColumns_with_between_filter_operator_without_single_parameter_and_ignore_between" file="/app/vendor/gammamatrix/playground/tests/Unit/Models/Scopes/ScopeFilterColumns/ModelTest.php" line="429" class="Tests\Unit\Playground\Models\Scopes\ScopeFilterColumns\ModelTest" classname="Tests.Unit.Playground.Models.Scopes.ScopeFilterColumns.ModelTest" assertions="4" time="0.026889"/>
        <testcase name="test_scopeFilterColumns_with_between_filter_operator" file="/app/vendor/gammamatrix/playground/tests/Unit/Models/Scopes/ScopeFilterColumns/ModelTest.php" line="462" class="Tests\Unit\Playground\Models\Scopes\ScopeFilterColumns\ModelTest" classname="Tests.Unit.Playground.Models.Scopes.ScopeFilterColumns.ModelTest" assertions="8" time="0.026512"/>
        <testcase name="test_scopeFilterColumns_with_not_between_filter_operator_without_single_parameter_and_ignore_between" file="/app/vendor/gammamatrix/playground/tests/Unit/Models/Scopes/ScopeFilterColumns/ModelTest.php" line="499" class="Tests\Unit\Playground\Models\Scopes\ScopeFilterColumns\ModelTest" classname="Tests.Unit.Playground.Models.Scopes.ScopeFilterColumns.ModelTest" assertions="4" time="0.026314"/>
        <testcase name="test_scopeFilterColumns_with_not_between_filter_operator" file="/app/vendor/gammamatrix/playground/tests/Unit/Models/Scopes/ScopeFilterColumns/ModelTest.php" line="532" class="Tests\Unit\Playground\Models\Scopes\ScopeFilterColumns\ModelTest" classname="Tests.Unit.Playground.Models.Scopes.ScopeFilterColumns.ModelTest" assertions="8" time="0.026773"/>
      </testsuite>
      <testsuite name="Tests\Unit\Playground\Models\Scopes\ScopeFilterDates\ModelTest" file="/app/vendor/gammamatrix/playground/tests/Unit/Models/Scopes/ScopeFilterDates/ModelTest.php" tests="18" assertions="160" errors="0" failures="0" skipped="0" time="0.475364">
        <testcase name="test_scopeFilterDates_returns_query_without_dates_or_filters" file="/app/vendor/gammamatrix/playground/tests/Unit/Models/Scopes/ScopeFilterDates/ModelTest.php" line="36" class="Tests\Unit\Playground\Models\Scopes\ScopeFilterDates\ModelTest" classname="Tests.Unit.Playground.Models.Scopes.ScopeFilterDates.ModelTest" assertions="2" time="0.022823"/>
        <testcase name="test_scopeFilterDates_returns_query_without_filters" file="/app/vendor/gammamatrix/playground/tests/Unit/Models/Scopes/ScopeFilterDates/ModelTest.php" line="52" class="Tests\Unit\Playground\Models\Scopes\ScopeFilterDates\ModelTest" classname="Tests.Unit.Playground.Models.Scopes.ScopeFilterDates.ModelTest" assertions="4" time="0.023483"/>
        <testcase name="test_scopeFilterDates_returns_query_with_invalid_column" file="/app/vendor/gammamatrix/playground/tests/Unit/Models/Scopes/ScopeFilterDates/ModelTest.php" line="75" class="Tests\Unit\Playground\Models\Scopes\ScopeFilterDates\ModelTest" classname="Tests.Unit.Playground.Models.Scopes.ScopeFilterDates.ModelTest" assertions="4" time="0.023636"/>
        <testcase name="test_scopeFilterDates_returns_query_with_filters_without_meta_for_strings" file="/app/vendor/gammamatrix/playground/tests/Unit/Models/Scopes/ScopeFilterDates/ModelTest.php" line="105" class="Tests\Unit\Playground\Models\Scopes\ScopeFilterDates\ModelTest" classname="Tests.Unit.Playground.Models.Scopes.ScopeFilterDates.ModelTest" assertions="6" time="0.027037"/>
        <testcase name="test_scopeFilterDates_returns_query_with_null_comparison_and_ignore" file="/app/vendor/gammamatrix/playground/tests/Unit/Models/Scopes/ScopeFilterDates/ModelTest.php" line="140" class="Tests\Unit\Playground\Models\Scopes\ScopeFilterDates\ModelTest" classname="Tests.Unit.Playground.Models.Scopes.ScopeFilterDates.ModelTest" assertions="4" time="0.024284"/>
        <testcase name="test_scopeFilterDates_returns_query_with_null_comparison_and_allow" file="/app/vendor/gammamatrix/playground/tests/Unit/Models/Scopes/ScopeFilterDates/ModelTest.php" line="175" class="Tests\Unit\Playground\Models\Scopes\ScopeFilterDates\ModelTest" classname="Tests.Unit.Playground.Models.Scopes.ScopeFilterDates.ModelTest" assertions="4" time="0.024402"/>
        <testcase name="test_scopeFilterDates_returns_query_with_comparison" file="/app/vendor/gammamatrix/playground/tests/Unit/Models/Scopes/ScopeFilterDates/ModelTest.php" line="210" class="Tests\Unit\Playground\Models\Scopes\ScopeFilterDates\ModelTest" classname="Tests.Unit.Playground.Models.Scopes.ScopeFilterDates.ModelTest" assertions="6" time="0.025018"/>
        <testcase name="test_scopeFilterDates_returns_query_with_wildcard" file="/app/vendor/gammamatrix/playground/tests/Unit/Models/Scopes/ScopeFilterDates/ModelTest.php" line="243" class="Tests\Unit\Playground\Models\Scopes\ScopeFilterDates\ModelTest" classname="Tests.Unit.Playground.Models.Scopes.ScopeFilterDates.ModelTest" assertions="6" time="0.026969"/>
        <testcase name="test_scopeFilterDates_returns_query_with_operator_wildcard" file="/app/vendor/gammamatrix/playground/tests/Unit/Models/Scopes/ScopeFilterDates/ModelTest.php" line="275" class="Tests\Unit\Playground\Models\Scopes\ScopeFilterDates\ModelTest" classname="Tests.Unit.Playground.Models.Scopes.ScopeFilterDates.ModelTest" assertions="6" time="0.025436"/>
        <testcase name="test_scopeFilterDates_returns_query_with_object_value_and_ignore" file="/app/vendor/gammamatrix/playground/tests/Unit/Models/Scopes/ScopeFilterDates/ModelTest.php" line="309" class="Tests\Unit\Playground\Models\Scopes\ScopeFilterDates\ModelTest" classname="Tests.Unit.Playground.Models.Scopes.ScopeFilterDates.ModelTest" assertions="4" time="0.027100"/>
        <testcase name="test_scopeFilterDates_returns_query_with_unnullable_value_and_ignore" file="/app/vendor/gammamatrix/playground/tests/Unit/Models/Scopes/ScopeFilterDates/ModelTest.php" line="342" class="Tests\Unit\Playground\Models\Scopes\ScopeFilterDates\ModelTest" classname="Tests.Unit.Playground.Models.Scopes.ScopeFilterDates.ModelTest" assertions="4" time="0.025685"/>
        <testcase name="test_scopeFilterDates_returns_query_with_invalid_operator_and_use_like" file="/app/vendor/gammamatrix/playground/tests/Unit/Models/Scopes/ScopeFilterDates/ModelTest.php" line="374" class="Tests\Unit\Playground\Models\Scopes\ScopeFilterDates\ModelTest" classname="Tests.Unit.Playground.Models.Scopes.ScopeFilterDates.ModelTest" assertions="6" time="0.026820"/>
        <testcase name="test_scopeFilterDates_returns_query_with_invalid_parsable_value_and_ignore" file="/app/vendor/gammamatrix/playground/tests/Unit/Models/Scopes/ScopeFilterDates/ModelTest.php" line="412" class="Tests\Unit\Playground\Models\Scopes\ScopeFilterDates\ModelTest" classname="Tests.Unit.Playground.Models.Scopes.ScopeFilterDates.ModelTest" assertions="4" time="0.026656"/>
        <testcase name="test_scopeFilterDates_returns_query_with_short_date_and_gte_operator" file="/app/vendor/gammamatrix/playground/tests/Unit/Models/Scopes/ScopeFilterDates/ModelTest.php" line="445" class="Tests\Unit\Playground\Models\Scopes\ScopeFilterDates\ModelTest" classname="Tests.Unit.Playground.Models.Scopes.ScopeFilterDates.ModelTest" assertions="6" time="0.026758"/>
        <testcase name="test_scopeFilterDates_returns_query_with_phrase_date_and_automatically_parse" file="/app/vendor/gammamatrix/playground/tests/Unit/Models/Scopes/ScopeFilterDates/ModelTest.php" line="480" class="Tests\Unit\Playground\Models\Scopes\ScopeFilterDates\ModelTest" classname="Tests.Unit.Playground.Models.Scopes.ScopeFilterDates.ModelTest" assertions="6" time="0.028032"/>
        <testcase name="test_scopeFilterDates_with_between_filter_operator_with_parse" file="/app/vendor/gammamatrix/playground/tests/Unit/Models/Scopes/ScopeFilterDates/ModelTest.php" line="518" class="Tests\Unit\Playground\Models\Scopes\ScopeFilterDates\ModelTest" classname="Tests.Unit.Playground.Models.Scopes.ScopeFilterDates.ModelTest" assertions="7" time="0.027904"/>
        <testcase name="test_scopeFilterDates_with_not_between_filter_operator_with_parse" file="/app/vendor/gammamatrix/playground/tests/Unit/Models/Scopes/ScopeFilterDates/ModelTest.php" line="563" class="Tests\Unit\Playground\Models\Scopes\ScopeFilterDates\ModelTest" classname="Tests.Unit.Playground.Models.Scopes.ScopeFilterDates.ModelTest" assertions="7" time="0.028012"/>
        <testcase name="test_scopeFilterDates_with_filter_operators" file="/app/vendor/gammamatrix/playground/tests/Unit/Models/Scopes/ScopeFilterDates/ModelTest.php" line="608" class="Tests\Unit\Playground\Models\Scopes\ScopeFilterDates\ModelTest" classname="Tests.Unit.Playground.Models.Scopes.ScopeFilterDates.ModelTest" assertions="74" time="0.035310"/>
      </testsuite>
      <testsuite name="Tests\Unit\Playground\Models\Scopes\ScopeFilterFlags\ModelTest" file="/app/vendor/gammamatrix/playground/tests/Unit/Models/Scopes/ScopeFilterFlags/ModelTest.php" tests="3" assertions="14" errors="0" failures="0" skipped="0" time="0.071154">
        <testcase name="test_scopeFilterFlags_returns_query_without_flags_or_filters" file="/app/vendor/gammamatrix/playground/tests/Unit/Models/Scopes/ScopeFilterFlags/ModelTest.php" line="36" class="Tests\Unit\Playground\Models\Scopes\ScopeFilterFlags\ModelTest" classname="Tests.Unit.Playground.Models.Scopes.ScopeFilterFlags.ModelTest" assertions="2" time="0.024095"/>
        <testcase name="test_scopeFilterFlags_returns_query_without_filters" file="/app/vendor/gammamatrix/playground/tests/Unit/Models/Scopes/ScopeFilterFlags/ModelTest.php" line="52" class="Tests\Unit\Playground\Models\Scopes\ScopeFilterFlags\ModelTest" classname="Tests.Unit.Playground.Models.Scopes.ScopeFilterFlags.ModelTest" assertions="4" time="0.023287"/>
        <testcase name="test_scopeFilterFlags_returns_query_with_filters" file="/app/vendor/gammamatrix/playground/tests/Unit/Models/Scopes/ScopeFilterFlags/ModelTest.php" line="75" class="Tests\Unit\Playground\Models\Scopes\ScopeFilterFlags\ModelTest" classname="Tests.Unit.Playground.Models.Scopes.ScopeFilterFlags.ModelTest" assertions="8" time="0.023772"/>
      </testsuite>
      <testsuite name="Tests\Unit\Playground\Models\Scopes\ScopeFilterIds\ModelTest" file="/app/vendor/gammamatrix/playground/tests/Unit/Models/Scopes/ScopeFilterIds/ModelTest.php" tests="11" assertions="70" errors="0" failures="0" skipped="0" time="0.309576">
        <testcase name="test_scopeFilterIds_returns_query_without_ids_or_filters" file="/app/vendor/gammamatrix/playground/tests/Unit/Models/Scopes/ScopeFilterIds/ModelTest.php" line="36" class="Tests\Unit\Playground\Models\Scopes\ScopeFilterIds\ModelTest" classname="Tests.Unit.Playground.Models.Scopes.ScopeFilterIds.ModelTest" assertions="2" time="0.022762"/>
        <testcase name="test_scopeFilterIds_returns_query_without_filters" file="/app/vendor/gammamatrix/playground/tests/Unit/Models/Scopes/ScopeFilterIds/ModelTest.php" line="52" class="Tests\Unit\Playground\Models\Scopes\ScopeFilterIds\ModelTest" classname="Tests.Unit.Playground.Models.Scopes.ScopeFilterIds.ModelTest" assertions="4" time="0.023482"/>
        <testcase name="test_scopeFilterIds_returns_query_with_invalid_column" file="/app/vendor/gammamatrix/playground/tests/Unit/Models/Scopes/ScopeFilterIds/ModelTest.php" line="75" class="Tests\Unit\Playground\Models\Scopes\ScopeFilterIds\ModelTest" classname="Tests.Unit.Playground.Models.Scopes.ScopeFilterIds.ModelTest" assertions="4" time="0.023972"/>
        <testcase name="test_scopeFilterIds_returns_query_with_null_comparison" file="/app/vendor/gammamatrix/playground/tests/Unit/Models/Scopes/ScopeFilterIds/ModelTest.php" line="105" class="Tests\Unit\Playground\Models\Scopes\ScopeFilterIds\ModelTest" classname="Tests.Unit.Playground.Models.Scopes.ScopeFilterIds.ModelTest" assertions="4" time="0.024285"/>
        <testcase name="test_scopeFilterIds_returns_query_with_comparison" file="/app/vendor/gammamatrix/playground/tests/Unit/Models/Scopes/ScopeFilterIds/ModelTest.php" line="136" class="Tests\Unit\Playground\Models\Scopes\ScopeFilterIds\ModelTest" classname="Tests.Unit.Playground.Models.Scopes.ScopeFilterIds.ModelTest" assertions="6" time="0.024835"/>
        <testcase name="test_scopeFilterIds_returns_query_with_filters_array" file="/app/vendor/gammamatrix/playground/tests/Unit/Models/Scopes/ScopeFilterIds/ModelTest.php" line="168" class="Tests\Unit\Playground\Models\Scopes\ScopeFilterIds\ModelTest" classname="Tests.Unit.Playground.Models.Scopes.ScopeFilterIds.ModelTest" assertions="10" time="0.048750"/>
        <testcase name="test_scopeFilterIds_returns_query_with_filters_with_integer" file="/app/vendor/gammamatrix/playground/tests/Unit/Models/Scopes/ScopeFilterIds/ModelTest.php" line="218" class="Tests\Unit\Playground\Models\Scopes\ScopeFilterIds\ModelTest" classname="Tests.Unit.Playground.Models.Scopes.ScopeFilterIds.ModelTest" assertions="6" time="0.027938"/>
        <testcase name="test_scopeFilterIds_returns_query_with_array_of_ids_without_type" file="/app/vendor/gammamatrix/playground/tests/Unit/Models/Scopes/ScopeFilterIds/ModelTest.php" line="259" class="Tests\Unit\Playground\Models\Scopes\ScopeFilterIds\ModelTest" classname="Tests.Unit.Playground.Models.Scopes.ScopeFilterIds.ModelTest" assertions="10" time="0.027934"/>
        <testcase name="test_scopeFilterIds_returns_query_with_array_of_uuids_for_integer_type_ids_and_ignore" file="/app/vendor/gammamatrix/playground/tests/Unit/Models/Scopes/ScopeFilterIds/ModelTest.php" line="307" class="Tests\Unit\Playground\Models\Scopes\ScopeFilterIds\ModelTest" classname="Tests.Unit.Playground.Models.Scopes.ScopeFilterIds.ModelTest" assertions="4" time="0.027651"/>
        <testcase name="test_scopeFilterIds_returns_query_with_array_of_integer_ids_ignore_duplicate_id" file="/app/vendor/gammamatrix/playground/tests/Unit/Models/Scopes/ScopeFilterIds/ModelTest.php" line="348" class="Tests\Unit\Playground\Models\Scopes\ScopeFilterIds\ModelTest" classname="Tests.Unit.Playground.Models.Scopes.ScopeFilterIds.ModelTest" assertions="8" time="0.027874"/>
        <testcase name="test_scopeFilterIds_returns_query_with_filters_with_null_and_string_and_array" file="/app/vendor/gammamatrix/playground/tests/Unit/Models/Scopes/ScopeFilterIds/ModelTest.php" line="394" class="Tests\Unit\Playground\Models\Scopes\ScopeFilterIds\ModelTest" classname="Tests.Unit.Playground.Models.Scopes.ScopeFilterIds.ModelTest" assertions="12" time="0.030095"/>
      </testsuite>
      <testsuite name="Tests\Unit\Playground\Models\Scopes\ScopeFilterTrash\ModelTest" file="/app/vendor/gammamatrix/playground/tests/Unit/Models/Scopes/ScopeFilterTrash/ModelTest.php" tests="3" assertions="6" errors="0" failures="0" skipped="0" time="0.076159">
        <testcase name="test_scopeFilterTrash_returns_query_with_empty_visibility" file="/app/vendor/gammamatrix/playground/tests/Unit/Models/Scopes/ScopeFilterTrash/ModelTest.php" line="36" class="Tests\Unit\Playground\Models\Scopes\ScopeFilterTrash\ModelTest" classname="Tests.Unit.Playground.Models.Scopes.ScopeFilterTrash.ModelTest" assertions="2" time="0.024393"/>
        <testcase name="test_scopeFilterTrash_returns_query_with_trash" file="/app/vendor/gammamatrix/playground/tests/Unit/Models/Scopes/ScopeFilterTrash/ModelTest.php" line="52" class="Tests\Unit\Playground\Models\Scopes\ScopeFilterTrash\ModelTest" classname="Tests.Unit.Playground.Models.Scopes.ScopeFilterTrash.ModelTest" assertions="2" time="0.026018"/>
        <testcase name="test_scopeFilterTrash_returns_query_with_only_trash" file="/app/vendor/gammamatrix/playground/tests/Unit/Models/Scopes/ScopeFilterTrash/ModelTest.php" line="70" class="Tests\Unit\Playground\Models\Scopes\ScopeFilterTrash\ModelTest" classname="Tests.Unit.Playground.Models.Scopes.ScopeFilterTrash.ModelTest" assertions="2" time="0.025749"/>
      </testsuite>
      <testsuite name="Tests\Unit\Playground\Models\Scopes\ScopeSort\ModelTest" file="/app/vendor/gammamatrix/playground/tests/Unit/Models/Scopes/ScopeSort/ModelTest.php" tests="11" assertions="23" errors="0" failures="0" skipped="0" time="0.283028">
        <testcase name="test_scopeSort_returns_query_with_empty_sort" file="/app/vendor/gammamatrix/playground/tests/Unit/Models/Scopes/ScopeSort/ModelTest.php" line="36" class="Tests\Unit\Playground\Models\Scopes\ScopeSort\ModelTest" classname="Tests.Unit.Playground.Models.Scopes.ScopeSort.ModelTest" assertions="3" time="0.024379"/>
        <testcase name="test_scopeSort_returns_query_with_array_boolean_sort_asc" file="/app/vendor/gammamatrix/playground/tests/Unit/Models/Scopes/ScopeSort/ModelTest.php" line="54" class="Tests\Unit\Playground\Models\Scopes\ScopeSort\ModelTest" classname="Tests.Unit.Playground.Models.Scopes.ScopeSort.ModelTest" assertions="2" time="0.027026"/>
        <testcase name="test_scopeSort_returns_query_with_array_boolean_sort_desc" file="/app/vendor/gammamatrix/playground/tests/Unit/Models/Scopes/ScopeSort/ModelTest.php" line="74" class="Tests\Unit\Playground\Models\Scopes\ScopeSort\ModelTest" classname="Tests.Unit.Playground.Models.Scopes.ScopeSort.ModelTest" assertions="2" time="0.024733"/>
        <testcase name="test_scopeSort_returns_query_with_array_boolean_sort_pair" file="/app/vendor/gammamatrix/playground/tests/Unit/Models/Scopes/ScopeSort/ModelTest.php" line="94" class="Tests\Unit\Playground\Models\Scopes\ScopeSort\ModelTest" classname="Tests.Unit.Playground.Models.Scopes.ScopeSort.ModelTest" assertions="2" time="0.024640"/>
        <testcase name="test_scopeSort_returns_query_with_array_boolean_sort_triplet" file="/app/vendor/gammamatrix/playground/tests/Unit/Models/Scopes/ScopeSort/ModelTest.php" line="115" class="Tests\Unit\Playground\Models\Scopes\ScopeSort\ModelTest" classname="Tests.Unit.Playground.Models.Scopes.ScopeSort.ModelTest" assertions="2" time="0.025076"/>
        <testcase name="test_scopeSort_returns_query_with_csv_sort_asc" file="/app/vendor/gammamatrix/playground/tests/Unit/Models/Scopes/ScopeSort/ModelTest.php" line="137" class="Tests\Unit\Playground\Models\Scopes\ScopeSort\ModelTest" classname="Tests.Unit.Playground.Models.Scopes.ScopeSort.ModelTest" assertions="2" time="0.027055"/>
        <testcase name="test_scopeSort_returns_query_with_csv_sort_desc" file="/app/vendor/gammamatrix/playground/tests/Unit/Models/Scopes/ScopeSort/ModelTest.php" line="153" class="Tests\Unit\Playground\Models\Scopes\ScopeSort\ModelTest" classname="Tests.Unit.Playground.Models.Scopes.ScopeSort.ModelTest" assertions="2" time="0.025345"/>
        <testcase name="test_scopeSort_returns_query_with_simple_array_asc" file="/app/vendor/gammamatrix/playground/tests/Unit/Models/Scopes/ScopeSort/ModelTest.php" line="178" class="Tests\Unit\Playground\Models\Scopes\ScopeSort\ModelTest" classname="Tests.Unit.Playground.Models.Scopes.ScopeSort.ModelTest" assertions="2" time="0.025462"/>
        <testcase name="test_scopeSort_returns_query_with_simple_array_desc" file="/app/vendor/gammamatrix/playground/tests/Unit/Models/Scopes/ScopeSort/ModelTest.php" line="196" class="Tests\Unit\Playground\Models\Scopes\ScopeSort\ModelTest" classname="Tests.Unit.Playground.Models.Scopes.ScopeSort.ModelTest" assertions="2" time="0.026002"/>
        <testcase name="test_scopeSort_returns_query_with_hash_array_asc" file="/app/vendor/gammamatrix/playground/tests/Unit/Models/Scopes/ScopeSort/ModelTest.php" line="214" class="Tests\Unit\Playground\Models\Scopes\ScopeSort\ModelTest" classname="Tests.Unit.Playground.Models.Scopes.ScopeSort.ModelTest" assertions="2" time="0.026826"/>
        <testcase name="test_scopeSort_returns_query_with_hash_array_desc" file="/app/vendor/gammamatrix/playground/tests/Unit/Models/Scopes/ScopeSort/ModelTest.php" line="234" class="Tests\Unit\Playground\Models\Scopes\ScopeSort\ModelTest" classname="Tests.Unit.Playground.Models.Scopes.ScopeSort.ModelTest" assertions="2" time="0.026485"/>
      </testsuite>
      <testsuite name="Tests\Unit\Playground\Models\User\ModelTest" file="/app/vendor/gammamatrix/playground/tests/Unit/Models/User/ModelTest.php" tests="4" assertions="39" errors="0" failures="0" skipped="0" time="0.156338">
        <testcase name="test_add_has_and_remove_Abilities" file="/app/vendor/gammamatrix/playground/tests/Unit/Models/User/ModelTest.php" line="17" class="Tests\Unit\Playground\Models\User\ModelTest" classname="Tests.Unit.Playground.Models.User.ModelTest" assertions="9" time="0.082697"/>
        <testcase name="test_add_has_and_remove_Privileges" file="/app/vendor/gammamatrix/playground/tests/Unit/Models/User/ModelTest.php" line="51" class="Tests\Unit\Playground\Models\User\ModelTest" classname="Tests.Unit.Playground.Models.User.ModelTest" assertions="9" time="0.024367"/>
        <testcase name="test_add_has_and_remove_Roles" file="/app/vendor/gammamatrix/playground/tests/Unit/Models/User/ModelTest.php" line="85" class="Tests\Unit\Playground\Models\User\ModelTest" classname="Tests.Unit.Playground.Models.User.ModelTest" assertions="15" time="0.025055"/>
        <testcase name="test_isAdmin_with_admins_and_users" file="/app/vendor/gammamatrix/playground/tests/Unit/Models/User/ModelTest.php" line="146" class="Tests\Unit\Playground\Models\User\ModelTest" classname="Tests.Unit.Playground.Models.User.ModelTest" assertions="6" time="0.024219"/>
      </testsuite>
      <testsuite name="Tests\Unit\Playground\ServiceProvider\InstanceTest" file="/app/vendor/gammamatrix/playground/tests/Unit/ServiceProvider/InstanceTest.php" tests="5" assertions="8" errors="0" failures="0" skipped="0" time="0.122811">
        <testcase name="test_version" file="/app/vendor/gammamatrix/playground/tests/Unit/ServiceProvider/InstanceTest.php" line="19" class="Tests\Unit\Playground\ServiceProvider\InstanceTest" classname="Tests.Unit.Playground.ServiceProvider.InstanceTest" assertions="2" time="0.021781"/>
        <testcase name="test_userPrimaryKeyType_with_empty_model" file="/app/vendor/gammamatrix/playground/tests/Unit/ServiceProvider/InstanceTest.php" line="25" class="Tests\Unit\Playground\ServiceProvider\InstanceTest" classname="Tests.Unit.Playground.ServiceProvider.InstanceTest" assertions="1" time="0.023276"/>
        <testcase name="test_userPrimaryKeyType_with_incrementing_model" file="/app/vendor/gammamatrix/playground/tests/Unit/ServiceProvider/InstanceTest.php" line="39" class="Tests\Unit\Playground\ServiceProvider\InstanceTest" classname="Tests.Unit.Playground.ServiceProvider.InstanceTest" assertions="1" time="0.029235"/>
        <testcase name="test_userPrimaryKeyType_with_uuid_model" file="/app/vendor/gammamatrix/playground/tests/Unit/ServiceProvider/InstanceTest.php" line="53" class="Tests\Unit\Playground\ServiceProvider\InstanceTest" classname="Tests.Unit.Playground.ServiceProvider.InstanceTest" assertions="1" time="0.023473"/>
        <testcase name="test_userPrimaryKeyType_with_exception" file="/app/vendor/gammamatrix/playground/tests/Unit/ServiceProvider/InstanceTest.php" line="67" class="Tests\Unit\Playground\ServiceProvider\InstanceTest" classname="Tests.Unit.Playground.ServiceProvider.InstanceTest" assertions="3" time="0.025046"/>
      </testsuite>
      <testsuite name="Tests\Unit\Playground\Auth\Console\Commands\HashPassword\CommandTest" file="/app/vendor/gammamatrix/playground-auth/tests/Unit/Console/Commands/HashPassword/CommandTest.php" tests="3" assertions="5" errors="0" failures="0" skipped="0" time="0.184489">
        <testcase name="test_command_auth_hash_password_with_json" file="/app/vendor/gammamatrix/playground-auth/tests/Unit/Console/Commands/HashPassword/CommandTest.php" line="17" class="Tests\Unit\Playground\Auth\Console\Commands\HashPassword\CommandTest" classname="Tests.Unit.Playground.Auth.Console.Commands.HashPassword.CommandTest" assertions="2" time="0.124649"/>
        <testcase name="test_command_auth_hash_password" file="/app/vendor/gammamatrix/playground-auth/tests/Unit/Console/Commands/HashPassword/CommandTest.php" line="29" class="Tests\Unit\Playground\Auth\Console\Commands\HashPassword\CommandTest" classname="Tests.Unit.Playground.Auth.Console.Commands.HashPassword.CommandTest" assertions="1" time="0.027432"/>
        <testcase name="test_command_auth_hash_password_without_argument_and_fail" file="/app/vendor/gammamatrix/playground-auth/tests/Unit/Console/Commands/HashPassword/CommandTest.php" line="38" class="Tests\Unit\Playground\Auth\Console\Commands\HashPassword\CommandTest" classname="Tests.Unit.Playground.Auth.Console.Commands.HashPassword.CommandTest" assertions="2" time="0.032409"/>
      </testsuite>
      <testsuite name="Tests\Unit\Playground\Auth\Policies\ModelPolicy\AbstractRoleTest" file="/app/vendor/gammamatrix/playground-auth/tests/Unit/Policies/ModelPolicy/AbstractRoleTest.php" tests="24" assertions="30" errors="0" failures="0" skipped="0" time="0.787110">
        <testcase name="test_create_without_role" file="/app/vendor/gammamatrix/playground-auth/tests/Unit/Policies/ModelPolicy/AbstractRoleTest.php" line="32" class="Tests\Unit\Playground\Auth\Policies\ModelPolicy\AbstractRoleTest" classname="Tests.Unit.Playground.Auth.Policies.ModelPolicy.AbstractRoleTest" assertions="1" time="0.112470"/>
        <testcase name="test_create_with_admin" file="/app/vendor/gammamatrix/playground-auth/tests/Unit/Policies/ModelPolicy/AbstractRoleTest.php" line="44" class="Tests\Unit\Playground\Auth\Policies\ModelPolicy\AbstractRoleTest" classname="Tests.Unit.Playground.Auth.Policies.ModelPolicy.AbstractRoleTest" assertions="1" time="0.026012"/>
        <testcase name="test_delete_without_role" file="/app/vendor/gammamatrix/playground-auth/tests/Unit/Policies/ModelPolicy/AbstractRoleTest.php" line="63" class="Tests\Unit\Playground\Auth\Policies\ModelPolicy\AbstractRoleTest" classname="Tests.Unit.Playground.Auth.Policies.ModelPolicy.AbstractRoleTest" assertions="1" time="0.026671"/>
        <testcase name="test_delete_with_admin" file="/app/vendor/gammamatrix/playground-auth/tests/Unit/Policies/ModelPolicy/AbstractRoleTest.php" line="77" class="Tests\Unit\Playground\Auth\Policies\ModelPolicy\AbstractRoleTest" classname="Tests.Unit.Playground.Auth.Policies.ModelPolicy.AbstractRoleTest" assertions="1" time="0.026192"/>
        <testcase name="test_delete_locked_with_admin" file="/app/vendor/gammamatrix/playground-auth/tests/Unit/Policies/ModelPolicy/AbstractRoleTest.php" line="99" class="Tests\Unit\Playground\Auth\Policies\ModelPolicy\AbstractRoleTest" classname="Tests.Unit.Playground.Auth.Policies.ModelPolicy.AbstractRoleTest" assertions="4" time="0.030069"/>
        <testcase name="test_detail_without_role" file="/app/vendor/gammamatrix/playground-auth/tests/Unit/Policies/ModelPolicy/AbstractRoleTest.php" line="136" class="Tests\Unit\Playground\Auth\Policies\ModelPolicy\AbstractRoleTest" classname="Tests.Unit.Playground.Auth.Policies.ModelPolicy.AbstractRoleTest" assertions="1" time="0.027200"/>
        <testcase name="test_detail_with_admin" file="/app/vendor/gammamatrix/playground-auth/tests/Unit/Policies/ModelPolicy/AbstractRoleTest.php" line="150" class="Tests\Unit\Playground\Auth\Policies\ModelPolicy\AbstractRoleTest" classname="Tests.Unit.Playground.Auth.Policies.ModelPolicy.AbstractRoleTest" assertions="1" time="0.026931"/>
        <testcase name="test_edit_without_role" file="/app/vendor/gammamatrix/playground-auth/tests/Unit/Policies/ModelPolicy/AbstractRoleTest.php" line="172" class="Tests\Unit\Playground\Auth\Policies\ModelPolicy\AbstractRoleTest" classname="Tests.Unit.Playground.Auth.Policies.ModelPolicy.AbstractRoleTest" assertions="1" time="0.027887"/>
        <testcase name="test_edit_with_admin" file="/app/vendor/gammamatrix/playground-auth/tests/Unit/Policies/ModelPolicy/AbstractRoleTest.php" line="186" class="Tests\Unit\Playground\Auth\Policies\ModelPolicy\AbstractRoleTest" classname="Tests.Unit.Playground.Auth.Policies.ModelPolicy.AbstractRoleTest" assertions="1" time="0.027761"/>
        <testcase name="test_forceDelete_without_role" file="/app/vendor/gammamatrix/playground-auth/tests/Unit/Policies/ModelPolicy/AbstractRoleTest.php" line="208" class="Tests\Unit\Playground\Auth\Policies\ModelPolicy\AbstractRoleTest" classname="Tests.Unit.Playground.Auth.Policies.ModelPolicy.AbstractRoleTest" assertions="1" time="0.028155"/>
        <testcase name="test_forceDelete_with_admin" file="/app/vendor/gammamatrix/playground-auth/tests/Unit/Policies/ModelPolicy/AbstractRoleTest.php" line="222" class="Tests\Unit\Playground\Auth\Policies\ModelPolicy\AbstractRoleTest" classname="Tests.Unit.Playground.Auth.Policies.ModelPolicy.AbstractRoleTest" assertions="1" time="0.028050"/>
        <testcase name="test_lock_without_role" file="/app/vendor/gammamatrix/playground-auth/tests/Unit/Policies/ModelPolicy/AbstractRoleTest.php" line="244" class="Tests\Unit\Playground\Auth\Policies\ModelPolicy\AbstractRoleTest" classname="Tests.Unit.Playground.Auth.Policies.ModelPolicy.AbstractRoleTest" assertions="1" time="0.029552"/>
        <testcase name="test_lock_with_admin" file="/app/vendor/gammamatrix/playground-auth/tests/Unit/Policies/ModelPolicy/AbstractRoleTest.php" line="258" class="Tests\Unit\Playground\Auth\Policies\ModelPolicy\AbstractRoleTest" classname="Tests.Unit.Playground.Auth.Policies.ModelPolicy.AbstractRoleTest" assertions="1" time="0.028610"/>
        <testcase name="test_manage_without_role" file="/app/vendor/gammamatrix/playground-auth/tests/Unit/Policies/ModelPolicy/AbstractRoleTest.php" line="280" class="Tests\Unit\Playground\Auth\Policies\ModelPolicy\AbstractRoleTest" classname="Tests.Unit.Playground.Auth.Policies.ModelPolicy.AbstractRoleTest" assertions="1" time="0.029208"/>
        <testcase name="test_manage_with_admin" file="/app/vendor/gammamatrix/playground-auth/tests/Unit/Policies/ModelPolicy/AbstractRoleTest.php" line="294" class="Tests\Unit\Playground\Auth\Policies\ModelPolicy\AbstractRoleTest" classname="Tests.Unit.Playground.Auth.Policies.ModelPolicy.AbstractRoleTest" assertions="1" time="0.031983"/>
        <testcase name="test_restore_without_role" file="/app/vendor/gammamatrix/playground-auth/tests/Unit/Policies/ModelPolicy/AbstractRoleTest.php" line="316" class="Tests\Unit\Playground\Auth\Policies\ModelPolicy\AbstractRoleTest" classname="Tests.Unit.Playground.Auth.Policies.ModelPolicy.AbstractRoleTest" assertions="1" time="0.031121"/>
        <testcase name="test_restore_with_admin" file="/app/vendor/gammamatrix/playground-auth/tests/Unit/Policies/ModelPolicy/AbstractRoleTest.php" line="330" class="Tests\Unit\Playground\Auth\Policies\ModelPolicy\AbstractRoleTest" classname="Tests.Unit.Playground.Auth.Policies.ModelPolicy.AbstractRoleTest" assertions="1" time="0.029842"/>
        <testcase name="test_store_without_role" file="/app/vendor/gammamatrix/playground-auth/tests/Unit/Policies/ModelPolicy/AbstractRoleTest.php" line="352" class="Tests\Unit\Playground\Auth\Policies\ModelPolicy\AbstractRoleTest" classname="Tests.Unit.Playground.Auth.Policies.ModelPolicy.AbstractRoleTest" assertions="1" time="0.030183"/>
        <testcase name="test_store_with_admin" file="/app/vendor/gammamatrix/playground-auth/tests/Unit/Policies/ModelPolicy/AbstractRoleTest.php" line="364" class="Tests\Unit\Playground\Auth\Policies\ModelPolicy\AbstractRoleTest" classname="Tests.Unit.Playground.Auth.Policies.ModelPolicy.AbstractRoleTest" assertions="1" time="0.029999"/>
        <testcase name="test_update_without_role" file="/app/vendor/gammamatrix/playground-auth/tests/Unit/Policies/ModelPolicy/AbstractRoleTest.php" line="384" class="Tests\Unit\Playground\Auth\Policies\ModelPolicy\AbstractRoleTest" classname="Tests.Unit.Playground.Auth.Policies.ModelPolicy.AbstractRoleTest" assertions="1" time="0.032985"/>
        <testcase name="test_update_with_admin" file="/app/vendor/gammamatrix/playground-auth/tests/Unit/Policies/ModelPolicy/AbstractRoleTest.php" line="398" class="Tests\Unit\Playground\Auth\Policies\ModelPolicy\AbstractRoleTest" classname="Tests.Unit.Playground.Auth.Policies.ModelPolicy.AbstractRoleTest" assertions="1" time="0.030609"/>
        <testcase name="test_update_locked_with_admin" file="/app/vendor/gammamatrix/playground-auth/tests/Unit/Policies/ModelPolicy/AbstractRoleTest.php" line="420" class="Tests\Unit\Playground\Auth\Policies\ModelPolicy\AbstractRoleTest" classname="Tests.Unit.Playground.Auth.Policies.ModelPolicy.AbstractRoleTest" assertions="4" time="0.030976"/>
        <testcase name="test_unlock_without_role" file="/app/vendor/gammamatrix/playground-auth/tests/Unit/Policies/ModelPolicy/AbstractRoleTest.php" line="457" class="Tests\Unit\Playground\Auth\Policies\ModelPolicy\AbstractRoleTest" classname="Tests.Unit.Playground.Auth.Policies.ModelPolicy.AbstractRoleTest" assertions="1" time="0.031353"/>
        <testcase name="test_unlock_with_admin" file="/app/vendor/gammamatrix/playground-auth/tests/Unit/Policies/ModelPolicy/AbstractRoleTest.php" line="471" class="Tests\Unit\Playground\Auth\Policies\ModelPolicy\AbstractRoleTest" classname="Tests.Unit.Playground.Auth.Policies.ModelPolicy.AbstractRoleTest" assertions="1" time="0.033292"/>
      </testsuite>
      <testsuite name="Tests\Unit\Playground\Auth\Policies\Policy\AbstractTest" file="/app/vendor/gammamatrix/playground-auth/tests/Unit/Policies/Policy/AbstractTest.php" tests="7" assertions="7" errors="0" failures="0" skipped="0" time="0.185945">
        <testcase name="test_before_with_root" file="/app/vendor/gammamatrix/playground-auth/tests/Unit/Policies/Policy/AbstractTest.php" line="32" class="Tests\Unit\Playground\Auth\Policies\Policy\AbstractTest" classname="Tests.Unit.Playground.Auth.Policies.Policy.AbstractTest" assertions="1" time="0.025820"/>
        <testcase name="test_before_with_root_as_secondary_fails" file="/app/vendor/gammamatrix/playground-auth/tests/Unit/Policies/Policy/AbstractTest.php" line="53" class="Tests\Unit\Playground\Auth\Policies\Policy\AbstractTest" classname="Tests.Unit.Playground.Auth.Policies.Policy.AbstractTest" assertions="1" time="0.025454"/>
        <testcase name="test_index_without_role" file="/app/vendor/gammamatrix/playground-auth/tests/Unit/Policies/Policy/AbstractTest.php" line="77" class="Tests\Unit\Playground\Auth\Policies\Policy\AbstractTest" classname="Tests.Unit.Playground.Auth.Policies.Policy.AbstractTest" assertions="1" time="0.028105"/>
        <testcase name="test_index_with_admin" file="/app/vendor/gammamatrix/playground-auth/tests/Unit/Policies/Policy/AbstractTest.php" line="89" class="Tests\Unit\Playground\Auth\Policies\Policy\AbstractTest" classname="Tests.Unit.Playground.Auth.Policies.Policy.AbstractTest" assertions="1" time="0.026062"/>
        <testcase name="test_view_without_role" file="/app/vendor/gammamatrix/playground-auth/tests/Unit/Policies/Policy/AbstractTest.php" line="108" class="Tests\Unit\Playground\Auth\Policies\Policy\AbstractTest" classname="Tests.Unit.Playground.Auth.Policies.Policy.AbstractTest" assertions="1" time="0.026579"/>
        <testcase name="test_view_with_admin" file="/app/vendor/gammamatrix/playground-auth/tests/Unit/Policies/Policy/AbstractTest.php" line="120" class="Tests\Unit\Playground\Auth\Policies\Policy\AbstractTest" classname="Tests.Unit.Playground.Auth.Policies.Policy.AbstractTest" assertions="1" time="0.026484"/>
        <testcase name="test_view_with_admin_in_roles" file="/app/vendor/gammamatrix/playground-auth/tests/Unit/Policies/Policy/AbstractTest.php" line="141" class="Tests\Unit\Playground\Auth\Policies\Policy\AbstractTest" classname="Tests.Unit.Playground.Auth.Policies.Policy.AbstractTest" assertions="1" time="0.027441"/>
      </testsuite>
      <testsuite name="Tests\Unit\Playground\Auth\Policies\PolicyTrait\TraitTest" file="/app/vendor/gammamatrix/playground-auth/tests/Unit/Policies/PolicyTrait/TraitTest.php" tests="11" assertions="15" errors="0" failures="0" skipped="0" time="0.294119">
        <testcase name="test_getEntity" file="/app/vendor/gammamatrix/playground-auth/tests/Unit/Policies/PolicyTrait/TraitTest.php" line="20" class="Tests\Unit\Playground\Auth\Policies\PolicyTrait\TraitTest" classname="Tests.Unit.Playground.Auth.Policies.PolicyTrait.TraitTest" assertions="1" time="0.022627"/>
        <testcase name="test_getPackage" file="/app/vendor/gammamatrix/playground-auth/tests/Unit/Policies/PolicyTrait/TraitTest.php" line="26" class="Tests\Unit\Playground\Auth\Policies\PolicyTrait\TraitTest" classname="Tests.Unit.Playground.Auth.Policies.PolicyTrait.TraitTest" assertions="1" time="0.023443"/>
        <testcase name="test_hasToken" file="/app/vendor/gammamatrix/playground-auth/tests/Unit/Policies/PolicyTrait/TraitTest.php" line="32" class="Tests\Unit\Playground\Auth\Policies\PolicyTrait\TraitTest" classname="Tests.Unit.Playground.Auth.Policies.PolicyTrait.TraitTest" assertions="1" time="0.025031"/>
        <testcase name="test_getToken" file="/app/vendor/gammamatrix/playground-auth/tests/Unit/Policies/PolicyTrait/TraitTest.php" line="38" class="Tests\Unit\Playground\Auth\Policies\PolicyTrait\TraitTest" classname="Tests.Unit.Playground.Auth.Policies.PolicyTrait.TraitTest" assertions="1" time="0.024804"/>
        <testcase name="test_setToken" file="/app/vendor/gammamatrix/playground-auth/tests/Unit/Policies/PolicyTrait/TraitTest.php" line="44" class="Tests\Unit\Playground\Auth\Policies\PolicyTrait\TraitTest" classname="Tests.Unit.Playground.Auth.Policies.PolicyTrait.TraitTest" assertions="1" time="0.024577"/>
        <testcase name="test_verify_does_not_log_when_app_debugging_is_disabled" file="/app/vendor/gammamatrix/playground-auth/tests/Unit/Policies/PolicyTrait/TraitTest.php" line="50" class="Tests\Unit\Playground\Auth\Policies\PolicyTrait\TraitTest" classname="Tests.Unit.Playground.Auth.Policies.PolicyTrait.TraitTest" assertions="2" time="0.031965"/>
        <testcase name="test_verify_does_not_log_when_auth_debugging_is_disabled" file="/app/vendor/gammamatrix/playground-auth/tests/Unit/Policies/PolicyTrait/TraitTest.php" line="77" class="Tests\Unit\Playground\Auth\Policies\PolicyTrait\TraitTest" classname="Tests.Unit.Playground.Auth.Policies.PolicyTrait.TraitTest" assertions="2" time="0.028175"/>
        <testcase name="test_verify_logs_with_debugging_enabled" file="/app/vendor/gammamatrix/playground-auth/tests/Unit/Policies/PolicyTrait/TraitTest.php" line="104" class="Tests\Unit\Playground\Auth\Policies\PolicyTrait\TraitTest" classname="Tests.Unit.Playground.Auth.Policies.PolicyTrait.TraitTest" assertions="3" time="0.028958"/>
        <testcase name="test_verify_privileges" file="/app/vendor/gammamatrix/playground-auth/tests/Unit/Policies/PolicyTrait/TraitTest.php" line="140" class="Tests\Unit\Playground\Auth\Policies\PolicyTrait\TraitTest" classname="Tests.Unit.Playground.Auth.Policies.PolicyTrait.TraitTest" assertions="1" time="0.028069"/>
        <testcase name="test_verify_roles" file="/app/vendor/gammamatrix/playground-auth/tests/Unit/Policies/PolicyTrait/TraitTest.php" line="161" class="Tests\Unit\Playground\Auth\Policies\PolicyTrait\TraitTest" classname="Tests.Unit.Playground.Auth.Policies.PolicyTrait.TraitTest" assertions="1" time="0.028662"/>
        <testcase name="test_verify_user" file="/app/vendor/gammamatrix/playground-auth/tests/Unit/Policies/PolicyTrait/TraitTest.php" line="182" class="Tests\Unit\Playground\Auth\Policies\PolicyTrait\TraitTest" classname="Tests.Unit.Playground.Auth.Policies.PolicyTrait.TraitTest" assertions="1" time="0.027809"/>
      </testsuite>
      <testsuite name="Tests\Unit\Playground\Auth\Policies\PrivilegeTrait\TraitTest" file="/app/vendor/gammamatrix/playground-auth/tests/Unit/Policies/PrivilegeTrait/TraitTest.php" tests="9" assertions="9" errors="0" failures="0" skipped="0" time="0.243214">
        <testcase name="test_privilege_PrivilegePolicy_without_parameter" file="/app/vendor/gammamatrix/playground-auth/tests/Unit/Policies/PrivilegeTrait/TraitTest.php" line="23" class="Tests\Unit\Playground\Auth\Policies\PrivilegeTrait\TraitTest" classname="Tests.Unit.Playground.Auth.Policies.PrivilegeTrait.TraitTest" assertions="1" time="0.023181"/>
        <testcase name="test_privilege_PrivilegeModelPolicy_without_parameter" file="/app/vendor/gammamatrix/playground-auth/tests/Unit/Policies/PrivilegeTrait/TraitTest.php" line="32" class="Tests\Unit\Playground\Auth\Policies\PrivilegeTrait\TraitTest" classname="Tests.Unit.Playground.Auth.Policies.PrivilegeTrait.TraitTest" assertions="1" time="0.023230"/>
        <testcase name="test_privilege_UserPolicy_without_parameter" file="/app/vendor/gammamatrix/playground-auth/tests/Unit/Policies/PrivilegeTrait/TraitTest.php" line="41" class="Tests\Unit\Playground\Auth\Policies\PrivilegeTrait\TraitTest" classname="Tests.Unit.Playground.Auth.Policies.PrivilegeTrait.TraitTest" assertions="1" time="0.023325"/>
        <testcase name="test_privilege_with_package_and_without_parameter" file="/app/vendor/gammamatrix/playground-auth/tests/Unit/Policies/PrivilegeTrait/TraitTest.php" line="50" class="Tests\Unit\Playground\Auth\Policies\PrivilegeTrait\TraitTest" classname="Tests.Unit.Playground.Auth.Policies.PrivilegeTrait.TraitTest" assertions="1" time="0.023120"/>
        <testcase name="test_privilege_with_package_and_entity_and_without_parameter" file="/app/vendor/gammamatrix/playground-auth/tests/Unit/Policies/PrivilegeTrait/TraitTest.php" line="59" class="Tests\Unit\Playground\Auth\Policies\PrivilegeTrait\TraitTest" classname="Tests.Unit.Playground.Auth.Policies.PrivilegeTrait.TraitTest" assertions="1" time="0.027998"/>
        <testcase name="test_hasPrivilege" file="/app/vendor/gammamatrix/playground-auth/tests/Unit/Policies/PrivilegeTrait/TraitTest.php" line="68" class="Tests\Unit\Playground\Auth\Policies\PrivilegeTrait\TraitTest" classname="Tests.Unit.Playground.Auth.Policies.PrivilegeTrait.TraitTest" assertions="1" time="0.030204"/>
        <testcase name="test_hasPrivilege_with_user_hasPrivilege" file="/app/vendor/gammamatrix/playground-auth/tests/Unit/Policies/PrivilegeTrait/TraitTest.php" line="87" class="Tests\Unit\Playground\Auth\Policies\PrivilegeTrait\TraitTest" classname="Tests.Unit.Playground.Auth.Policies.PrivilegeTrait.TraitTest" assertions="1" time="0.030717"/>
        <testcase name="test_hasPrivilege_with_user_privileges" file="/app/vendor/gammamatrix/playground-auth/tests/Unit/Policies/PrivilegeTrait/TraitTest.php" line="110" class="Tests\Unit\Playground\Auth\Policies\PrivilegeTrait\TraitTest" classname="Tests.Unit.Playground.Auth.Policies.PrivilegeTrait.TraitTest" assertions="1" time="0.027431"/>
        <testcase name="test_hasPrivilege_without_privileges_enabled" file="/app/vendor/gammamatrix/playground-auth/tests/Unit/Policies/PrivilegeTrait/TraitTest.php" line="133" class="Tests\Unit\Playground\Auth\Policies\PrivilegeTrait\TraitTest" classname="Tests.Unit.Playground.Auth.Policies.PrivilegeTrait.TraitTest" assertions="1" time="0.034008"/>
      </testsuite>
      <testsuite name="Tests\Unit\Playground\Auth\Policies\RoleTrait\TraitTest" file="/app/vendor/gammamatrix/playground-auth/tests/Unit/Policies/RoleTrait/TraitTest.php" tests="5" assertions="5" errors="0" failures="0" skipped="0" time="0.124251">
        <testcase name="test_getRolesForAdmin" file="/app/vendor/gammamatrix/playground-auth/tests/Unit/Policies/RoleTrait/TraitTest.php" line="20" class="Tests\Unit\Playground\Auth\Policies\RoleTrait\TraitTest" classname="Tests.Unit.Playground.Auth.Policies.RoleTrait.TraitTest" assertions="1" time="0.024130"/>
        <testcase name="test_getRolesForAction" file="/app/vendor/gammamatrix/playground-auth/tests/Unit/Policies/RoleTrait/TraitTest.php" line="33" class="Tests\Unit\Playground\Auth\Policies\RoleTrait\TraitTest" classname="Tests.Unit.Playground.Auth.Policies.RoleTrait.TraitTest" assertions="1" time="0.023293"/>
        <testcase name="test_getRolesToView" file="/app/vendor/gammamatrix/playground-auth/tests/Unit/Policies/RoleTrait/TraitTest.php" line="46" class="Tests\Unit\Playground\Auth\Policies\RoleTrait\TraitTest" classname="Tests.Unit.Playground.Auth.Policies.RoleTrait.TraitTest" assertions="1" time="0.023564"/>
        <testcase name="test_hasRole" file="/app/vendor/gammamatrix/playground-auth/tests/Unit/Policies/RoleTrait/TraitTest.php" line="59" class="Tests\Unit\Playground\Auth\Policies\RoleTrait\TraitTest" classname="Tests.Unit.Playground.Auth.Policies.RoleTrait.TraitTest" assertions="1" time="0.026600"/>
        <testcase name="test_hasRole_advanced_role" file="/app/vendor/gammamatrix/playground-auth/tests/Unit/Policies/RoleTrait/TraitTest.php" line="75" class="Tests\Unit\Playground\Auth\Policies\RoleTrait\TraitTest" classname="Tests.Unit.Playground.Auth.Policies.RoleTrait.TraitTest" assertions="1" time="0.026665"/>
      </testsuite>
      <testsuite name="Tests\Unit\Playground\Cms\Models\Page\ModelTest" file="/app/vendor/gammamatrix/playground-cms/tests/Unit/Models/Page/ModelTest.php" tests="3" assertions="9" errors="0" failures="0" skipped="0" time="0.141603">
        <testcase name="test_model_instance" file="/app/vendor/gammamatrix/playground-test/src/Unit/Models/ModelCase.php" line="103" class="Tests\Unit\Playground\Cms\Models\Page\ModelTest" classname="Tests.Unit.Playground.Cms.Models.Page.ModelTest" assertions="1" time="0.061455"/>
        <testcase name="test_verify_model_relationships" file="/app/vendor/gammamatrix/playground-test/src/Unit/Models/ModelCase.php" line="264" class="Tests\Unit\Playground\Cms\Models\Page\ModelTest" classname="Tests.Unit.Playground.Cms.Models.Page.ModelTest" assertions="5" time="0.055581"/>
        <testcase name="test_model_factory_make" file="/app/vendor/gammamatrix/playground-test/src/Unit/Models/ModelCase.php" line="280" class="Tests\Unit\Playground\Cms\Models\Page\ModelTest" classname="Tests.Unit.Playground.Cms.Models.Page.ModelTest" assertions="3" time="0.024567"/>
      </testsuite>
      <testsuite name="Tests\Unit\Playground\Cms\Models\PageRevision\ModelTest" file="/app/vendor/gammamatrix/playground-cms/tests/Unit/Models/PageRevision/ModelTest.php" tests="3" assertions="8" errors="0" failures="0" skipped="0" time="0.073737">
        <testcase name="test_model_instance" file="/app/vendor/gammamatrix/playground-test/src/Unit/Models/ModelCase.php" line="103" class="Tests\Unit\Playground\Cms\Models\PageRevision\ModelTest" classname="Tests.Unit.Playground.Cms.Models.PageRevision.ModelTest" assertions="1" time="0.022123"/>
        <testcase name="test_verify_model_relationships" file="/app/vendor/gammamatrix/playground-test/src/Unit/Models/ModelCase.php" line="264" class="Tests\Unit\Playground\Cms\Models\PageRevision\ModelTest" classname="Tests.Unit.Playground.Cms.Models.PageRevision.ModelTest" assertions="4" time="0.027169"/>
        <testcase name="test_model_factory_make" file="/app/vendor/gammamatrix/playground-test/src/Unit/Models/ModelCase.php" line="280" class="Tests\Unit\Playground\Cms\Models\PageRevision\ModelTest" classname="Tests.Unit.Playground.Cms.Models.PageRevision.ModelTest" assertions="3" time="0.024444"/>
      </testsuite>
      <testsuite name="Tests\Unit\Playground\Cms\Models\Snippet\ModelTest" file="/app/vendor/gammamatrix/playground-cms/tests/Unit/Models/Snippet/ModelTest.php" tests="3" assertions="9" errors="0" failures="0" skipped="0" time="0.124819">
        <testcase name="test_model_instance" file="/app/vendor/gammamatrix/playground-test/src/Unit/Models/ModelCase.php" line="103" class="Tests\Unit\Playground\Cms\Models\Snippet\ModelTest" classname="Tests.Unit.Playground.Cms.Models.Snippet.ModelTest" assertions="1" time="0.047956"/>
        <testcase name="test_verify_model_relationships" file="/app/vendor/gammamatrix/playground-test/src/Unit/Models/ModelCase.php" line="264" class="Tests\Unit\Playground\Cms\Models\Snippet\ModelTest" classname="Tests.Unit.Playground.Cms.Models.Snippet.ModelTest" assertions="5" time="0.051337"/>
        <testcase name="test_model_factory_make" file="/app/vendor/gammamatrix/playground-test/src/Unit/Models/ModelCase.php" line="280" class="Tests\Unit\Playground\Cms\Models\Snippet\ModelTest" classname="Tests.Unit.Playground.Cms.Models.Snippet.ModelTest" assertions="3" time="0.025527"/>
      </testsuite>
      <testsuite name="Tests\Unit\Playground\Cms\Models\SnippetRevision\ModelTest" file="/app/vendor/gammamatrix/playground-cms/tests/Unit/Models/SnippetRevision/ModelTest.php" tests="3" assertions="8" errors="0" failures="0" skipped="0" time="0.073240">
        <testcase name="test_model_instance" file="/app/vendor/gammamatrix/playground-test/src/Unit/Models/ModelCase.php" line="103" class="Tests\Unit\Playground\Cms\Models\SnippetRevision\ModelTest" classname="Tests.Unit.Playground.Cms.Models.SnippetRevision.ModelTest" assertions="1" time="0.023392"/>
        <testcase name="test_verify_model_relationships" file="/app/vendor/gammamatrix/playground-test/src/Unit/Models/ModelCase.php" line="264" class="Tests\Unit\Playground\Cms\Models\SnippetRevision\ModelTest" classname="Tests.Unit.Playground.Cms.Models.SnippetRevision.ModelTest" assertions="4" time="0.025365"/>
        <testcase name="test_model_factory_make" file="/app/vendor/gammamatrix/playground-test/src/Unit/Models/ModelCase.php" line="280" class="Tests\Unit\Playground\Cms\Models\SnippetRevision\ModelTest" classname="Tests.Unit.Playground.Cms.Models.SnippetRevision.ModelTest" assertions="3" time="0.024482"/>
      </testsuite>
      <testsuite name="Tests\Unit\Playground\Cms\Api\Http\Requests\FormRequest\InstanceTest" file="/app/vendor/gammamatrix/playground-cms-api/tests/Unit/Http/Requests/FormRequest/InstanceTest.php" tests="5" assertions="6" errors="0" failures="0" skipped="0" time="0.214027">
        <testcase name="test_FormRequest_authorize_without_user" file="/app/vendor/gammamatrix/playground-cms-api/tests/Unit/Http/Requests/FormRequest/InstanceTest.php" line="21" class="Tests\Unit\Playground\Cms\Api\Http\Requests\FormRequest\InstanceTest" classname="Tests.Unit.Playground.Cms.Api.Http.Requests.FormRequest.InstanceTest" assertions="1" time="0.089286"/>
        <testcase name="test_RULES_is_empty_by_default" file="/app/vendor/gammamatrix/playground-cms-api/tests/Unit/Http/Requests/FormRequest/InstanceTest.php" line="28" class="Tests\Unit\Playground\Cms\Api\Http\Requests\FormRequest\InstanceTest" classname="Tests.Unit.Playground.Cms.Api.Http.Requests.FormRequest.InstanceTest" assertions="2" time="0.029107"/>
        <testcase name="test_userHasAdminPrivileges_without_user" file="/app/vendor/gammamatrix/playground-cms-api/tests/Unit/Http/Requests/FormRequest/InstanceTest.php" line="36" class="Tests\Unit\Playground\Cms\Api\Http\Requests\FormRequest\InstanceTest" classname="Tests.Unit.Playground.Cms.Api.Http.Requests.FormRequest.InstanceTest" assertions="1" time="0.028920"/>
        <testcase name="test_userHasAdminPrivileges_with_admin" file="/app/vendor/gammamatrix/playground-cms-api/tests/Unit/Http/Requests/FormRequest/InstanceTest.php" line="43" class="Tests\Unit\Playground\Cms\Api\Http\Requests\FormRequest\InstanceTest" classname="Tests.Unit.Playground.Cms.Api.Http.Requests.FormRequest.InstanceTest" assertions="1" time="0.033804"/>
        <testcase name="test_userHasAdminPrivileges_with_default_laravel_user" file="/app/vendor/gammamatrix/playground-cms-api/tests/Unit/Http/Requests/FormRequest/InstanceTest.php" line="55" class="Tests\Unit\Playground\Cms\Api\Http\Requests\FormRequest\InstanceTest" classname="Tests.Unit.Playground.Cms.Api.Http.Requests.FormRequest.InstanceTest" assertions="1" time="0.032910"/>
      </testsuite>
      <testsuite name="Tests\Unit\Playground\Cms\Api\Http\Requests\Page\CreateRequestTest" file="/app/vendor/gammamatrix/playground-cms-api/tests/Unit/Http/Requests/Page/CreateRequestTest.php" tests="1" assertions="1" errors="0" failures="0" skipped="0" time="0.043831">
        <testcase name="test_request_instance" file="/app/vendor/gammamatrix/playground-test/src/Unit/Http/Requests/RequestCase.php" line="41" class="Tests\Unit\Playground\Cms\Api\Http\Requests\Page\CreateRequestTest" classname="Tests.Unit.Playground.Cms.Api.Http.Requests.Page.CreateRequestTest" assertions="1" time="0.043831"/>
      </testsuite>
      <testsuite name="Tests\Unit\Playground\Cms\Api\Http\Requests\Page\StoreRequestTest" file="/app/vendor/gammamatrix/playground-cms-api/tests/Unit/Http/Requests/Page/StoreRequestTest.php" tests="3" assertions="8" errors="0" failures="0" skipped="0" time="0.199509">
        <testcase name="test_request_instance" file="/app/vendor/gammamatrix/playground-test/src/Unit/Http/Requests/RequestCase.php" line="41" class="Tests\Unit\Playground\Cms\Api\Http\Requests\Page\StoreRequestTest" classname="Tests.Unit.Playground.Cms.Api.Http.Requests.Page.StoreRequestTest" assertions="1" time="0.138563"/>
        <testcase name="test_StoreRequest_rules_with_optional_revisions_disabled" file="/app/vendor/gammamatrix/playground-cms-api/tests/Unit/Http/Requests/Page/StoreRequestTest.php" line="19" class="Tests\Unit\Playground\Cms\Api\Http\Requests\Page\StoreRequestTest" classname="Tests.Unit.Playground.Cms.Api.Http.Requests.Page.StoreRequestTest" assertions="3" time="0.030886"/>
        <testcase name="test_StoreRequest_rules_with_optional_revisions_enabled" file="/app/vendor/gammamatrix/playground-cms-api/tests/Unit/Http/Requests/Page/StoreRequestTest.php" line="29" class="Tests\Unit\Playground\Cms\Api\Http\Requests\Page\StoreRequestTest" classname="Tests.Unit.Playground.Cms.Api.Http.Requests.Page.StoreRequestTest" assertions="4" time="0.030059"/>
      </testsuite>
      <testsuite name="Tests\Unit\Playground\Cms\Api\Http\Requests\Page\UpdateRequestTest" file="/app/vendor/gammamatrix/playground-cms-api/tests/Unit/Http/Requests/Page/UpdateRequestTest.php" tests="3" assertions="8" errors="0" failures="0" skipped="0" time="0.111226">
        <testcase name="test_request_instance" file="/app/vendor/gammamatrix/playground-test/src/Unit/Http/Requests/RequestCase.php" line="41" class="Tests\Unit\Playground\Cms\Api\Http\Requests\Page\UpdateRequestTest" classname="Tests.Unit.Playground.Cms.Api.Http.Requests.Page.UpdateRequestTest" assertions="1" time="0.050059"/>
        <testcase name="test_UpdateRequest_rules_with_optional_revisions_disabled" file="/app/vendor/gammamatrix/playground-cms-api/tests/Unit/Http/Requests/Page/UpdateRequestTest.php" line="19" class="Tests\Unit\Playground\Cms\Api\Http\Requests\Page\UpdateRequestTest" classname="Tests.Unit.Playground.Cms.Api.Http.Requests.Page.UpdateRequestTest" assertions="3" time="0.031947"/>
        <testcase name="test_UpdateRequest_rules_with_optional_revisions_enabled" file="/app/vendor/gammamatrix/playground-cms-api/tests/Unit/Http/Requests/Page/UpdateRequestTest.php" line="29" class="Tests\Unit\Playground\Cms\Api\Http\Requests\Page\UpdateRequestTest" classname="Tests.Unit.Playground.Cms.Api.Http.Requests.Page.UpdateRequestTest" assertions="4" time="0.029220"/>
      </testsuite>
      <testsuite name="Tests\Unit\Playground\Cms\Api\Http\Requests\Snippet\CreateRequestTest" file="/app/vendor/gammamatrix/playground-cms-api/tests/Unit/Http/Requests/Snippet/CreateRequestTest.php" tests="1" assertions="1" errors="0" failures="0" skipped="0" time="0.045920">
        <testcase name="test_request_instance" file="/app/vendor/gammamatrix/playground-test/src/Unit/Http/Requests/RequestCase.php" line="41" class="Tests\Unit\Playground\Cms\Api\Http\Requests\Snippet\CreateRequestTest" classname="Tests.Unit.Playground.Cms.Api.Http.Requests.Snippet.CreateRequestTest" assertions="1" time="0.045920"/>
      </testsuite>
      <testsuite name="Tests\Unit\Playground\Cms\Api\Http\Requests\Snippet\StoreRequestTest" file="/app/vendor/gammamatrix/playground-cms-api/tests/Unit/Http/Requests/Snippet/StoreRequestTest.php" tests="3" assertions="8" errors="0" failures="0" skipped="0" time="0.109315">
        <testcase name="test_request_instance" file="/app/vendor/gammamatrix/playground-test/src/Unit/Http/Requests/RequestCase.php" line="41" class="Tests\Unit\Playground\Cms\Api\Http\Requests\Snippet\StoreRequestTest" classname="Tests.Unit.Playground.Cms.Api.Http.Requests.Snippet.StoreRequestTest" assertions="1" time="0.049739"/>
        <testcase name="test_StoreRequest_rules_with_optional_revisions_disabled" file="/app/vendor/gammamatrix/playground-cms-api/tests/Unit/Http/Requests/Snippet/StoreRequestTest.php" line="19" class="Tests\Unit\Playground\Cms\Api\Http\Requests\Snippet\StoreRequestTest" classname="Tests.Unit.Playground.Cms.Api.Http.Requests.Snippet.StoreRequestTest" assertions="3" time="0.029898"/>
        <testcase name="test_StoreRequest_rules_with_optional_revisions_enabled" file="/app/vendor/gammamatrix/playground-cms-api/tests/Unit/Http/Requests/Snippet/StoreRequestTest.php" line="29" class="Tests\Unit\Playground\Cms\Api\Http\Requests\Snippet\StoreRequestTest" classname="Tests.Unit.Playground.Cms.Api.Http.Requests.Snippet.StoreRequestTest" assertions="4" time="0.029678"/>
      </testsuite>
      <testsuite name="Tests\Unit\Playground\Cms\Api\Http\Requests\Snippet\UpdateRequestTest" file="/app/vendor/gammamatrix/playground-cms-api/tests/Unit/Http/Requests/Snippet/UpdateRequestTest.php" tests="3" assertions="8" errors="0" failures="0" skipped="0" time="0.104376">
        <testcase name="test_request_instance" file="/app/vendor/gammamatrix/playground-test/src/Unit/Http/Requests/RequestCase.php" line="41" class="Tests\Unit\Playground\Cms\Api\Http\Requests\Snippet\UpdateRequestTest" classname="Tests.Unit.Playground.Cms.Api.Http.Requests.Snippet.UpdateRequestTest" assertions="1" time="0.045667"/>
        <testcase name="test_UpdateRequest_rules_with_optional_revisions_disabled" file="/app/vendor/gammamatrix/playground-cms-api/tests/Unit/Http/Requests/Snippet/UpdateRequestTest.php" line="19" class="Tests\Unit\Playground\Cms\Api\Http\Requests\Snippet\UpdateRequestTest" classname="Tests.Unit.Playground.Cms.Api.Http.Requests.Snippet.UpdateRequestTest" assertions="3" time="0.028855"/>
        <testcase name="test_UpdateRequest_rules_with_optional_revisions_enabled" file="/app/vendor/gammamatrix/playground-cms-api/tests/Unit/Http/Requests/Snippet/UpdateRequestTest.php" line="29" class="Tests\Unit\Playground\Cms\Api\Http\Requests\Snippet\UpdateRequestTest" classname="Tests.Unit.Playground.Cms.Api.Http.Requests.Snippet.UpdateRequestTest" assertions="4" time="0.029854"/>
      </testsuite>
      <testsuite name="Tests\Unit\Playground\Cms\Api\Policies\PagePolicy\PolicyTest" file="/app/vendor/gammamatrix/playground-cms-api/tests/Unit/Policies/PagePolicy/PolicyTest.php" tests="1" assertions="1" errors="0" failures="0" skipped="0" time="0.027696">
        <testcase name="test_policy_instance" file="/app/vendor/gammamatrix/playground-cms-api/tests/Unit/Policies/PagePolicy/PolicyTest.php" line="17" class="Tests\Unit\Playground\Cms\Api\Policies\PagePolicy\PolicyTest" classname="Tests.Unit.Playground.Cms.Api.Policies.PagePolicy.PolicyTest" assertions="1" time="0.027696"/>
      </testsuite>
      <testsuite name="Tests\Unit\Playground\Cms\Api\Policies\SnippetPolicy\PolicyTest" file="/app/vendor/gammamatrix/playground-cms-api/tests/Unit/Policies/SnippetPolicy/PolicyTest.php" tests="1" assertions="1" errors="0" failures="0" skipped="0" time="0.036208">
        <testcase name="test_policy_instance" file="/app/vendor/gammamatrix/playground-cms-api/tests/Unit/Policies/SnippetPolicy/PolicyTest.php" line="17" class="Tests\Unit\Playground\Cms\Api\Policies\SnippetPolicy\PolicyTest" classname="Tests.Unit.Playground.Cms.Api.Policies.SnippetPolicy.PolicyTest" assertions="1" time="0.036208"/>
      </testsuite>
      <testsuite name="Tests\Unit\Playground\Cms\Api\ServiceProvider\InstanceTest" file="/app/vendor/gammamatrix/playground-cms-api/tests/Unit/ServiceProvider/InstanceTest.php" tests="4" assertions="8" errors="0" failures="0" skipped="0" time="0.122103">
        <testcase name="test_version_matches" file="/app/vendor/gammamatrix/playground-cms-api/tests/Unit/ServiceProvider/InstanceTest.php" line="20" class="Tests\Unit\Playground\Cms\Api\ServiceProvider\InstanceTest" classname="Tests.Unit.Playground.Cms.Api.ServiceProvider.InstanceTest" assertions="3" time="0.034129"/>
        <testcase name="test_setPolicies_with_empty_array" file="/app/vendor/gammamatrix/playground-cms-api/tests/Unit/ServiceProvider/InstanceTest.php" line="29" class="Tests\Unit\Playground\Cms\Api\ServiceProvider\InstanceTest" classname="Tests.Unit.Playground.Cms.Api.ServiceProvider.InstanceTest" assertions="1" time="0.029369"/>
        <testcase name="test_setPolicies_with_invalid_model" file="/app/vendor/gammamatrix/playground-cms-api/tests/Unit/ServiceProvider/InstanceTest.php" line="43" class="Tests\Unit\Playground\Cms\Api\ServiceProvider\InstanceTest" classname="Tests.Unit.Playground.Cms.Api.ServiceProvider.InstanceTest" assertions="2" time="0.029412"/>
        <testcase name="test_setPolicies_with_invalid_policy" file="/app/vendor/gammamatrix/playground-cms-api/tests/Unit/ServiceProvider/InstanceTest.php" line="72" class="Tests\Unit\Playground\Cms\Api\ServiceProvider\InstanceTest" classname="Tests.Unit.Playground.Cms.Api.ServiceProvider.InstanceTest" assertions="2" time="0.029192"/>
      </testsuite>
      <testsuite name="Tests\Unit\Playground\Http\Requests\Concerns\StoreContent\TraitTest" file="/app/vendor/gammamatrix/playground-http/tests/Unit/Requests/Concerns/StoreContent/TraitTest.php" tests="5" assertions="5" errors="0" failures="0" skipped="0" time="0.134000">
        <testcase name="test_purify" file="/app/vendor/gammamatrix/playground-http/tests/Unit/Requests/Concerns/StoreContent/TraitTest.php" line="17" class="Tests\Unit\Playground\Http\Requests\Concerns\StoreContent\TraitTest" classname="Tests.Unit.Playground.Http.Requests.Concerns.StoreContent.TraitTest" assertions="1" time="0.044118"/>
        <testcase name="test_exorcise" file="/app/vendor/gammamatrix/playground-http/tests/Unit/Requests/Concerns/StoreContent/TraitTest.php" line="26" class="Tests\Unit\Playground\Http\Requests\Concerns\StoreContent\TraitTest" classname="Tests.Unit.Playground.Http.Requests.Concerns.StoreContent.TraitTest" assertions="1" time="0.022274"/>
        <testcase name="test_getHtmlPurifier" file="/app/vendor/gammamatrix/playground-http/tests/Unit/Requests/Concerns/StoreContent/TraitTest.php" line="35" class="Tests\Unit\Playground\Http\Requests\Concerns\StoreContent\TraitTest" classname="Tests.Unit.Playground.Http.Requests.Concerns.StoreContent.TraitTest" assertions="1" time="0.022339"/>
        <testcase name="test_getHtmlPurifier_with_iframes" file="/app/vendor/gammamatrix/playground-http/tests/Unit/Requests/Concerns/StoreContent/TraitTest.php" line="45" class="Tests\Unit\Playground\Http\Requests\Concerns\StoreContent\TraitTest" classname="Tests.Unit.Playground.Http.Requests.Concerns.StoreContent.TraitTest" assertions="1" time="0.022483"/>
        <testcase name="test_getHtmlPurifier_with_purifier_path" file="/app/vendor/gammamatrix/playground-http/tests/Unit/Requests/Concerns/StoreContent/TraitTest.php" line="57" class="Tests\Unit\Playground\Http\Requests\Concerns\StoreContent\TraitTest" classname="Tests.Unit.Playground.Http.Requests.Concerns.StoreContent.TraitTest" assertions="1" time="0.022785"/>
      </testsuite>
      <testsuite name="Tests\Unit\Playground\Http\Requests\Concerns\StoreFilter\ArrayTraitTest" file="/app/vendor/gammamatrix/playground-http/tests/Unit/Requests/Concerns/StoreFilter/ArrayTraitTest.php" tests="2" assertions="12" errors="0" failures="0" skipped="0" time="0.043797">
        <testcase name="test_filterArray" file="/app/vendor/gammamatrix/playground-http/tests/Unit/Requests/Concerns/StoreFilter/ArrayTraitTest.php" line="25" class="Tests\Unit\Playground\Http\Requests\Concerns\StoreFilter\ArrayTraitTest" classname="Tests.Unit.Playground.Http.Requests.Concerns.StoreFilter.ArrayTraitTest" assertions="6" time="0.021697"/>
        <testcase name="test_filterArray_to_json" file="/app/vendor/gammamatrix/playground-http/tests/Unit/Requests/Concerns/StoreFilter/ArrayTraitTest.php" line="65" class="Tests\Unit\Playground\Http\Requests\Concerns\StoreFilter\ArrayTraitTest" classname="Tests.Unit.Playground.Http.Requests.Concerns.StoreFilter.ArrayTraitTest" assertions="6" time="0.022100"/>
      </testsuite>
      <testsuite name="Tests\Unit\Playground\Http\Requests\Concerns\StoreFilter\BitsTraitTest" file="/app/vendor/gammamatrix/playground-http/tests/Unit/Requests/Concerns/StoreFilter/BitsTraitTest.php" tests="2" assertions="7" errors="0" failures="0" skipped="0" time="0.045711">
        <testcase name="test_filterBits_for_exponent_zero" file="/app/vendor/gammamatrix/playground-http/tests/Unit/Requests/Concerns/StoreFilter/BitsTraitTest.php" line="25" class="Tests\Unit\Playground\Http\Requests\Concerns\StoreFilter\BitsTraitTest" classname="Tests.Unit.Playground.Http.Requests.Concerns.StoreFilter.BitsTraitTest" assertions="2" time="0.023255"/>
        <testcase name="test_filterBits_for_exponent_greater_than_zero" file="/app/vendor/gammamatrix/playground-http/tests/Unit/Requests/Concerns/StoreFilter/BitsTraitTest.php" line="41" class="Tests\Unit\Playground\Http\Requests\Concerns\StoreFilter\BitsTraitTest" classname="Tests.Unit.Playground.Http.Requests.Concerns.StoreFilter.BitsTraitTest" assertions="5" time="0.022456"/>
      </testsuite>
      <testsuite name="Tests\Unit\Playground\Http\Requests\Concerns\StoreFilter\DateTraitTest" file="/app/vendor/gammamatrix/playground-http/tests/Unit/Requests/Concerns/StoreFilter/DateTraitTest.php" tests="2" assertions="5" errors="0" failures="0" skipped="0" time="0.045646">
        <testcase name="test_filterDate" file="/app/vendor/gammamatrix/playground-http/tests/Unit/Requests/Concerns/StoreFilter/DateTraitTest.php" line="35" class="Tests\Unit\Playground\Http\Requests\Concerns\StoreFilter\DateTraitTest" classname="Tests.Unit.Playground.Http.Requests.Concerns.StoreFilter.DateTraitTest" assertions="2" time="0.022751"/>
        <testcase name="test_filterDateAsCarbon" file="/app/vendor/gammamatrix/playground-http/tests/Unit/Requests/Concerns/StoreFilter/DateTraitTest.php" line="58" class="Tests\Unit\Playground\Http\Requests\Concerns\StoreFilter\DateTraitTest" classname="Tests.Unit.Playground.Http.Requests.Concerns.StoreFilter.DateTraitTest" assertions="3" time="0.022894"/>
      </testsuite>
      <testsuite name="Tests\Unit\Playground\Http\Requests\Concerns\StoreFilter\NumberTraitTest" file="/app/vendor/gammamatrix/playground-http/tests/Unit/Requests/Concerns/StoreFilter/NumberTraitTest.php" tests="5" assertions="55" errors="0" failures="0" skipped="0" time="0.118382">
        <testcase name="test_filterFloat" file="/app/vendor/gammamatrix/playground-http/tests/Unit/Requests/Concerns/StoreFilter/NumberTraitTest.php" line="25" class="Tests\Unit\Playground\Http\Requests\Concerns\StoreFilter\NumberTraitTest" classname="Tests.Unit.Playground.Http.Requests.Concerns.StoreFilter.NumberTraitTest" assertions="4" time="0.022600"/>
        <testcase name="test_filterInteger" file="/app/vendor/gammamatrix/playground-http/tests/Unit/Requests/Concerns/StoreFilter/NumberTraitTest.php" line="41" class="Tests\Unit\Playground\Http\Requests\Concerns\StoreFilter\NumberTraitTest" classname="Tests.Unit.Playground.Http.Requests.Concerns.StoreFilter.NumberTraitTest" assertions="6" time="0.024128"/>
        <testcase name="test_filterIntegerId" file="/app/vendor/gammamatrix/playground-http/tests/Unit/Requests/Concerns/StoreFilter/NumberTraitTest.php" line="62" class="Tests\Unit\Playground\Http\Requests\Concerns\StoreFilter\NumberTraitTest" classname="Tests.Unit.Playground.Http.Requests.Concerns.StoreFilter.NumberTraitTest" assertions="12" time="0.022956"/>
        <testcase name="test_filterIntegerPositive" file="/app/vendor/gammamatrix/playground-http/tests/Unit/Requests/Concerns/StoreFilter/NumberTraitTest.php" line="86" class="Tests\Unit\Playground\Http\Requests\Concerns\StoreFilter\NumberTraitTest" classname="Tests.Unit.Playground.Http.Requests.Concerns.StoreFilter.NumberTraitTest" assertions="27" time="0.023612"/>
        <testcase name="test_filterPercent" file="/app/vendor/gammamatrix/playground-http/tests/Unit/Requests/Concerns/StoreFilter/NumberTraitTest.php" line="131" class="Tests\Unit\Playground\Http\Requests\Concerns\StoreFilter\NumberTraitTest" classname="Tests.Unit.Playground.Http.Requests.Concerns.StoreFilter.NumberTraitTest" assertions="6" time="0.025085"/>
      </testsuite>
      <testsuite name="Tests\Unit\Playground\Http\Requests\Concerns\StoreFilter\PhoneTraitTest" file="/app/vendor/gammamatrix/playground-http/tests/Unit/Requests/Concerns/StoreFilter/PhoneTraitTest.php" tests="1" assertions="4" errors="0" failures="0" skipped="0" time="0.022712">
        <testcase name="test_filterPhone" file="/app/vendor/gammamatrix/playground-http/tests/Unit/Requests/Concerns/StoreFilter/PhoneTraitTest.php" line="25" class="Tests\Unit\Playground\Http\Requests\Concerns\StoreFilter\PhoneTraitTest" classname="Tests.Unit.Playground.Http.Requests.Concerns.StoreFilter.PhoneTraitTest" assertions="4" time="0.022712"/>
      </testsuite>
      <testsuite name="Tests\Unit\Playground\Http\Requests\Concerns\StoreFilter\StatusTraitTest" file="/app/vendor/gammamatrix/playground-http/tests/Unit/Requests/Concerns/StoreFilter/StatusTraitTest.php" tests="5" assertions="5" errors="0" failures="0" skipped="0" time="0.122695">
        <testcase name="test_filterStatus_with_empty_input" file="/app/vendor/gammamatrix/playground-http/tests/Unit/Requests/Concerns/StoreFilter/StatusTraitTest.php" line="48" class="Tests\Unit\Playground\Http\Requests\Concerns\StoreFilter\StatusTraitTest" classname="Tests.Unit.Playground.Http.Requests.Concerns.StoreFilter.StatusTraitTest" assertions="1" time="0.022864"/>
        <testcase name="test_filterStatus_with_integer" file="/app/vendor/gammamatrix/playground-http/tests/Unit/Requests/Concerns/StoreFilter/StatusTraitTest.php" line="61" class="Tests\Unit\Playground\Http\Requests\Concerns\StoreFilter\StatusTraitTest" classname="Tests.Unit.Playground.Http.Requests.Concerns.StoreFilter.StatusTraitTest" assertions="1" time="0.026816"/>
        <testcase name="test_filterStatus_with_integer_as_string" file="/app/vendor/gammamatrix/playground-http/tests/Unit/Requests/Concerns/StoreFilter/StatusTraitTest.php" line="74" class="Tests\Unit\Playground\Http\Requests\Concerns\StoreFilter\StatusTraitTest" classname="Tests.Unit.Playground.Http.Requests.Concerns.StoreFilter.StatusTraitTest" assertions="1" time="0.024658"/>
        <testcase name="test_filterStatus_with_integer_as_negative_float" file="/app/vendor/gammamatrix/playground-http/tests/Unit/Requests/Concerns/StoreFilter/StatusTraitTest.php" line="87" class="Tests\Unit\Playground\Http\Requests\Concerns\StoreFilter\StatusTraitTest" classname="Tests.Unit.Playground.Http.Requests.Concerns.StoreFilter.StatusTraitTest" assertions="1" time="0.024231"/>
        <testcase name="test_filterStatus_with_map" file="/app/vendor/gammamatrix/playground-http/tests/Unit/Requests/Concerns/StoreFilter/StatusTraitTest.php" line="100" class="Tests\Unit\Playground\Http\Requests\Concerns\StoreFilter\StatusTraitTest" classname="Tests.Unit.Playground.Http.Requests.Concerns.StoreFilter.StatusTraitTest" assertions="1" time="0.024126"/>
      </testsuite>
      <testsuite name="Tests\Unit\Playground\Http\Requests\Concerns\StoreFilter\SystemFieldsTraitTest" file="/app/vendor/gammamatrix/playground-http/tests/Unit/Requests/Concerns/StoreFilter/SystemFieldsTraitTest.php" tests="6" assertions="10" errors="0" failures="0" skipped="0" time="0.150652">
        <testcase name="test_filterSystemFields_with_empty_input" file="/app/vendor/gammamatrix/playground-http/tests/Unit/Requests/Concerns/StoreFilter/SystemFieldsTraitTest.php" line="49" class="Tests\Unit\Playground\Http\Requests\Concerns\StoreFilter\SystemFieldsTraitTest" classname="Tests.Unit.Playground.Http.Requests.Concerns.StoreFilter.SystemFieldsTraitTest" assertions="1" time="0.023506"/>
        <testcase name="test_filterSystemFields_for_groups" file="/app/vendor/gammamatrix/playground-http/tests/Unit/Requests/Concerns/StoreFilter/SystemFieldsTraitTest.php" line="62" class="Tests\Unit\Playground\Http\Requests\Concerns\StoreFilter\SystemFieldsTraitTest" classname="Tests.Unit.Playground.Http.Requests.Concerns.StoreFilter.SystemFieldsTraitTest" assertions="1" time="0.025900"/>
        <testcase name="test_filterSystemFields_for_valid_permissions" file="/app/vendor/gammamatrix/playground-http/tests/Unit/Requests/Concerns/StoreFilter/SystemFieldsTraitTest.php" line="76" class="Tests\Unit\Playground\Http\Requests\Concerns\StoreFilter\SystemFieldsTraitTest" classname="Tests.Unit.Playground.Http.Requests.Concerns.StoreFilter.SystemFieldsTraitTest" assertions="1" time="0.023927"/>
        <testcase name="test_filterSystemFields_for_invalid_permissions" file="/app/vendor/gammamatrix/playground-http/tests/Unit/Requests/Concerns/StoreFilter/SystemFieldsTraitTest.php" line="100" class="Tests\Unit\Playground\Http\Requests\Concerns\StoreFilter\SystemFieldsTraitTest" classname="Tests.Unit.Playground.Http.Requests.Concerns.StoreFilter.SystemFieldsTraitTest" assertions="1" time="0.024838"/>
        <testcase name="test_filterSystemFields_for_rank" file="/app/vendor/gammamatrix/playground-http/tests/Unit/Requests/Concerns/StoreFilter/SystemFieldsTraitTest.php" line="123" class="Tests\Unit\Playground\Http\Requests\Concerns\StoreFilter\SystemFieldsTraitTest" classname="Tests.Unit.Playground.Http.Requests.Concerns.StoreFilter.SystemFieldsTraitTest" assertions="3" time="0.025032"/>
        <testcase name="test_filterSystemFields_for_size" file="/app/vendor/gammamatrix/playground-http/tests/Unit/Requests/Concerns/StoreFilter/SystemFieldsTraitTest.php" line="146" class="Tests\Unit\Playground\Http\Requests\Concerns\StoreFilter\SystemFieldsTraitTest" classname="Tests.Unit.Playground.Http.Requests.Concerns.StoreFilter.SystemFieldsTraitTest" assertions="3" time="0.027449"/>
      </testsuite>
      <testsuite name="Tests\Unit\Playground\Http\Requests\Concerns\StoreFilter\UuidTraitTest" file="/app/vendor/gammamatrix/playground-http/tests/Unit/Requests/Concerns/StoreFilter/UuidTraitTest.php" tests="1" assertions="2" errors="0" failures="0" skipped="0" time="0.024579">
        <testcase name="test_filterUuid" file="/app/vendor/gammamatrix/playground-http/tests/Unit/Requests/Concerns/StoreFilter/UuidTraitTest.php" line="24" class="Tests\Unit\Playground\Http\Requests\Concerns\StoreFilter\UuidTraitTest" classname="Tests.Unit.Playground.Http.Requests.Concerns.StoreFilter.UuidTraitTest" assertions="2" time="0.024579"/>
      </testsuite>
      <testsuite name="Tests\Unit\Playground\Http\Requests\Concerns\StoreFilter\ValueTraitTest" file="/app/vendor/gammamatrix/playground-http/tests/Unit/Requests/Concerns/StoreFilter/ValueTraitTest.php" tests="3" assertions="20" errors="0" failures="0" skipped="0" time="0.073647">
        <testcase name="test_filterBoolean" file="/app/vendor/gammamatrix/playground-http/tests/Unit/Requests/Concerns/StoreFilter/ValueTraitTest.php" line="27" class="Tests\Unit\Playground\Http\Requests\Concerns\StoreFilter\ValueTraitTest" classname="Tests.Unit.Playground.Http.Requests.Concerns.StoreFilter.ValueTraitTest" assertions="12" time="0.023079"/>
        <testcase name="test_filterEmail" file="/app/vendor/gammamatrix/playground-http/tests/Unit/Requests/Concerns/StoreFilter/ValueTraitTest.php" line="73" class="Tests\Unit\Playground\Http\Requests\Concerns\StoreFilter\ValueTraitTest" classname="Tests.Unit.Playground.Http.Requests.Concerns.StoreFilter.ValueTraitTest" assertions="6" time="0.022773"/>
        <testcase name="test_filterHtml" file="/app/vendor/gammamatrix/playground-http/tests/Unit/Requests/Concerns/StoreFilter/ValueTraitTest.php" line="101" class="Tests\Unit\Playground\Http\Requests\Concerns\StoreFilter\ValueTraitTest" classname="Tests.Unit.Playground.Http.Requests.Concerns.StoreFilter.ValueTraitTest" assertions="2" time="0.027795"/>
      </testsuite>
    </testsuite>
    <testsuite name="Feature" tests="109" assertions="2305" errors="0" failures="0" skipped="0" time="21.243249">
      <testsuite name="Tests\Feature\ExampleTest" file="/app/tests/Feature/ExampleTest.php" tests="1" assertions="1" errors="0" failures="0" skipped="0" time="0.101779">
        <testcase name="test_the_application_returns_a_successful_response" file="/app/tests/Feature/ExampleTest.php" line="13" class="Tests\Feature\ExampleTest" classname="Tests.Feature.ExampleTest" assertions="1" time="0.101779"/>
      </testsuite>
      <testsuite name="Tests\Feature\Playground\Console\Commands\About\CommandTest" file="/app/vendor/gammamatrix/playground/tests/Feature/Console/Commands/About/CommandTest.php" tests="1" assertions="2" errors="0" failures="0" skipped="0" time="0.113913">
        <testcase name="test_command_about_displays_package_information_and_succeed_with_code_0" file="/app/vendor/gammamatrix/playground/tests/Feature/Console/Commands/About/CommandTest.php" line="32" class="Tests\Feature\Playground\Console\Commands\About\CommandTest" classname="Tests.Feature.Playground.Console.Commands.About.CommandTest" assertions="2" time="0.113913"/>
      </testsuite>
      <testsuite name="Tests\Feature\Playground\Models\User\ModelTest" file="/app/vendor/gammamatrix/playground/tests/Feature/Models/User/ModelTest.php" tests="1" assertions="9" errors="0" failures="0" skipped="0" time="0.095578">
        <testcase name="test_save_model_in_database" file="/app/vendor/gammamatrix/playground/tests/Feature/Models/User/ModelTest.php" line="19" class="Tests\Feature\Playground\Models\User\ModelTest" classname="Tests.Feature.Playground.Models.User.ModelTest" assertions="9" time="0.095578"/>
      </testsuite>
      <testsuite name="Tests\Feature\Playground\Auth\Console\Commands\About\CommandTest" file="/app/vendor/gammamatrix/playground-auth/tests/Feature/Console/Commands/About/CommandTest.php" tests="1" assertions="2" errors="0" failures="0" skipped="0" time="0.127841">
        <testcase name="test_command_about_displays_package_information_and_succeed_with_code_0" file="/app/vendor/gammamatrix/playground-auth/tests/Feature/Console/Commands/About/CommandTest.php" line="22" class="Tests\Feature\Playground\Auth\Console\Commands\About\CommandTest" classname="Tests.Feature.Playground.Auth.Console.Commands.About.CommandTest" assertions="2" time="0.127841"/>
      </testsuite>
      <testsuite name="Tests\Feature\Playground\Cms\Console\Commands\About\CommandTest" file="/app/vendor/gammamatrix/playground-cms/tests/Feature/Console/Commands/About/CommandTest.php" tests="1" assertions="2" errors="0" failures="0" skipped="0" time="0.237200">
        <testcase name="test_command_about_displays_package_information_and_succeed_with_code_0" file="/app/vendor/gammamatrix/playground-cms/tests/Feature/Console/Commands/About/CommandTest.php" line="32" class="Tests\Feature\Playground\Cms\Console\Commands\About\CommandTest" classname="Tests.Feature.Playground.Cms.Console.Commands.About.CommandTest" assertions="2" time="0.237200"/>
      </testsuite>
      <testsuite name="Tests\Feature\Playground\Cms\Models\Page\ModelTest" file="/app/vendor/gammamatrix/playground-cms/tests/Feature/Models/Page/ModelTest.php" tests="3" assertions="36" errors="0" failures="0" skipped="0" time="0.560693">
        <testcase name="test_model_instance" file="/app/vendor/gammamatrix/playground-test/src/Feature/Models/ModelCase.php" line="109" class="Tests\Feature\Playground\Cms\Models\Page\ModelTest" classname="Tests.Feature.Playground.Cms.Models.Page.ModelTest" assertions="1" time="0.144255"/>
        <testcase name="test_verify_model_relationships" file="/app/vendor/gammamatrix/playground-test/src/Feature/Models/ModelCase.php" line="528" class="Tests\Feature\Playground\Cms\Models\Page\ModelTest" classname="Tests.Feature.Playground.Cms.Models.Page.ModelTest" assertions="32" time="0.264634"/>
        <testcase name="test_factory_create" file="/app/vendor/gammamatrix/playground-test/src/Feature/Models/ModelCase.php" line="549" class="Tests\Feature\Playground\Cms\Models\Page\ModelTest" classname="Tests.Feature.Playground.Cms.Models.Page.ModelTest" assertions="3" time="0.151804"/>
      </testsuite>
      <testsuite name="Tests\Feature\Playground\Cms\Models\PageRevision\ModelTest" file="/app/vendor/gammamatrix/playground-cms/tests/Feature/Models/PageRevision/ModelTest.php" tests="3" assertions="28" errors="0" failures="0" skipped="0" time="0.530385">
        <testcase name="test_model_instance" file="/app/vendor/gammamatrix/playground-test/src/Feature/Models/ModelCase.php" line="109" class="Tests\Feature\Playground\Cms\Models\PageRevision\ModelTest" classname="Tests.Feature.Playground.Cms.Models.PageRevision.ModelTest" assertions="1" time="0.145639"/>
        <testcase name="test_verify_model_relationships" file="/app/vendor/gammamatrix/playground-test/src/Feature/Models/ModelCase.php" line="528" class="Tests\Feature\Playground\Cms\Models\PageRevision\ModelTest" classname="Tests.Feature.Playground.Cms.Models.PageRevision.ModelTest" assertions="24" time="0.231208"/>
        <testcase name="test_factory_create" file="/app/vendor/gammamatrix/playground-test/src/Feature/Models/ModelCase.php" line="549" class="Tests\Feature\Playground\Cms\Models\PageRevision\ModelTest" classname="Tests.Feature.Playground.Cms.Models.PageRevision.ModelTest" assertions="3" time="0.153538"/>
      </testsuite>
      <testsuite name="Tests\Feature\Playground\Cms\Models\Snippet\ModelTest" file="/app/vendor/gammamatrix/playground-cms/tests/Feature/Models/Snippet/ModelTest.php" tests="3" assertions="36" errors="0" failures="0" skipped="0" time="0.558903">
        <testcase name="test_model_instance" file="/app/vendor/gammamatrix/playground-test/src/Feature/Models/ModelCase.php" line="109" class="Tests\Feature\Playground\Cms\Models\Snippet\ModelTest" classname="Tests.Feature.Playground.Cms.Models.Snippet.ModelTest" assertions="1" time="0.142261"/>
        <testcase name="test_verify_model_relationships" file="/app/vendor/gammamatrix/playground-test/src/Feature/Models/ModelCase.php" line="528" class="Tests\Feature\Playground\Cms\Models\Snippet\ModelTest" classname="Tests.Feature.Playground.Cms.Models.Snippet.ModelTest" assertions="32" time="0.263439"/>
        <testcase name="test_factory_create" file="/app/vendor/gammamatrix/playground-test/src/Feature/Models/ModelCase.php" line="549" class="Tests\Feature\Playground\Cms\Models\Snippet\ModelTest" classname="Tests.Feature.Playground.Cms.Models.Snippet.ModelTest" assertions="3" time="0.153203"/>
      </testsuite>
      <testsuite name="Tests\Feature\Playground\Cms\Models\SnippetRevision\ModelTest" file="/app/vendor/gammamatrix/playground-cms/tests/Feature/Models/SnippetRevision/ModelTest.php" tests="3" assertions="28" errors="0" failures="0" skipped="0" time="0.522013">
        <testcase name="test_model_instance" file="/app/vendor/gammamatrix/playground-test/src/Feature/Models/ModelCase.php" line="109" class="Tests\Feature\Playground\Cms\Models\SnippetRevision\ModelTest" classname="Tests.Feature.Playground.Cms.Models.SnippetRevision.ModelTest" assertions="1" time="0.148546"/>
        <testcase name="test_verify_model_relationships" file="/app/vendor/gammamatrix/playground-test/src/Feature/Models/ModelCase.php" line="528" class="Tests\Feature\Playground\Cms\Models\SnippetRevision\ModelTest" classname="Tests.Feature.Playground.Cms.Models.SnippetRevision.ModelTest" assertions="24" time="0.225412"/>
        <testcase name="test_factory_create" file="/app/vendor/gammamatrix/playground-test/src/Feature/Models/ModelCase.php" line="549" class="Tests\Feature\Playground\Cms\Models\SnippetRevision\ModelTest" classname="Tests.Feature.Playground.Cms.Models.SnippetRevision.ModelTest" assertions="3" time="0.148056"/>
      </testsuite>
      <testsuite name="Tests\Feature\Playground\Cms\Api\Console\Commands\About\CommandTest" file="/app/vendor/gammamatrix/playground-cms-api/tests/Feature/Console/Commands/About/CommandTest.php" tests="1" assertions="2" errors="0" failures="0" skipped="0" time="0.277896">
        <testcase name="test_command_about_displays_package_information_and_succeed_with_code_0" file="/app/vendor/gammamatrix/playground-cms-api/tests/Feature/Console/Commands/About/CommandTest.php" line="19" class="Tests\Feature\Playground\Cms\Api\Console\Commands\About\CommandTest" classname="Tests.Feature.Playground.Cms.Api.Console.Commands.About.CommandTest" assertions="2" time="0.277896"/>
      </testsuite>
      <testsuite name="Tests\Feature\Playground\Cms\Api\Http\Controllers\Playground\PageRouteTest" file="/app/vendor/gammamatrix/playground-cms-api/tests/Feature/Http/Controllers/Playground/PageRouteTest.php" tests="44" assertions="1077" errors="0" failures="0" skipped="0" time="8.896864">
        <testcase name="test_json_guest_cannot_get_create_info" file="/app/vendor/gammamatrix/playground-test/src/Feature/Http/Controllers/Resource/Playground/CreateJsonTrait.php" line="38" class="Tests\Feature\Playground\Cms\Api\Http\Controllers\Playground\PageRouteTest" classname="Tests.Feature.Playground.Cms.Api.Http.Controllers.Playground.PageRouteTest" assertions="1" time="0.214648"/>
        <testcase name="test_json_admin_can_get_create_info" file="/app/vendor/gammamatrix/playground-test/src/Feature/Http/Controllers/Resource/Playground/CreateJsonTrait.php" line="53" class="Tests\Feature\Playground\Cms\Api\Http\Controllers\Playground\PageRouteTest" classname="Tests.Feature.Playground.Cms.Api.Http.Controllers.Playground.PageRouteTest" assertions="73" time="0.199313"/>
        <testcase name="test_json_get_create_info_as_admin_with_invalid_parameter_and_fail_validation" file="/app/vendor/gammamatrix/playground-test/src/Feature/Http/Controllers/Resource/Playground/CreateJsonTrait.php" line="73" class="Tests\Feature\Playground\Cms\Api\Http\Controllers\Playground\PageRouteTest" classname="Tests.Feature.Playground.Cms.Api.Http.Controllers.Playground.PageRouteTest" assertions="4" time="0.173093"/>
        <testcase name="test_json_guest_cannot_destroy" file="/app/vendor/gammamatrix/playground-test/src/Feature/Http/Controllers/Resource/Playground/DestroyJsonTrait.php" line="31" class="Tests\Feature\Playground\Cms\Api\Http\Controllers\Playground\PageRouteTest" classname="Tests.Feature.Playground.Cms.Api.Http.Controllers.Playground.PageRouteTest" assertions="3" time="0.170892"/>
        <testcase name="test_json_destroy_as_admin_and_succeed" file="/app/vendor/gammamatrix/playground-test/src/Feature/Http/Controllers/Resource/Playground/DestroyJsonTrait.php" line="61" class="Tests\Feature\Playground\Cms\Api\Http\Controllers\Playground\PageRouteTest" classname="Tests.Feature.Playground.Cms.Api.Http.Controllers.Playground.PageRouteTest" assertions="5" time="0.182451"/>
        <testcase name="test_json_destroy_as_admin_and_succeed_with_force_delete" file="/app/vendor/gammamatrix/playground-test/src/Feature/Http/Controllers/Resource/Playground/DestroyJsonTrait.php" line="100" class="Tests\Feature\Playground\Cms\Api\Http\Controllers\Playground\PageRouteTest" classname="Tests.Feature.Playground.Cms.Api.Http.Controllers.Playground.PageRouteTest" assertions="4" time="0.178422"/>
        <testcase name="test_json_destroy_as_admin_and_succeed_with_no_content" file="/app/vendor/gammamatrix/playground-test/src/Feature/Http/Controllers/Resource/Playground/DestroyJsonTrait.php" line="132" class="Tests\Feature\Playground\Cms\Api\Http\Controllers\Playground\PageRouteTest" classname="Tests.Feature.Playground.Cms.Api.Http.Controllers.Playground.PageRouteTest" assertions="5" time="0.181277"/>
        <testcase name="test_json_destroy_as_admin_and_succeed_and_ignore_redirect" file="/app/vendor/gammamatrix/playground-test/src/Feature/Http/Controllers/Resource/Playground/DestroyJsonTrait.php" line="167" class="Tests\Feature\Playground\Cms\Api\Http\Controllers\Playground\PageRouteTest" classname="Tests.Feature.Playground.Cms.Api.Http.Controllers.Playground.PageRouteTest" assertions="5" time="0.194647"/>
        <testcase name="test_json_destroy_as_user_and_get_denied_and_no_force_delete_allowed" file="/app/vendor/gammamatrix/playground-test/src/Feature/Http/Controllers/Resource/Playground/DestroyJsonTrait.php" line="209" class="Tests\Feature\Playground\Cms\Api\Http\Controllers\Playground\PageRouteTest" classname="Tests.Feature.Playground.Cms.Api.Http.Controllers.Playground.PageRouteTest" assertions="3" time="0.180295"/>
        <testcase name="test_json_guest_cannot_get_edit_info" file="/app/vendor/gammamatrix/playground-test/src/Feature/Http/Controllers/Resource/Playground/EditJsonTrait.php" line="38" class="Tests\Feature\Playground\Cms\Api\Http\Controllers\Playground\PageRouteTest" classname="Tests.Feature.Playground.Cms.Api.Http.Controllers.Playground.PageRouteTest" assertions="1" time="0.171135"/>
        <testcase name="test_json_admin_can_get_edit_info" file="/app/vendor/gammamatrix/playground-test/src/Feature/Http/Controllers/Resource/Playground/EditJsonTrait.php" line="58" class="Tests\Feature\Playground\Cms\Api\Http\Controllers\Playground\PageRouteTest" classname="Tests.Feature.Playground.Cms.Api.Http.Controllers.Playground.PageRouteTest" assertions="4" time="0.200119"/>
        <testcase name="test_json_edit_as_admin_and_fail_validation_with_invalid_parameter" file="/app/vendor/gammamatrix/playground-test/src/Feature/Http/Controllers/Resource/Playground/EditJsonTrait.php" line="87" class="Tests\Feature\Playground\Cms\Api\Http\Controllers\Playground\PageRouteTest" classname="Tests.Feature.Playground.Cms.Api.Http.Controllers.Playground.PageRouteTest" assertions="4" time="0.184482"/>
        <testcase name="test_json_guest_cannot_get_index" file="/app/vendor/gammamatrix/playground-test/src/Feature/Http/Controllers/Resource/Playground/IndexJsonTrait.php" line="34" class="Tests\Feature\Playground\Cms\Api\Http\Controllers\Playground\PageRouteTest" classname="Tests.Feature.Playground.Cms.Api.Http.Controllers.Playground.PageRouteTest" assertions="1" time="0.169016"/>
        <testcase name="test_json_admin_can_get_index" file="/app/vendor/gammamatrix/playground-test/src/Feature/Http/Controllers/Resource/Playground/IndexJsonTrait.php" line="49" class="Tests\Feature\Playground\Cms\Api\Http\Controllers\Playground\PageRouteTest" classname="Tests.Feature.Playground.Cms.Api.Http.Controllers.Playground.PageRouteTest" assertions="80" time="0.335423"/>
        <testcase name="test_json_admin_can_get_index_with_filters" file="/app/vendor/gammamatrix/playground-test/src/Feature/Http/Controllers/Resource/Playground/IndexJsonTrait.php" line="85" class="Tests\Feature\Playground\Cms\Api\Http\Controllers\Playground\PageRouteTest" classname="Tests.Feature.Playground.Cms.Api.Http.Controllers.Playground.PageRouteTest" assertions="3" time="0.200298"/>
        <testcase name="test_json_guest_cannot_lock" file="/app/vendor/gammamatrix/playground-test/src/Feature/Http/Controllers/Resource/Playground/LockJsonTrait.php" line="36" class="Tests\Feature\Playground\Cms\Api\Http\Controllers\Playground\PageRouteTest" classname="Tests.Feature.Playground.Cms.Api.Http.Controllers.Playground.PageRouteTest" assertions="3" time="0.173488"/>
        <testcase name="test_json_lock_as_admin_and_succeed" file="/app/vendor/gammamatrix/playground-test/src/Feature/Http/Controllers/Resource/Playground/LockJsonTrait.php" line="66" class="Tests\Feature\Playground\Cms\Api\Http\Controllers\Playground\PageRouteTest" classname="Tests.Feature.Playground.Cms.Api.Http.Controllers.Playground.PageRouteTest" assertions="3" time="0.191440"/>
        <testcase name="test_json_lock_as_admin_and_succeed_with_no_redirect" file="/app/vendor/gammamatrix/playground-test/src/Feature/Http/Controllers/Resource/Playground/LockJsonTrait.php" line="98" class="Tests\Feature\Playground\Cms\Api\Http\Controllers\Playground\PageRouteTest" classname="Tests.Feature.Playground.Cms.Api.Http.Controllers.Playground.PageRouteTest" assertions="75" time="0.200016"/>
        <testcase name="test_json_lock_as_user_and_get_denied" file="/app/vendor/gammamatrix/playground-test/src/Feature/Http/Controllers/Resource/Playground/LockJsonTrait.php" line="143" class="Tests\Feature\Playground\Cms\Api\Http\Controllers\Playground\PageRouteTest" classname="Tests.Feature.Playground.Cms.Api.Http.Controllers.Playground.PageRouteTest" assertions="3" time="0.180603"/>
        <testcase name="test_json_guest_cannot_restore" file="/app/vendor/gammamatrix/playground-test/src/Feature/Http/Controllers/Resource/Playground/RestoreJsonTrait.php" line="32" class="Tests\Feature\Playground\Cms\Api\Http\Controllers\Playground\PageRouteTest" classname="Tests.Feature.Playground.Cms.Api.Http.Controllers.Playground.PageRouteTest" assertions="3" time="0.171228"/>
        <testcase name="test_json_restore_as_admin_and_succeed" file="/app/vendor/gammamatrix/playground-test/src/Feature/Http/Controllers/Resource/Playground/RestoreJsonTrait.php" line="64" class="Tests\Feature\Playground\Cms\Api\Http\Controllers\Playground\PageRouteTest" classname="Tests.Feature.Playground.Cms.Api.Http.Controllers.Playground.PageRouteTest" assertions="75" time="0.196281"/>
        <testcase name="test_json_restore_as_admin_and_succeed_with_no_redirect" file="/app/vendor/gammamatrix/playground-test/src/Feature/Http/Controllers/Resource/Playground/RestoreJsonTrait.php" line="100" class="Tests\Feature\Playground\Cms\Api\Http\Controllers\Playground\PageRouteTest" classname="Tests.Feature.Playground.Cms.Api.Http.Controllers.Playground.PageRouteTest" assertions="75" time="0.192968"/>
        <testcase name="test_json_restore_as_user_and_get_denied" file="/app/vendor/gammamatrix/playground-test/src/Feature/Http/Controllers/Resource/Playground/RestoreJsonTrait.php" line="143" class="Tests\Feature\Playground\Cms\Api\Http\Controllers\Playground\PageRouteTest" classname="Tests.Feature.Playground.Cms.Api.Http.Controllers.Playground.PageRouteTest" assertions="3" time="0.195469"/>
        <testcase name="test_json_guest_cannot_restore_revision" file="/app/vendor/gammamatrix/playground-test/src/Feature/Http/Controllers/Resource/Playground/RestoreRevisionJsonTrait.php" line="43" class="Tests\Feature\Playground\Cms\Api\Http\Controllers\Playground\PageRouteTest" classname="Tests.Feature.Playground.Cms.Api.Http.Controllers.Playground.PageRouteTest" assertions="3" time="0.188397"/>
        <testcase name="test_json_restore_revision_as_admin_and_succeed" file="/app/vendor/gammamatrix/playground-test/src/Feature/Http/Controllers/Resource/Playground/RestoreRevisionJsonTrait.php" line="79" class="Tests\Feature\Playground\Cms\Api\Http\Controllers\Playground\PageRouteTest" classname="Tests.Feature.Playground.Cms.Api.Http.Controllers.Playground.PageRouteTest" assertions="75" time="0.263443"/>
        <testcase name="test_json_restore_revision_as_admin_and_succeed_without_redirect" file="/app/vendor/gammamatrix/playground-test/src/Feature/Http/Controllers/Resource/Playground/RestoreRevisionJsonTrait.php" line="119" class="Tests\Feature\Playground\Cms\Api\Http\Controllers\Playground\PageRouteTest" classname="Tests.Feature.Playground.Cms.Api.Http.Controllers.Playground.PageRouteTest" assertions="75" time="0.323382"/>
        <testcase name="test_json_restore_revision_as_user_and_get_denied" file="/app/vendor/gammamatrix/playground-test/src/Feature/Http/Controllers/Resource/Playground/RestoreRevisionJsonTrait.php" line="171" class="Tests\Feature\Playground\Cms\Api\Http\Controllers\Playground\PageRouteTest" classname="Tests.Feature.Playground.Cms.Api.Http.Controllers.Playground.PageRouteTest" assertions="3" time="0.201071"/>
        <testcase name="test_json_guest_cannot_render_revision_view" file="/app/vendor/gammamatrix/playground-test/src/Feature/Http/Controllers/Resource/Playground/RevisionJsonTrait.php" line="38" class="Tests\Feature\Playground\Cms\Api\Http\Controllers\Playground\PageRouteTest" classname="Tests.Feature.Playground.Cms.Api.Http.Controllers.Playground.PageRouteTest" assertions="2" time="0.200214"/>
        <testcase name="test_json_admin_can_get_revision_info" file="/app/vendor/gammamatrix/playground-test/src/Feature/Http/Controllers/Resource/Playground/RevisionJsonTrait.php" line="69" class="Tests\Feature\Playground\Cms\Api\Http\Controllers\Playground\PageRouteTest" classname="Tests.Feature.Playground.Cms.Api.Http.Controllers.Playground.PageRouteTest" assertions="74" time="0.213358"/>
        <testcase name="test_json_guest_cannot_get_revisions" file="/app/vendor/gammamatrix/playground-test/src/Feature/Http/Controllers/Resource/Playground/RevisionsJsonTrait.php" line="34" class="Tests\Feature\Playground\Cms\Api\Http\Controllers\Playground\PageRouteTest" classname="Tests.Feature.Playground.Cms.Api.Http.Controllers.Playground.PageRouteTest" assertions="2" time="0.191102"/>
        <testcase name="test_json_admin_can_get_revisions" file="/app/vendor/gammamatrix/playground-test/src/Feature/Http/Controllers/Resource/Playground/RevisionsJsonTrait.php" line="63" class="Tests\Feature\Playground\Cms\Api\Http\Controllers\Playground\PageRouteTest" classname="Tests.Feature.Playground.Cms.Api.Http.Controllers.Playground.PageRouteTest" assertions="2" time="0.272165"/>
        <testcase name="test_json_admin_can_get_revisions_with_filters" file="/app/vendor/gammamatrix/playground-test/src/Feature/Http/Controllers/Resource/Playground/RevisionsJsonTrait.php" line="104" class="Tests\Feature\Playground\Cms\Api\Http\Controllers\Playground\PageRouteTest" classname="Tests.Feature.Playground.Cms.Api.Http.Controllers.Playground.PageRouteTest" assertions="81" time="0.220916"/>
        <testcase name="test_json_guest_cannot_see_info" file="/app/vendor/gammamatrix/playground-test/src/Feature/Http/Controllers/Resource/Playground/ShowJsonTrait.php" line="29" class="Tests\Feature\Playground\Cms\Api\Http\Controllers\Playground\PageRouteTest" classname="Tests.Feature.Playground.Cms.Api.Http.Controllers.Playground.PageRouteTest" assertions="1" time="0.181325"/>
        <testcase name="test_json_show_info_for_admin" file="/app/vendor/gammamatrix/playground-test/src/Feature/Http/Controllers/Resource/Playground/ShowJsonTrait.php" line="49" class="Tests\Feature\Playground\Cms\Api\Http\Controllers\Playground\PageRouteTest" classname="Tests.Feature.Playground.Cms.Api.Http.Controllers.Playground.PageRouteTest" assertions="74" time="0.196360"/>
        <testcase name="test_json_guest_cannot_store" file="/app/vendor/gammamatrix/playground-test/src/Feature/Http/Controllers/Resource/Playground/StoreJsonTrait.php" line="43" class="Tests\Feature\Playground\Cms\Api\Http\Controllers\Playground\PageRouteTest" classname="Tests.Feature.Playground.Cms.Api.Http.Controllers.Playground.PageRouteTest" assertions="3" time="0.176153"/>
        <testcase name="test_json_store_as_admin_without_payload_and_fail_validation" file="/app/vendor/gammamatrix/playground-test/src/Feature/Http/Controllers/Resource/Playground/StoreJsonTrait.php" line="66" class="Tests\Feature\Playground\Cms\Api\Http\Controllers\Playground\PageRouteTest" classname="Tests.Feature.Playground.Cms.Api.Http.Controllers.Playground.PageRouteTest" assertions="5" time="0.191727"/>
        <testcase name="test_json_store_as_admin_and_succeed" file="/app/vendor/gammamatrix/playground-test/src/Feature/Http/Controllers/Resource/Playground/StoreJsonTrait.php" line="92" class="Tests\Feature\Playground\Cms\Api\Http\Controllers\Playground\PageRouteTest" classname="Tests.Feature.Playground.Cms.Api.Http.Controllers.Playground.PageRouteTest" assertions="3" time="0.224107"/>
        <testcase name="test_json_guest_cannot_unlock" file="/app/vendor/gammamatrix/playground-test/src/Feature/Http/Controllers/Resource/Playground/UnlockJsonTrait.php" line="36" class="Tests\Feature\Playground\Cms\Api\Http\Controllers\Playground\PageRouteTest" classname="Tests.Feature.Playground.Cms.Api.Http.Controllers.Playground.PageRouteTest" assertions="3" time="0.180427"/>
        <testcase name="test_json_unlock_as_admin_and_succeed" file="/app/vendor/gammamatrix/playground-test/src/Feature/Http/Controllers/Resource/Playground/UnlockJsonTrait.php" line="68" class="Tests\Feature\Playground\Cms\Api\Http\Controllers\Playground\PageRouteTest" classname="Tests.Feature.Playground.Cms.Api.Http.Controllers.Playground.PageRouteTest" assertions="75" time="0.207154"/>
        <testcase name="test_json_unlock_as_admin_and_succeed_with_no_redirect" file="/app/vendor/gammamatrix/playground-test/src/Feature/Http/Controllers/Resource/Playground/UnlockJsonTrait.php" line="104" class="Tests\Feature\Playground\Cms\Api\Http\Controllers\Playground\PageRouteTest" classname="Tests.Feature.Playground.Cms.Api.Http.Controllers.Playground.PageRouteTest" assertions="75" time="0.199974"/>
        <testcase name="test_json_unlock_as_user_and_get_denied" file="/app/vendor/gammamatrix/playground-test/src/Feature/Http/Controllers/Resource/Playground/UnlockJsonTrait.php" line="145" class="Tests\Feature\Playground\Cms\Api\Http\Controllers\Playground\PageRouteTest" classname="Tests.Feature.Playground.Cms.Api.Http.Controllers.Playground.PageRouteTest" assertions="3" time="0.189182"/>
        <testcase name="test_json_guest_cannot_update" file="/app/vendor/gammamatrix/playground-test/src/Feature/Http/Controllers/Resource/Playground/UpdateJsonTrait.php" line="45" class="Tests\Feature\Playground\Cms\Api\Http\Controllers\Playground\PageRouteTest" classname="Tests.Feature.Playground.Cms.Api.Http.Controllers.Playground.PageRouteTest" assertions="1" time="0.177852"/>
        <testcase name="test_json_update_as_admin_without_payload_and_fail_validation" file="/app/vendor/gammamatrix/playground-test/src/Feature/Http/Controllers/Resource/Playground/UpdateJsonTrait.php" line="65" class="Tests\Feature\Playground\Cms\Api\Http\Controllers\Playground\PageRouteTest" classname="Tests.Feature.Playground.Cms.Api.Http.Controllers.Playground.PageRouteTest" assertions="4" time="0.204967"/>
        <testcase name="test_json_admin_can_update" file="/app/vendor/gammamatrix/playground-test/src/Feature/Http/Controllers/Resource/Playground/UpdateJsonTrait.php" line="90" class="Tests\Feature\Playground\Cms\Api\Http\Controllers\Playground\PageRouteTest" classname="Tests.Feature.Playground.Cms.Api.Http.Controllers.Playground.PageRouteTest" assertions="77" time="0.256583"/>
      </testsuite>
      <testsuite name="Tests\Feature\Playground\Cms\Api\Http\Controllers\Playground\SnippetRouteTest" file="/app/vendor/gammamatrix/playground-cms-api/tests/Feature/Http/Controllers/Playground/SnippetRouteTest.php" tests="44" assertions="1077" errors="0" failures="0" skipped="0" time="8.790478">
        <testcase name="test_json_guest_cannot_get_create_info" file="/app/vendor/gammamatrix/playground-test/src/Feature/Http/Controllers/Resource/Playground/CreateJsonTrait.php" line="38" class="Tests\Feature\Playground\Cms\Api\Http\Controllers\Playground\SnippetRouteTest" classname="Tests.Feature.Playground.Cms.Api.Http.Controllers.Playground.SnippetRouteTest" assertions="1" time="0.207289"/>
        <testcase name="test_json_admin_can_get_create_info" file="/app/vendor/gammamatrix/playground-test/src/Feature/Http/Controllers/Resource/Playground/CreateJsonTrait.php" line="53" class="Tests\Feature\Playground\Cms\Api\Http\Controllers\Playground\SnippetRouteTest" classname="Tests.Feature.Playground.Cms.Api.Http.Controllers.Playground.SnippetRouteTest" assertions="73" time="0.183175"/>
        <testcase name="test_json_get_create_info_as_admin_with_invalid_parameter_and_fail_validation" file="/app/vendor/gammamatrix/playground-test/src/Feature/Http/Controllers/Resource/Playground/CreateJsonTrait.php" line="73" class="Tests\Feature\Playground\Cms\Api\Http\Controllers\Playground\SnippetRouteTest" classname="Tests.Feature.Playground.Cms.Api.Http.Controllers.Playground.SnippetRouteTest" assertions="4" time="0.182149"/>
        <testcase name="test_json_guest_cannot_destroy" file="/app/vendor/gammamatrix/playground-test/src/Feature/Http/Controllers/Resource/Playground/DestroyJsonTrait.php" line="31" class="Tests\Feature\Playground\Cms\Api\Http\Controllers\Playground\SnippetRouteTest" classname="Tests.Feature.Playground.Cms.Api.Http.Controllers.Playground.SnippetRouteTest" assertions="3" time="0.170428"/>
        <testcase name="test_json_destroy_as_admin_and_succeed" file="/app/vendor/gammamatrix/playground-test/src/Feature/Http/Controllers/Resource/Playground/DestroyJsonTrait.php" line="61" class="Tests\Feature\Playground\Cms\Api\Http\Controllers\Playground\SnippetRouteTest" classname="Tests.Feature.Playground.Cms.Api.Http.Controllers.Playground.SnippetRouteTest" assertions="5" time="0.185222"/>
        <testcase name="test_json_destroy_as_admin_and_succeed_with_force_delete" file="/app/vendor/gammamatrix/playground-test/src/Feature/Http/Controllers/Resource/Playground/DestroyJsonTrait.php" line="100" class="Tests\Feature\Playground\Cms\Api\Http\Controllers\Playground\SnippetRouteTest" classname="Tests.Feature.Playground.Cms.Api.Http.Controllers.Playground.SnippetRouteTest" assertions="4" time="0.177631"/>
        <testcase name="test_json_destroy_as_admin_and_succeed_with_no_content" file="/app/vendor/gammamatrix/playground-test/src/Feature/Http/Controllers/Resource/Playground/DestroyJsonTrait.php" line="132" class="Tests\Feature\Playground\Cms\Api\Http\Controllers\Playground\SnippetRouteTest" classname="Tests.Feature.Playground.Cms.Api.Http.Controllers.Playground.SnippetRouteTest" assertions="5" time="0.177482"/>
        <testcase name="test_json_destroy_as_admin_and_succeed_and_ignore_redirect" file="/app/vendor/gammamatrix/playground-test/src/Feature/Http/Controllers/Resource/Playground/DestroyJsonTrait.php" line="167" class="Tests\Feature\Playground\Cms\Api\Http\Controllers\Playground\SnippetRouteTest" classname="Tests.Feature.Playground.Cms.Api.Http.Controllers.Playground.SnippetRouteTest" assertions="5" time="0.194478"/>
        <testcase name="test_json_destroy_as_user_and_get_denied_and_no_force_delete_allowed" file="/app/vendor/gammamatrix/playground-test/src/Feature/Http/Controllers/Resource/Playground/DestroyJsonTrait.php" line="209" class="Tests\Feature\Playground\Cms\Api\Http\Controllers\Playground\SnippetRouteTest" classname="Tests.Feature.Playground.Cms.Api.Http.Controllers.Playground.SnippetRouteTest" assertions="3" time="0.182296"/>
        <testcase name="test_json_guest_cannot_get_edit_info" file="/app/vendor/gammamatrix/playground-test/src/Feature/Http/Controllers/Resource/Playground/EditJsonTrait.php" line="38" class="Tests\Feature\Playground\Cms\Api\Http\Controllers\Playground\SnippetRouteTest" classname="Tests.Feature.Playground.Cms.Api.Http.Controllers.Playground.SnippetRouteTest" assertions="1" time="0.166527"/>
        <testcase name="test_json_admin_can_get_edit_info" file="/app/vendor/gammamatrix/playground-test/src/Feature/Http/Controllers/Resource/Playground/EditJsonTrait.php" line="58" class="Tests\Feature\Playground\Cms\Api\Http\Controllers\Playground\SnippetRouteTest" classname="Tests.Feature.Playground.Cms.Api.Http.Controllers.Playground.SnippetRouteTest" assertions="4" time="0.201331"/>
        <testcase name="test_json_edit_as_admin_and_fail_validation_with_invalid_parameter" file="/app/vendor/gammamatrix/playground-test/src/Feature/Http/Controllers/Resource/Playground/EditJsonTrait.php" line="87" class="Tests\Feature\Playground\Cms\Api\Http\Controllers\Playground\SnippetRouteTest" classname="Tests.Feature.Playground.Cms.Api.Http.Controllers.Playground.SnippetRouteTest" assertions="4" time="0.190688"/>
        <testcase name="test_json_guest_cannot_get_index" file="/app/vendor/gammamatrix/playground-test/src/Feature/Http/Controllers/Resource/Playground/IndexJsonTrait.php" line="34" class="Tests\Feature\Playground\Cms\Api\Http\Controllers\Playground\SnippetRouteTest" classname="Tests.Feature.Playground.Cms.Api.Http.Controllers.Playground.SnippetRouteTest" assertions="1" time="0.168362"/>
        <testcase name="test_json_admin_can_get_index" file="/app/vendor/gammamatrix/playground-test/src/Feature/Http/Controllers/Resource/Playground/IndexJsonTrait.php" line="49" class="Tests\Feature\Playground\Cms\Api\Http\Controllers\Playground\SnippetRouteTest" classname="Tests.Feature.Playground.Cms.Api.Http.Controllers.Playground.SnippetRouteTest" assertions="80" time="0.259035"/>
        <testcase name="test_json_admin_can_get_index_with_filters" file="/app/vendor/gammamatrix/playground-test/src/Feature/Http/Controllers/Resource/Playground/IndexJsonTrait.php" line="85" class="Tests\Feature\Playground\Cms\Api\Http\Controllers\Playground\SnippetRouteTest" classname="Tests.Feature.Playground.Cms.Api.Http.Controllers.Playground.SnippetRouteTest" assertions="3" time="0.196785"/>
        <testcase name="test_json_guest_cannot_lock" file="/app/vendor/gammamatrix/playground-test/src/Feature/Http/Controllers/Resource/Playground/LockJsonTrait.php" line="36" class="Tests\Feature\Playground\Cms\Api\Http\Controllers\Playground\SnippetRouteTest" classname="Tests.Feature.Playground.Cms.Api.Http.Controllers.Playground.SnippetRouteTest" assertions="3" time="0.170693"/>
        <testcase name="test_json_lock_as_admin_and_succeed" file="/app/vendor/gammamatrix/playground-test/src/Feature/Http/Controllers/Resource/Playground/LockJsonTrait.php" line="66" class="Tests\Feature\Playground\Cms\Api\Http\Controllers\Playground\SnippetRouteTest" classname="Tests.Feature.Playground.Cms.Api.Http.Controllers.Playground.SnippetRouteTest" assertions="3" time="0.191710"/>
        <testcase name="test_json_lock_as_admin_and_succeed_with_no_redirect" file="/app/vendor/gammamatrix/playground-test/src/Feature/Http/Controllers/Resource/Playground/LockJsonTrait.php" line="98" class="Tests\Feature\Playground\Cms\Api\Http\Controllers\Playground\SnippetRouteTest" classname="Tests.Feature.Playground.Cms.Api.Http.Controllers.Playground.SnippetRouteTest" assertions="75" time="0.189397"/>
        <testcase name="test_json_lock_as_user_and_get_denied" file="/app/vendor/gammamatrix/playground-test/src/Feature/Http/Controllers/Resource/Playground/LockJsonTrait.php" line="143" class="Tests\Feature\Playground\Cms\Api\Http\Controllers\Playground\SnippetRouteTest" classname="Tests.Feature.Playground.Cms.Api.Http.Controllers.Playground.SnippetRouteTest" assertions="3" time="0.187155"/>
        <testcase name="test_json_guest_cannot_restore" file="/app/vendor/gammamatrix/playground-test/src/Feature/Http/Controllers/Resource/Playground/RestoreJsonTrait.php" line="32" class="Tests\Feature\Playground\Cms\Api\Http\Controllers\Playground\SnippetRouteTest" classname="Tests.Feature.Playground.Cms.Api.Http.Controllers.Playground.SnippetRouteTest" assertions="3" time="0.175582"/>
        <testcase name="test_json_restore_as_admin_and_succeed" file="/app/vendor/gammamatrix/playground-test/src/Feature/Http/Controllers/Resource/Playground/RestoreJsonTrait.php" line="64" class="Tests\Feature\Playground\Cms\Api\Http\Controllers\Playground\SnippetRouteTest" classname="Tests.Feature.Playground.Cms.Api.Http.Controllers.Playground.SnippetRouteTest" assertions="75" time="0.202767"/>
        <testcase name="test_json_restore_as_admin_and_succeed_with_no_redirect" file="/app/vendor/gammamatrix/playground-test/src/Feature/Http/Controllers/Resource/Playground/RestoreJsonTrait.php" line="100" class="Tests\Feature\Playground\Cms\Api\Http\Controllers\Playground\SnippetRouteTest" classname="Tests.Feature.Playground.Cms.Api.Http.Controllers.Playground.SnippetRouteTest" assertions="75" time="0.193671"/>
        <testcase name="test_json_restore_as_user_and_get_denied" file="/app/vendor/gammamatrix/playground-test/src/Feature/Http/Controllers/Resource/Playground/RestoreJsonTrait.php" line="143" class="Tests\Feature\Playground\Cms\Api\Http\Controllers\Playground\SnippetRouteTest" classname="Tests.Feature.Playground.Cms.Api.Http.Controllers.Playground.SnippetRouteTest" assertions="3" time="0.195545"/>
        <testcase name="test_json_guest_cannot_restore_revision" file="/app/vendor/gammamatrix/playground-test/src/Feature/Http/Controllers/Resource/Playground/RestoreRevisionJsonTrait.php" line="43" class="Tests\Feature\Playground\Cms\Api\Http\Controllers\Playground\SnippetRouteTest" classname="Tests.Feature.Playground.Cms.Api.Http.Controllers.Playground.SnippetRouteTest" assertions="3" time="0.187870"/>
        <testcase name="test_json_restore_revision_as_admin_and_succeed" file="/app/vendor/gammamatrix/playground-test/src/Feature/Http/Controllers/Resource/Playground/RestoreRevisionJsonTrait.php" line="79" class="Tests\Feature\Playground\Cms\Api\Http\Controllers\Playground\SnippetRouteTest" classname="Tests.Feature.Playground.Cms.Api.Http.Controllers.Playground.SnippetRouteTest" assertions="75" time="0.264440"/>
        <testcase name="test_json_restore_revision_as_admin_and_succeed_without_redirect" file="/app/vendor/gammamatrix/playground-test/src/Feature/Http/Controllers/Resource/Playground/RestoreRevisionJsonTrait.php" line="119" class="Tests\Feature\Playground\Cms\Api\Http\Controllers\Playground\SnippetRouteTest" classname="Tests.Feature.Playground.Cms.Api.Http.Controllers.Playground.SnippetRouteTest" assertions="75" time="0.280111"/>
        <testcase name="test_json_restore_revision_as_user_and_get_denied" file="/app/vendor/gammamatrix/playground-test/src/Feature/Http/Controllers/Resource/Playground/RestoreRevisionJsonTrait.php" line="171" class="Tests\Feature\Playground\Cms\Api\Http\Controllers\Playground\SnippetRouteTest" classname="Tests.Feature.Playground.Cms.Api.Http.Controllers.Playground.SnippetRouteTest" assertions="3" time="0.199229"/>
        <testcase name="test_json_guest_cannot_render_revision_view" file="/app/vendor/gammamatrix/playground-test/src/Feature/Http/Controllers/Resource/Playground/RevisionJsonTrait.php" line="38" class="Tests\Feature\Playground\Cms\Api\Http\Controllers\Playground\SnippetRouteTest" classname="Tests.Feature.Playground.Cms.Api.Http.Controllers.Playground.SnippetRouteTest" assertions="2" time="0.187086"/>
        <testcase name="test_json_admin_can_get_revision_info" file="/app/vendor/gammamatrix/playground-test/src/Feature/Http/Controllers/Resource/Playground/RevisionJsonTrait.php" line="69" class="Tests\Feature\Playground\Cms\Api\Http\Controllers\Playground\SnippetRouteTest" classname="Tests.Feature.Playground.Cms.Api.Http.Controllers.Playground.SnippetRouteTest" assertions="74" time="0.217682"/>
        <testcase name="test_json_guest_cannot_get_revisions" file="/app/vendor/gammamatrix/playground-test/src/Feature/Http/Controllers/Resource/Playground/RevisionsJsonTrait.php" line="34" class="Tests\Feature\Playground\Cms\Api\Http\Controllers\Playground\SnippetRouteTest" classname="Tests.Feature.Playground.Cms.Api.Http.Controllers.Playground.SnippetRouteTest" assertions="2" time="0.190321"/>
        <testcase name="test_json_admin_can_get_revisions" file="/app/vendor/gammamatrix/playground-test/src/Feature/Http/Controllers/Resource/Playground/RevisionsJsonTrait.php" line="63" class="Tests\Feature\Playground\Cms\Api\Http\Controllers\Playground\SnippetRouteTest" classname="Tests.Feature.Playground.Cms.Api.Http.Controllers.Playground.SnippetRouteTest" assertions="2" time="0.287588"/>
        <testcase name="test_json_admin_can_get_revisions_with_filters" file="/app/vendor/gammamatrix/playground-test/src/Feature/Http/Controllers/Resource/Playground/RevisionsJsonTrait.php" line="104" class="Tests\Feature\Playground\Cms\Api\Http\Controllers\Playground\SnippetRouteTest" classname="Tests.Feature.Playground.Cms.Api.Http.Controllers.Playground.SnippetRouteTest" assertions="81" time="0.217770"/>
        <testcase name="test_json_guest_cannot_see_info" file="/app/vendor/gammamatrix/playground-test/src/Feature/Http/Controllers/Resource/Playground/ShowJsonTrait.php" line="29" class="Tests\Feature\Playground\Cms\Api\Http\Controllers\Playground\SnippetRouteTest" classname="Tests.Feature.Playground.Cms.Api.Http.Controllers.Playground.SnippetRouteTest" assertions="1" time="0.181103"/>
        <testcase name="test_json_show_info_for_admin" file="/app/vendor/gammamatrix/playground-test/src/Feature/Http/Controllers/Resource/Playground/ShowJsonTrait.php" line="49" class="Tests\Feature\Playground\Cms\Api\Http\Controllers\Playground\SnippetRouteTest" classname="Tests.Feature.Playground.Cms.Api.Http.Controllers.Playground.SnippetRouteTest" assertions="74" time="0.204374"/>
        <testcase name="test_json_guest_cannot_store" file="/app/vendor/gammamatrix/playground-test/src/Feature/Http/Controllers/Resource/Playground/StoreJsonTrait.php" line="43" class="Tests\Feature\Playground\Cms\Api\Http\Controllers\Playground\SnippetRouteTest" classname="Tests.Feature.Playground.Cms.Api.Http.Controllers.Playground.SnippetRouteTest" assertions="3" time="0.174024"/>
        <testcase name="test_json_store_as_admin_without_payload_and_fail_validation" file="/app/vendor/gammamatrix/playground-test/src/Feature/Http/Controllers/Resource/Playground/StoreJsonTrait.php" line="66" class="Tests\Feature\Playground\Cms\Api\Http\Controllers\Playground\SnippetRouteTest" classname="Tests.Feature.Playground.Cms.Api.Http.Controllers.Playground.SnippetRouteTest" assertions="5" time="0.186448"/>
        <testcase name="test_json_store_as_admin_and_succeed" file="/app/vendor/gammamatrix/playground-test/src/Feature/Http/Controllers/Resource/Playground/StoreJsonTrait.php" line="92" class="Tests\Feature\Playground\Cms\Api\Http\Controllers\Playground\SnippetRouteTest" classname="Tests.Feature.Playground.Cms.Api.Http.Controllers.Playground.SnippetRouteTest" assertions="3" time="0.221879"/>
        <testcase name="test_json_guest_cannot_unlock" file="/app/vendor/gammamatrix/playground-test/src/Feature/Http/Controllers/Resource/Playground/UnlockJsonTrait.php" line="36" class="Tests\Feature\Playground\Cms\Api\Http\Controllers\Playground\SnippetRouteTest" classname="Tests.Feature.Playground.Cms.Api.Http.Controllers.Playground.SnippetRouteTest" assertions="3" time="0.184029"/>
        <testcase name="test_json_unlock_as_admin_and_succeed" file="/app/vendor/gammamatrix/playground-test/src/Feature/Http/Controllers/Resource/Playground/UnlockJsonTrait.php" line="68" class="Tests\Feature\Playground\Cms\Api\Http\Controllers\Playground\SnippetRouteTest" classname="Tests.Feature.Playground.Cms.Api.Http.Controllers.Playground.SnippetRouteTest" assertions="75" time="0.206386"/>
        <testcase name="test_json_unlock_as_admin_and_succeed_with_no_redirect" file="/app/vendor/gammamatrix/playground-test/src/Feature/Http/Controllers/Resource/Playground/UnlockJsonTrait.php" line="104" class="Tests\Feature\Playground\Cms\Api\Http\Controllers\Playground\SnippetRouteTest" classname="Tests.Feature.Playground.Cms.Api.Http.Controllers.Playground.SnippetRouteTest" assertions="75" time="0.203058"/>
        <testcase name="test_json_unlock_as_user_and_get_denied" file="/app/vendor/gammamatrix/playground-test/src/Feature/Http/Controllers/Resource/Playground/UnlockJsonTrait.php" line="145" class="Tests\Feature\Playground\Cms\Api\Http\Controllers\Playground\SnippetRouteTest" classname="Tests.Feature.Playground.Cms.Api.Http.Controllers.Playground.SnippetRouteTest" assertions="3" time="0.194130"/>
        <testcase name="test_json_guest_cannot_update" file="/app/vendor/gammamatrix/playground-test/src/Feature/Http/Controllers/Resource/Playground/UpdateJsonTrait.php" line="45" class="Tests\Feature\Playground\Cms\Api\Http\Controllers\Playground\SnippetRouteTest" classname="Tests.Feature.Playground.Cms.Api.Http.Controllers.Playground.SnippetRouteTest" assertions="1" time="0.181683"/>
        <testcase name="test_json_update_as_admin_without_payload_and_fail_validation" file="/app/vendor/gammamatrix/playground-test/src/Feature/Http/Controllers/Resource/Playground/UpdateJsonTrait.php" line="65" class="Tests\Feature\Playground\Cms\Api\Http\Controllers\Playground\SnippetRouteTest" classname="Tests.Feature.Playground.Cms.Api.Http.Controllers.Playground.SnippetRouteTest" assertions="4" time="0.199772"/>
        <testcase name="test_json_admin_can_update" file="/app/vendor/gammamatrix/playground-test/src/Feature/Http/Controllers/Resource/Playground/UpdateJsonTrait.php" line="90" class="Tests\Feature\Playground\Cms\Api\Http\Controllers\Playground\SnippetRouteTest" classname="Tests.Feature.Playground.Cms.Api.Http.Controllers.Playground.SnippetRouteTest" assertions="77" time="0.272097"/>
      </testsuite>
      <testsuite name="Tests\Feature\Playground\Cms\Api\Http\Requests\FormRequest\InstanceTest" file="/app/vendor/gammamatrix/playground-cms-api/tests/Feature/Http/Requests/FormRequest/InstanceTest.php" tests="1" assertions="1" errors="0" failures="0" skipped="0" time="0.166313">
        <testcase name="test_FormRequest_authorize_with_admin" file="/app/vendor/gammamatrix/playground-cms-api/tests/Feature/Http/Requests/FormRequest/InstanceTest.php" line="21" class="Tests\Feature\Playground\Cms\Api\Http\Requests\FormRequest\InstanceTest" classname="Tests.Feature.Playground.Cms.Api.Http.Requests.FormRequest.InstanceTest" assertions="1" time="0.166313"/>
      </testsuite>
      <testsuite name="Tests\Feature\Playground\Http\Console\Commands\About\CommandTest" file="/app/vendor/gammamatrix/playground-http/tests/Feature/Console/Commands/About/CommandTest.php" tests="1" assertions="2" errors="0" failures="0" skipped="0" time="0.131896">
        <testcase name="test_command_about_displays_package_information_and_succeed_with_code_0" file="/app/vendor/gammamatrix/playground-http/tests/Feature/Console/Commands/About/CommandTest.php" line="19" class="Tests\Feature\Playground\Http\Console\Commands\About\CommandTest" classname="Tests.Feature.Playground.Http.Console.Commands.About.CommandTest" assertions="2" time="0.131896"/>
      </testsuite>
      <testsuite name="Tests\Feature\Playground\Test\Console\Commands\About\CommandTest" file="/app/vendor/gammamatrix/playground-test/tests/Feature/Console/Commands/About/CommandTest.php" tests="1" assertions="2" errors="0" failures="0" skipped="0" time="0.131496">
        <testcase name="test_command_about_displays_package_information_and_succeed_with_code_0" file="/app/vendor/gammamatrix/playground-test/tests/Feature/Console/Commands/About/CommandTest.php" line="19" class="Tests\Feature\Playground\Test\Console\Commands\About\CommandTest" classname="Tests.Feature.Playground.Test.Console.Commands.About.CommandTest" assertions="2" time="0.131496"/>
      </testsuite>
    </testsuite>
  </testsuite>
</testsuites>
