<?xml version="1.0" encoding="UTF-8"?>
<testsuites>
  <testsuite name="/app/phpunit-ci.xml" tests="313" assertions="3061" errors="0" failures="0" skipped="0" time="27.100657">
    <testsuite name="Unit" tests="204" assertions="756" errors="0" failures="0" skipped="0" time="6.559339">
      <testsuite name="Tests\Unit\ExampleTest" file="/app/tests/Unit/ExampleTest.php" tests="1" assertions="1" errors="0" failures="0" skipped="0" time="0.431688">
        <testcase name="test_that_true_is_true" file="/app/tests/Unit/ExampleTest.php" line="12" class="Tests\Unit\ExampleTest" classname="Tests.Unit.ExampleTest" assertions="1" time="0.431688"/>
      </testsuite>
      <testsuite name="Tests\Unit\Playground\Models\Model\ModelTest" file="/app/vendor/gammamatrix/playground/tests/Unit/Models/Model/ModelTest.php" tests="5" assertions="5" errors="0" failures="0" skipped="0" time="0.386820">
        <testcase name="test_WithChildren_children_returns_HasMany" file="/app/vendor/gammamatrix/playground/tests/Unit/Models/Model/ModelTest.php" line="19" class="Tests\Unit\Playground\Models\Model\ModelTest" classname="Tests.Unit.Playground.Models.Model.ModelTest" assertions="1" time="0.292304"/>
        <testcase name="test_WithCreator_creator_returns_HasOne" file="/app/vendor/gammamatrix/playground/tests/Unit/Models/Model/ModelTest.php" line="26" class="Tests\Unit\Playground\Models\Model\ModelTest" classname="Tests.Unit.Playground.Models.Model.ModelTest" assertions="1" time="0.025509"/>
        <testcase name="test_WithModifier_modifier_returns_HasOne" file="/app/vendor/gammamatrix/playground/tests/Unit/Models/Model/ModelTest.php" line="33" class="Tests\Unit\Playground\Models\Model\ModelTest" classname="Tests.Unit.Playground.Models.Model.ModelTest" assertions="1" time="0.022573"/>
        <testcase name="test_WithOwner_owner_returns_HasOne" file="/app/vendor/gammamatrix/playground/tests/Unit/Models/Model/ModelTest.php" line="40" class="Tests\Unit\Playground\Models\Model\ModelTest" classname="Tests.Unit.Playground.Models.Model.ModelTest" assertions="1" time="0.022786"/>
        <testcase name="test_WithParent_parent_returns_HasOne" file="/app/vendor/gammamatrix/playground/tests/Unit/Models/Model/ModelTest.php" line="47" class="Tests\Unit\Playground\Models\Model\ModelTest" classname="Tests.Unit.Playground.Models.Model.ModelTest" assertions="1" time="0.023648"/>
      </testsuite>
      <testsuite name="Tests\Unit\Playground\Models\Scopes\ScopeFilterColumns\ModelTest" file="/app/vendor/gammamatrix/playground/tests/Unit/Models/Scopes/ScopeFilterColumns/ModelTest.php" tests="15" assertions="150" errors="0" failures="0" skipped="0" time="0.386130">
        <testcase name="test_scopeFilterColumns_returns_query_without_columns_or_filters" file="/app/vendor/gammamatrix/playground/tests/Unit/Models/Scopes/ScopeFilterColumns/ModelTest.php" line="36" class="Tests\Unit\Playground\Models\Scopes\ScopeFilterColumns\ModelTest" classname="Tests.Unit.Playground.Models.Scopes.ScopeFilterColumns.ModelTest" assertions="2" time="0.025226"/>
        <testcase name="test_scopeFilterColumns_returns_query_without_filters" file="/app/vendor/gammamatrix/playground/tests/Unit/Models/Scopes/ScopeFilterColumns/ModelTest.php" line="52" class="Tests\Unit\Playground\Models\Scopes\ScopeFilterColumns\ModelTest" classname="Tests.Unit.Playground.Models.Scopes.ScopeFilterColumns.ModelTest" assertions="4" time="0.024651"/>
        <testcase name="test_scopeFilterColumns_returns_query_with_invalid_column" file="/app/vendor/gammamatrix/playground/tests/Unit/Models/Scopes/ScopeFilterColumns/ModelTest.php" line="75" class="Tests\Unit\Playground\Models\Scopes\ScopeFilterColumns\ModelTest" classname="Tests.Unit.Playground.Models.Scopes.ScopeFilterColumns.ModelTest" assertions="4" time="0.023663"/>
        <testcase name="test_scopeFilterColumns_returns_query_with_filters_without_meta_for_strings" file="/app/vendor/gammamatrix/playground/tests/Unit/Models/Scopes/ScopeFilterColumns/ModelTest.php" line="105" class="Tests\Unit\Playground\Models\Scopes\ScopeFilterColumns\ModelTest" classname="Tests.Unit.Playground.Models.Scopes.ScopeFilterColumns.ModelTest" assertions="8" time="0.024047"/>
        <testcase name="test_scopeFilterColumns_returns_query_with_null_comparison_and_ignore" file="/app/vendor/gammamatrix/playground/tests/Unit/Models/Scopes/ScopeFilterColumns/ModelTest.php" line="143" class="Tests\Unit\Playground\Models\Scopes\ScopeFilterColumns\ModelTest" classname="Tests.Unit.Playground.Models.Scopes.ScopeFilterColumns.ModelTest" assertions="4" time="0.024371"/>
        <testcase name="test_scopeFilterColumns_returns_query_with_comparison" file="/app/vendor/gammamatrix/playground/tests/Unit/Models/Scopes/ScopeFilterColumns/ModelTest.php" line="174" class="Tests\Unit\Playground\Models\Scopes\ScopeFilterColumns\ModelTest" classname="Tests.Unit.Playground.Models.Scopes.ScopeFilterColumns.ModelTest" assertions="6" time="0.024322"/>
        <testcase name="test_scopeFilterColumns_with_boolean_filter_type_and_null_value" file="/app/vendor/gammamatrix/playground/tests/Unit/Models/Scopes/ScopeFilterColumns/ModelTest.php" line="206" class="Tests\Unit\Playground\Models\Scopes\ScopeFilterColumns\ModelTest" classname="Tests.Unit.Playground.Models.Scopes.ScopeFilterColumns.ModelTest" assertions="6" time="0.024717"/>
        <testcase name="test_scopeFilterColumns_with_boolean_filter_type_and_true_value" file="/app/vendor/gammamatrix/playground/tests/Unit/Models/Scopes/ScopeFilterColumns/ModelTest.php" line="240" class="Tests\Unit\Playground\Models\Scopes\ScopeFilterColumns\ModelTest" classname="Tests.Unit.Playground.Models.Scopes.ScopeFilterColumns.ModelTest" assertions="6" time="0.025361"/>
        <testcase name="test_scopeFilterColumns_with_boolean_filter_type_and_false_value" file="/app/vendor/gammamatrix/playground/tests/Unit/Models/Scopes/ScopeFilterColumns/ModelTest.php" line="274" class="Tests\Unit\Playground\Models\Scopes\ScopeFilterColumns\ModelTest" classname="Tests.Unit.Playground.Models.Scopes.ScopeFilterColumns.ModelTest" assertions="6" time="0.025192"/>
        <testcase name="test_scopeFilterColumns_with_filter_operator_without_operator_and_default_to_like" file="/app/vendor/gammamatrix/playground/tests/Unit/Models/Scopes/ScopeFilterColumns/ModelTest.php" line="308" class="Tests\Unit\Playground\Models\Scopes\ScopeFilterColumns\ModelTest" classname="Tests.Unit.Playground.Models.Scopes.ScopeFilterColumns.ModelTest" assertions="6" time="0.025356"/>
        <testcase name="test_scopeFilterColumns_with_filter_operators" file="/app/vendor/gammamatrix/playground/tests/Unit/Models/Scopes/ScopeFilterColumns/ModelTest.php" line="342" class="Tests\Unit\Playground\Models\Scopes\ScopeFilterColumns\ModelTest" classname="Tests.Unit.Playground.Models.Scopes.ScopeFilterColumns.ModelTest" assertions="74" time="0.033036"/>
        <testcase name="test_scopeFilterColumns_with_between_filter_operator_without_single_parameter_and_ignore_between" file="/app/vendor/gammamatrix/playground/tests/Unit/Models/Scopes/ScopeFilterColumns/ModelTest.php" line="429" class="Tests\Unit\Playground\Models\Scopes\ScopeFilterColumns\ModelTest" classname="Tests.Unit.Playground.Models.Scopes.ScopeFilterColumns.ModelTest" assertions="4" time="0.026794"/>
        <testcase name="test_scopeFilterColumns_with_between_filter_operator" file="/app/vendor/gammamatrix/playground/tests/Unit/Models/Scopes/ScopeFilterColumns/ModelTest.php" line="462" class="Tests\Unit\Playground\Models\Scopes\ScopeFilterColumns\ModelTest" classname="Tests.Unit.Playground.Models.Scopes.ScopeFilterColumns.ModelTest" assertions="8" time="0.026241"/>
        <testcase name="test_scopeFilterColumns_with_not_between_filter_operator_without_single_parameter_and_ignore_between" file="/app/vendor/gammamatrix/playground/tests/Unit/Models/Scopes/ScopeFilterColumns/ModelTest.php" line="499" class="Tests\Unit\Playground\Models\Scopes\ScopeFilterColumns\ModelTest" classname="Tests.Unit.Playground.Models.Scopes.ScopeFilterColumns.ModelTest" assertions="4" time="0.026394"/>
        <testcase name="test_scopeFilterColumns_with_not_between_filter_operator" file="/app/vendor/gammamatrix/playground/tests/Unit/Models/Scopes/ScopeFilterColumns/ModelTest.php" line="532" class="Tests\Unit\Playground\Models\Scopes\ScopeFilterColumns\ModelTest" classname="Tests.Unit.Playground.Models.Scopes.ScopeFilterColumns.ModelTest" assertions="8" time="0.026758"/>
      </testsuite>
      <testsuite name="Tests\Unit\Playground\Models\Scopes\ScopeFilterDates\ModelTest" file="/app/vendor/gammamatrix/playground/tests/Unit/Models/Scopes/ScopeFilterDates/ModelTest.php" tests="18" assertions="160" errors="0" failures="0" skipped="0" time="0.474562">
        <testcase name="test_scopeFilterDates_returns_query_without_dates_or_filters" file="/app/vendor/gammamatrix/playground/tests/Unit/Models/Scopes/ScopeFilterDates/ModelTest.php" line="36" class="Tests\Unit\Playground\Models\Scopes\ScopeFilterDates\ModelTest" classname="Tests.Unit.Playground.Models.Scopes.ScopeFilterDates.ModelTest" assertions="2" time="0.022935"/>
        <testcase name="test_scopeFilterDates_returns_query_without_filters" file="/app/vendor/gammamatrix/playground/tests/Unit/Models/Scopes/ScopeFilterDates/ModelTest.php" line="52" class="Tests\Unit\Playground\Models\Scopes\ScopeFilterDates\ModelTest" classname="Tests.Unit.Playground.Models.Scopes.ScopeFilterDates.ModelTest" assertions="4" time="0.023371"/>
        <testcase name="test_scopeFilterDates_returns_query_with_invalid_column" file="/app/vendor/gammamatrix/playground/tests/Unit/Models/Scopes/ScopeFilterDates/ModelTest.php" line="75" class="Tests\Unit\Playground\Models\Scopes\ScopeFilterDates\ModelTest" classname="Tests.Unit.Playground.Models.Scopes.ScopeFilterDates.ModelTest" assertions="4" time="0.023575"/>
        <testcase name="test_scopeFilterDates_returns_query_with_filters_without_meta_for_strings" file="/app/vendor/gammamatrix/playground/tests/Unit/Models/Scopes/ScopeFilterDates/ModelTest.php" line="105" class="Tests\Unit\Playground\Models\Scopes\ScopeFilterDates\ModelTest" classname="Tests.Unit.Playground.Models.Scopes.ScopeFilterDates.ModelTest" assertions="6" time="0.027023"/>
        <testcase name="test_scopeFilterDates_returns_query_with_null_comparison_and_ignore" file="/app/vendor/gammamatrix/playground/tests/Unit/Models/Scopes/ScopeFilterDates/ModelTest.php" line="140" class="Tests\Unit\Playground\Models\Scopes\ScopeFilterDates\ModelTest" classname="Tests.Unit.Playground.Models.Scopes.ScopeFilterDates.ModelTest" assertions="4" time="0.024317"/>
        <testcase name="test_scopeFilterDates_returns_query_with_null_comparison_and_allow" file="/app/vendor/gammamatrix/playground/tests/Unit/Models/Scopes/ScopeFilterDates/ModelTest.php" line="175" class="Tests\Unit\Playground\Models\Scopes\ScopeFilterDates\ModelTest" classname="Tests.Unit.Playground.Models.Scopes.ScopeFilterDates.ModelTest" assertions="4" time="0.024275"/>
        <testcase name="test_scopeFilterDates_returns_query_with_comparison" file="/app/vendor/gammamatrix/playground/tests/Unit/Models/Scopes/ScopeFilterDates/ModelTest.php" line="210" class="Tests\Unit\Playground\Models\Scopes\ScopeFilterDates\ModelTest" classname="Tests.Unit.Playground.Models.Scopes.ScopeFilterDates.ModelTest" assertions="6" time="0.024977"/>
        <testcase name="test_scopeFilterDates_returns_query_with_wildcard" file="/app/vendor/gammamatrix/playground/tests/Unit/Models/Scopes/ScopeFilterDates/ModelTest.php" line="243" class="Tests\Unit\Playground\Models\Scopes\ScopeFilterDates\ModelTest" classname="Tests.Unit.Playground.Models.Scopes.ScopeFilterDates.ModelTest" assertions="6" time="0.026734"/>
        <testcase name="test_scopeFilterDates_returns_query_with_operator_wildcard" file="/app/vendor/gammamatrix/playground/tests/Unit/Models/Scopes/ScopeFilterDates/ModelTest.php" line="275" class="Tests\Unit\Playground\Models\Scopes\ScopeFilterDates\ModelTest" classname="Tests.Unit.Playground.Models.Scopes.ScopeFilterDates.ModelTest" assertions="6" time="0.025315"/>
        <testcase name="test_scopeFilterDates_returns_query_with_object_value_and_ignore" file="/app/vendor/gammamatrix/playground/tests/Unit/Models/Scopes/ScopeFilterDates/ModelTest.php" line="309" class="Tests\Unit\Playground\Models\Scopes\ScopeFilterDates\ModelTest" classname="Tests.Unit.Playground.Models.Scopes.ScopeFilterDates.ModelTest" assertions="4" time="0.026889"/>
        <testcase name="test_scopeFilterDates_returns_query_with_unnullable_value_and_ignore" file="/app/vendor/gammamatrix/playground/tests/Unit/Models/Scopes/ScopeFilterDates/ModelTest.php" line="342" class="Tests\Unit\Playground\Models\Scopes\ScopeFilterDates\ModelTest" classname="Tests.Unit.Playground.Models.Scopes.ScopeFilterDates.ModelTest" assertions="4" time="0.025716"/>
        <testcase name="test_scopeFilterDates_returns_query_with_invalid_operator_and_use_like" file="/app/vendor/gammamatrix/playground/tests/Unit/Models/Scopes/ScopeFilterDates/ModelTest.php" line="374" class="Tests\Unit\Playground\Models\Scopes\ScopeFilterDates\ModelTest" classname="Tests.Unit.Playground.Models.Scopes.ScopeFilterDates.ModelTest" assertions="6" time="0.026755"/>
        <testcase name="test_scopeFilterDates_returns_query_with_invalid_parsable_value_and_ignore" file="/app/vendor/gammamatrix/playground/tests/Unit/Models/Scopes/ScopeFilterDates/ModelTest.php" line="412" class="Tests\Unit\Playground\Models\Scopes\ScopeFilterDates\ModelTest" classname="Tests.Unit.Playground.Models.Scopes.ScopeFilterDates.ModelTest" assertions="4" time="0.026498"/>
        <testcase name="test_scopeFilterDates_returns_query_with_short_date_and_gte_operator" file="/app/vendor/gammamatrix/playground/tests/Unit/Models/Scopes/ScopeFilterDates/ModelTest.php" line="445" class="Tests\Unit\Playground\Models\Scopes\ScopeFilterDates\ModelTest" classname="Tests.Unit.Playground.Models.Scopes.ScopeFilterDates.ModelTest" assertions="6" time="0.026634"/>
        <testcase name="test_scopeFilterDates_returns_query_with_phrase_date_and_automatically_parse" file="/app/vendor/gammamatrix/playground/tests/Unit/Models/Scopes/ScopeFilterDates/ModelTest.php" line="480" class="Tests\Unit\Playground\Models\Scopes\ScopeFilterDates\ModelTest" classname="Tests.Unit.Playground.Models.Scopes.ScopeFilterDates.ModelTest" assertions="6" time="0.028896"/>
        <testcase name="test_scopeFilterDates_with_between_filter_operator_with_parse" file="/app/vendor/gammamatrix/playground/tests/Unit/Models/Scopes/ScopeFilterDates/ModelTest.php" line="518" class="Tests\Unit\Playground\Models\Scopes\ScopeFilterDates\ModelTest" classname="Tests.Unit.Playground.Models.Scopes.ScopeFilterDates.ModelTest" assertions="7" time="0.027648"/>
        <testcase name="test_scopeFilterDates_with_not_between_filter_operator_with_parse" file="/app/vendor/gammamatrix/playground/tests/Unit/Models/Scopes/ScopeFilterDates/ModelTest.php" line="563" class="Tests\Unit\Playground\Models\Scopes\ScopeFilterDates\ModelTest" classname="Tests.Unit.Playground.Models.Scopes.ScopeFilterDates.ModelTest" assertions="7" time="0.027738"/>
        <testcase name="test_scopeFilterDates_with_filter_operators" file="/app/vendor/gammamatrix/playground/tests/Unit/Models/Scopes/ScopeFilterDates/ModelTest.php" line="608" class="Tests\Unit\Playground\Models\Scopes\ScopeFilterDates\ModelTest" classname="Tests.Unit.Playground.Models.Scopes.ScopeFilterDates.ModelTest" assertions="74" time="0.035264"/>
      </testsuite>
      <testsuite name="Tests\Unit\Playground\Models\Scopes\ScopeFilterFlags\ModelTest" file="/app/vendor/gammamatrix/playground/tests/Unit/Models/Scopes/ScopeFilterFlags/ModelTest.php" tests="3" assertions="14" errors="0" failures="0" skipped="0" time="0.070761">
        <testcase name="test_scopeFilterFlags_returns_query_without_flags_or_filters" file="/app/vendor/gammamatrix/playground/tests/Unit/Models/Scopes/ScopeFilterFlags/ModelTest.php" line="36" class="Tests\Unit\Playground\Models\Scopes\ScopeFilterFlags\ModelTest" classname="Tests.Unit.Playground.Models.Scopes.ScopeFilterFlags.ModelTest" assertions="2" time="0.024008"/>
        <testcase name="test_scopeFilterFlags_returns_query_without_filters" file="/app/vendor/gammamatrix/playground/tests/Unit/Models/Scopes/ScopeFilterFlags/ModelTest.php" line="52" class="Tests\Unit\Playground\Models\Scopes\ScopeFilterFlags\ModelTest" classname="Tests.Unit.Playground.Models.Scopes.ScopeFilterFlags.ModelTest" assertions="4" time="0.023155"/>
        <testcase name="test_scopeFilterFlags_returns_query_with_filters" file="/app/vendor/gammamatrix/playground/tests/Unit/Models/Scopes/ScopeFilterFlags/ModelTest.php" line="75" class="Tests\Unit\Playground\Models\Scopes\ScopeFilterFlags\ModelTest" classname="Tests.Unit.Playground.Models.Scopes.ScopeFilterFlags.ModelTest" assertions="8" time="0.023598"/>
      </testsuite>
      <testsuite name="Tests\Unit\Playground\Models\Scopes\ScopeFilterIds\ModelTest" file="/app/vendor/gammamatrix/playground/tests/Unit/Models/Scopes/ScopeFilterIds/ModelTest.php" tests="11" assertions="70" errors="0" failures="0" skipped="0" time="0.300582">
        <testcase name="test_scopeFilterIds_returns_query_without_ids_or_filters" file="/app/vendor/gammamatrix/playground/tests/Unit/Models/Scopes/ScopeFilterIds/ModelTest.php" line="36" class="Tests\Unit\Playground\Models\Scopes\ScopeFilterIds\ModelTest" classname="Tests.Unit.Playground.Models.Scopes.ScopeFilterIds.ModelTest" assertions="2" time="0.022970"/>
        <testcase name="test_scopeFilterIds_returns_query_without_filters" file="/app/vendor/gammamatrix/playground/tests/Unit/Models/Scopes/ScopeFilterIds/ModelTest.php" line="52" class="Tests\Unit\Playground\Models\Scopes\ScopeFilterIds\ModelTest" classname="Tests.Unit.Playground.Models.Scopes.ScopeFilterIds.ModelTest" assertions="4" time="0.025920"/>
        <testcase name="test_scopeFilterIds_returns_query_with_invalid_column" file="/app/vendor/gammamatrix/playground/tests/Unit/Models/Scopes/ScopeFilterIds/ModelTest.php" line="75" class="Tests\Unit\Playground\Models\Scopes\ScopeFilterIds\ModelTest" classname="Tests.Unit.Playground.Models.Scopes.ScopeFilterIds.ModelTest" assertions="4" time="0.024046"/>
        <testcase name="test_scopeFilterIds_returns_query_with_null_comparison" file="/app/vendor/gammamatrix/playground/tests/Unit/Models/Scopes/ScopeFilterIds/ModelTest.php" line="105" class="Tests\Unit\Playground\Models\Scopes\ScopeFilterIds\ModelTest" classname="Tests.Unit.Playground.Models.Scopes.ScopeFilterIds.ModelTest" assertions="4" time="0.024090"/>
        <testcase name="test_scopeFilterIds_returns_query_with_comparison" file="/app/vendor/gammamatrix/playground/tests/Unit/Models/Scopes/ScopeFilterIds/ModelTest.php" line="136" class="Tests\Unit\Playground\Models\Scopes\ScopeFilterIds\ModelTest" classname="Tests.Unit.Playground.Models.Scopes.ScopeFilterIds.ModelTest" assertions="6" time="0.024223"/>
        <testcase name="test_scopeFilterIds_returns_query_with_filters_array" file="/app/vendor/gammamatrix/playground/tests/Unit/Models/Scopes/ScopeFilterIds/ModelTest.php" line="168" class="Tests\Unit\Playground\Models\Scopes\ScopeFilterIds\ModelTest" classname="Tests.Unit.Playground.Models.Scopes.ScopeFilterIds.ModelTest" assertions="10" time="0.043411"/>
        <testcase name="test_scopeFilterIds_returns_query_with_filters_with_integer" file="/app/vendor/gammamatrix/playground/tests/Unit/Models/Scopes/ScopeFilterIds/ModelTest.php" line="218" class="Tests\Unit\Playground\Models\Scopes\ScopeFilterIds\ModelTest" classname="Tests.Unit.Playground.Models.Scopes.ScopeFilterIds.ModelTest" assertions="6" time="0.026460"/>
        <testcase name="test_scopeFilterIds_returns_query_with_array_of_ids_without_type" file="/app/vendor/gammamatrix/playground/tests/Unit/Models/Scopes/ScopeFilterIds/ModelTest.php" line="259" class="Tests\Unit\Playground\Models\Scopes\ScopeFilterIds\ModelTest" classname="Tests.Unit.Playground.Models.Scopes.ScopeFilterIds.ModelTest" assertions="10" time="0.026879"/>
        <testcase name="test_scopeFilterIds_returns_query_with_array_of_uuids_for_integer_type_ids_and_ignore" file="/app/vendor/gammamatrix/playground/tests/Unit/Models/Scopes/ScopeFilterIds/ModelTest.php" line="307" class="Tests\Unit\Playground\Models\Scopes\ScopeFilterIds\ModelTest" classname="Tests.Unit.Playground.Models.Scopes.ScopeFilterIds.ModelTest" assertions="4" time="0.026798"/>
        <testcase name="test_scopeFilterIds_returns_query_with_array_of_integer_ids_ignore_duplicate_id" file="/app/vendor/gammamatrix/playground/tests/Unit/Models/Scopes/ScopeFilterIds/ModelTest.php" line="348" class="Tests\Unit\Playground\Models\Scopes\ScopeFilterIds\ModelTest" classname="Tests.Unit.Playground.Models.Scopes.ScopeFilterIds.ModelTest" assertions="8" time="0.026811"/>
        <testcase name="test_scopeFilterIds_returns_query_with_filters_with_null_and_string_and_array" file="/app/vendor/gammamatrix/playground/tests/Unit/Models/Scopes/ScopeFilterIds/ModelTest.php" line="394" class="Tests\Unit\Playground\Models\Scopes\ScopeFilterIds\ModelTest" classname="Tests.Unit.Playground.Models.Scopes.ScopeFilterIds.ModelTest" assertions="12" time="0.028976"/>
      </testsuite>
      <testsuite name="Tests\Unit\Playground\Models\Scopes\ScopeFilterTrash\ModelTest" file="/app/vendor/gammamatrix/playground/tests/Unit/Models/Scopes/ScopeFilterTrash/ModelTest.php" tests="3" assertions="6" errors="0" failures="0" skipped="0" time="0.070993">
        <testcase name="test_scopeFilterTrash_returns_query_with_empty_visibility" file="/app/vendor/gammamatrix/playground/tests/Unit/Models/Scopes/ScopeFilterTrash/ModelTest.php" line="36" class="Tests\Unit\Playground\Models\Scopes\ScopeFilterTrash\ModelTest" classname="Tests.Unit.Playground.Models.Scopes.ScopeFilterTrash.ModelTest" assertions="2" time="0.022553"/>
        <testcase name="test_scopeFilterTrash_returns_query_with_trash" file="/app/vendor/gammamatrix/playground/tests/Unit/Models/Scopes/ScopeFilterTrash/ModelTest.php" line="52" class="Tests\Unit\Playground\Models\Scopes\ScopeFilterTrash\ModelTest" classname="Tests.Unit.Playground.Models.Scopes.ScopeFilterTrash.ModelTest" assertions="2" time="0.023759"/>
        <testcase name="test_scopeFilterTrash_returns_query_with_only_trash" file="/app/vendor/gammamatrix/playground/tests/Unit/Models/Scopes/ScopeFilterTrash/ModelTest.php" line="70" class="Tests\Unit\Playground\Models\Scopes\ScopeFilterTrash\ModelTest" classname="Tests.Unit.Playground.Models.Scopes.ScopeFilterTrash.ModelTest" assertions="2" time="0.024681"/>
      </testsuite>
      <testsuite name="Tests\Unit\Playground\Models\Scopes\ScopeSort\ModelTest" file="/app/vendor/gammamatrix/playground/tests/Unit/Models/Scopes/ScopeSort/ModelTest.php" tests="11" assertions="23" errors="0" failures="0" skipped="0" time="0.269734">
        <testcase name="test_scopeSort_returns_query_with_empty_sort" file="/app/vendor/gammamatrix/playground/tests/Unit/Models/Scopes/ScopeSort/ModelTest.php" line="36" class="Tests\Unit\Playground\Models\Scopes\ScopeSort\ModelTest" classname="Tests.Unit.Playground.Models.Scopes.ScopeSort.ModelTest" assertions="3" time="0.022689"/>
        <testcase name="test_scopeSort_returns_query_with_array_boolean_sort_asc" file="/app/vendor/gammamatrix/playground/tests/Unit/Models/Scopes/ScopeSort/ModelTest.php" line="54" class="Tests\Unit\Playground\Models\Scopes\ScopeSort\ModelTest" classname="Tests.Unit.Playground.Models.Scopes.ScopeSort.ModelTest" assertions="2" time="0.025667"/>
        <testcase name="test_scopeSort_returns_query_with_array_boolean_sort_desc" file="/app/vendor/gammamatrix/playground/tests/Unit/Models/Scopes/ScopeSort/ModelTest.php" line="74" class="Tests\Unit\Playground\Models\Scopes\ScopeSort\ModelTest" classname="Tests.Unit.Playground.Models.Scopes.ScopeSort.ModelTest" assertions="2" time="0.023337"/>
        <testcase name="test_scopeSort_returns_query_with_array_boolean_sort_pair" file="/app/vendor/gammamatrix/playground/tests/Unit/Models/Scopes/ScopeSort/ModelTest.php" line="94" class="Tests\Unit\Playground\Models\Scopes\ScopeSort\ModelTest" classname="Tests.Unit.Playground.Models.Scopes.ScopeSort.ModelTest" assertions="2" time="0.023591"/>
        <testcase name="test_scopeSort_returns_query_with_array_boolean_sort_triplet" file="/app/vendor/gammamatrix/playground/tests/Unit/Models/Scopes/ScopeSort/ModelTest.php" line="115" class="Tests\Unit\Playground\Models\Scopes\ScopeSort\ModelTest" classname="Tests.Unit.Playground.Models.Scopes.ScopeSort.ModelTest" assertions="2" time="0.023922"/>
        <testcase name="test_scopeSort_returns_query_with_csv_sort_asc" file="/app/vendor/gammamatrix/playground/tests/Unit/Models/Scopes/ScopeSort/ModelTest.php" line="137" class="Tests\Unit\Playground\Models\Scopes\ScopeSort\ModelTest" classname="Tests.Unit.Playground.Models.Scopes.ScopeSort.ModelTest" assertions="2" time="0.025932"/>
        <testcase name="test_scopeSort_returns_query_with_csv_sort_desc" file="/app/vendor/gammamatrix/playground/tests/Unit/Models/Scopes/ScopeSort/ModelTest.php" line="153" class="Tests\Unit\Playground\Models\Scopes\ScopeSort\ModelTest" classname="Tests.Unit.Playground.Models.Scopes.ScopeSort.ModelTest" assertions="2" time="0.024412"/>
        <testcase name="test_scopeSort_returns_query_with_simple_array_asc" file="/app/vendor/gammamatrix/playground/tests/Unit/Models/Scopes/ScopeSort/ModelTest.php" line="178" class="Tests\Unit\Playground\Models\Scopes\ScopeSort\ModelTest" classname="Tests.Unit.Playground.Models.Scopes.ScopeSort.ModelTest" assertions="2" time="0.024579"/>
        <testcase name="test_scopeSort_returns_query_with_simple_array_desc" file="/app/vendor/gammamatrix/playground/tests/Unit/Models/Scopes/ScopeSort/ModelTest.php" line="196" class="Tests\Unit\Playground\Models\Scopes\ScopeSort\ModelTest" classname="Tests.Unit.Playground.Models.Scopes.ScopeSort.ModelTest" assertions="2" time="0.024912"/>
        <testcase name="test_scopeSort_returns_query_with_hash_array_asc" file="/app/vendor/gammamatrix/playground/tests/Unit/Models/Scopes/ScopeSort/ModelTest.php" line="214" class="Tests\Unit\Playground\Models\Scopes\ScopeSort\ModelTest" classname="Tests.Unit.Playground.Models.Scopes.ScopeSort.ModelTest" assertions="2" time="0.025427"/>
        <testcase name="test_scopeSort_returns_query_with_hash_array_desc" file="/app/vendor/gammamatrix/playground/tests/Unit/Models/Scopes/ScopeSort/ModelTest.php" line="234" class="Tests\Unit\Playground\Models\Scopes\ScopeSort\ModelTest" classname="Tests.Unit.Playground.Models.Scopes.ScopeSort.ModelTest" assertions="2" time="0.025265"/>
      </testsuite>
      <testsuite name="Tests\Unit\Playground\Models\User\ModelTest" file="/app/vendor/gammamatrix/playground/tests/Unit/Models/User/ModelTest.php" tests="4" assertions="39" errors="0" failures="0" skipped="0" time="0.151652">
        <testcase name="test_add_has_and_remove_Abilities" file="/app/vendor/gammamatrix/playground/tests/Unit/Models/User/ModelTest.php" line="17" class="Tests\Unit\Playground\Models\User\ModelTest" classname="Tests.Unit.Playground.Models.User.ModelTest" assertions="9" time="0.080516"/>
        <testcase name="test_add_has_and_remove_Privileges" file="/app/vendor/gammamatrix/playground/tests/Unit/Models/User/ModelTest.php" line="51" class="Tests\Unit\Playground\Models\User\ModelTest" classname="Tests.Unit.Playground.Models.User.ModelTest" assertions="9" time="0.022969"/>
        <testcase name="test_add_has_and_remove_Roles" file="/app/vendor/gammamatrix/playground/tests/Unit/Models/User/ModelTest.php" line="85" class="Tests\Unit\Playground\Models\User\ModelTest" classname="Tests.Unit.Playground.Models.User.ModelTest" assertions="15" time="0.024420"/>
        <testcase name="test_isAdmin_with_admins_and_users" file="/app/vendor/gammamatrix/playground/tests/Unit/Models/User/ModelTest.php" line="146" class="Tests\Unit\Playground\Models\User\ModelTest" classname="Tests.Unit.Playground.Models.User.ModelTest" assertions="6" time="0.023746"/>
      </testsuite>
      <testsuite name="Tests\Unit\Playground\ServiceProvider\InstanceTest" file="/app/vendor/gammamatrix/playground/tests/Unit/ServiceProvider/InstanceTest.php" tests="5" assertions="8" errors="0" failures="0" skipped="0" time="0.118752">
        <testcase name="test_version" file="/app/vendor/gammamatrix/playground/tests/Unit/ServiceProvider/InstanceTest.php" line="19" class="Tests\Unit\Playground\ServiceProvider\InstanceTest" classname="Tests.Unit.Playground.ServiceProvider.InstanceTest" assertions="2" time="0.021122"/>
        <testcase name="test_userPrimaryKeyType_with_empty_model" file="/app/vendor/gammamatrix/playground/tests/Unit/ServiceProvider/InstanceTest.php" line="25" class="Tests\Unit\Playground\ServiceProvider\InstanceTest" classname="Tests.Unit.Playground.ServiceProvider.InstanceTest" assertions="1" time="0.022858"/>
        <testcase name="test_userPrimaryKeyType_with_incrementing_model" file="/app/vendor/gammamatrix/playground/tests/Unit/ServiceProvider/InstanceTest.php" line="39" class="Tests\Unit\Playground\ServiceProvider\InstanceTest" classname="Tests.Unit.Playground.ServiceProvider.InstanceTest" assertions="1" time="0.028066"/>
        <testcase name="test_userPrimaryKeyType_with_uuid_model" file="/app/vendor/gammamatrix/playground/tests/Unit/ServiceProvider/InstanceTest.php" line="53" class="Tests\Unit\Playground\ServiceProvider\InstanceTest" classname="Tests.Unit.Playground.ServiceProvider.InstanceTest" assertions="1" time="0.023100"/>
        <testcase name="test_userPrimaryKeyType_with_exception" file="/app/vendor/gammamatrix/playground/tests/Unit/ServiceProvider/InstanceTest.php" line="67" class="Tests\Unit\Playground\ServiceProvider\InstanceTest" classname="Tests.Unit.Playground.ServiceProvider.InstanceTest" assertions="3" time="0.023606"/>
      </testsuite>
      <testsuite name="Tests\Unit\Playground\Auth\Console\Commands\HashPassword\CommandTest" file="/app/vendor/gammamatrix/playground-auth/tests/Unit/Console/Commands/HashPassword/CommandTest.php" tests="3" assertions="5" errors="0" failures="0" skipped="0" time="0.173846">
        <testcase name="test_command_auth_hash_password_with_json" file="/app/vendor/gammamatrix/playground-auth/tests/Unit/Console/Commands/HashPassword/CommandTest.php" line="17" class="Tests\Unit\Playground\Auth\Console\Commands\HashPassword\CommandTest" classname="Tests.Unit.Playground.Auth.Console.Commands.HashPassword.CommandTest" assertions="2" time="0.121409"/>
        <testcase name="test_command_auth_hash_password" file="/app/vendor/gammamatrix/playground-auth/tests/Unit/Console/Commands/HashPassword/CommandTest.php" line="29" class="Tests\Unit\Playground\Auth\Console\Commands\HashPassword\CommandTest" classname="Tests.Unit.Playground.Auth.Console.Commands.HashPassword.CommandTest" assertions="1" time="0.027285"/>
        <testcase name="test_command_auth_hash_password_without_argument_and_fail" file="/app/vendor/gammamatrix/playground-auth/tests/Unit/Console/Commands/HashPassword/CommandTest.php" line="38" class="Tests\Unit\Playground\Auth\Console\Commands\HashPassword\CommandTest" classname="Tests.Unit.Playground.Auth.Console.Commands.HashPassword.CommandTest" assertions="2" time="0.025152"/>
      </testsuite>
      <testsuite name="Tests\Unit\Playground\Auth\Policies\ModelPolicy\AbstractRoleTest" file="/app/vendor/gammamatrix/playground-auth/tests/Unit/Policies/ModelPolicy/AbstractRoleTest.php" tests="24" assertions="30" errors="0" failures="0" skipped="0" time="0.785300">
        <testcase name="test_create_without_role" file="/app/vendor/gammamatrix/playground-auth/tests/Unit/Policies/ModelPolicy/AbstractRoleTest.php" line="32" class="Tests\Unit\Playground\Auth\Policies\ModelPolicy\AbstractRoleTest" classname="Tests.Unit.Playground.Auth.Policies.ModelPolicy.AbstractRoleTest" assertions="1" time="0.112024"/>
        <testcase name="test_create_with_admin" file="/app/vendor/gammamatrix/playground-auth/tests/Unit/Policies/ModelPolicy/AbstractRoleTest.php" line="44" class="Tests\Unit\Playground\Auth\Policies\ModelPolicy\AbstractRoleTest" classname="Tests.Unit.Playground.Auth.Policies.ModelPolicy.AbstractRoleTest" assertions="1" time="0.026012"/>
        <testcase name="test_delete_without_role" file="/app/vendor/gammamatrix/playground-auth/tests/Unit/Policies/ModelPolicy/AbstractRoleTest.php" line="63" class="Tests\Unit\Playground\Auth\Policies\ModelPolicy\AbstractRoleTest" classname="Tests.Unit.Playground.Auth.Policies.ModelPolicy.AbstractRoleTest" assertions="1" time="0.026667"/>
        <testcase name="test_delete_with_admin" file="/app/vendor/gammamatrix/playground-auth/tests/Unit/Policies/ModelPolicy/AbstractRoleTest.php" line="77" class="Tests\Unit\Playground\Auth\Policies\ModelPolicy\AbstractRoleTest" classname="Tests.Unit.Playground.Auth.Policies.ModelPolicy.AbstractRoleTest" assertions="1" time="0.026381"/>
        <testcase name="test_delete_locked_with_admin" file="/app/vendor/gammamatrix/playground-auth/tests/Unit/Policies/ModelPolicy/AbstractRoleTest.php" line="99" class="Tests\Unit\Playground\Auth\Policies\ModelPolicy\AbstractRoleTest" classname="Tests.Unit.Playground.Auth.Policies.ModelPolicy.AbstractRoleTest" assertions="4" time="0.030059"/>
        <testcase name="test_detail_without_role" file="/app/vendor/gammamatrix/playground-auth/tests/Unit/Policies/ModelPolicy/AbstractRoleTest.php" line="136" class="Tests\Unit\Playground\Auth\Policies\ModelPolicy\AbstractRoleTest" classname="Tests.Unit.Playground.Auth.Policies.ModelPolicy.AbstractRoleTest" assertions="1" time="0.027287"/>
        <testcase name="test_detail_with_admin" file="/app/vendor/gammamatrix/playground-auth/tests/Unit/Policies/ModelPolicy/AbstractRoleTest.php" line="150" class="Tests\Unit\Playground\Auth\Policies\ModelPolicy\AbstractRoleTest" classname="Tests.Unit.Playground.Auth.Policies.ModelPolicy.AbstractRoleTest" assertions="1" time="0.026975"/>
        <testcase name="test_edit_without_role" file="/app/vendor/gammamatrix/playground-auth/tests/Unit/Policies/ModelPolicy/AbstractRoleTest.php" line="172" class="Tests\Unit\Playground\Auth\Policies\ModelPolicy\AbstractRoleTest" classname="Tests.Unit.Playground.Auth.Policies.ModelPolicy.AbstractRoleTest" assertions="1" time="0.027629"/>
        <testcase name="test_edit_with_admin" file="/app/vendor/gammamatrix/playground-auth/tests/Unit/Policies/ModelPolicy/AbstractRoleTest.php" line="186" class="Tests\Unit\Playground\Auth\Policies\ModelPolicy\AbstractRoleTest" classname="Tests.Unit.Playground.Auth.Policies.ModelPolicy.AbstractRoleTest" assertions="1" time="0.027706"/>
        <testcase name="test_forceDelete_without_role" file="/app/vendor/gammamatrix/playground-auth/tests/Unit/Policies/ModelPolicy/AbstractRoleTest.php" line="208" class="Tests\Unit\Playground\Auth\Policies\ModelPolicy\AbstractRoleTest" classname="Tests.Unit.Playground.Auth.Policies.ModelPolicy.AbstractRoleTest" assertions="1" time="0.028165"/>
        <testcase name="test_forceDelete_with_admin" file="/app/vendor/gammamatrix/playground-auth/tests/Unit/Policies/ModelPolicy/AbstractRoleTest.php" line="222" class="Tests\Unit\Playground\Auth\Policies\ModelPolicy\AbstractRoleTest" classname="Tests.Unit.Playground.Auth.Policies.ModelPolicy.AbstractRoleTest" assertions="1" time="0.027784"/>
        <testcase name="test_lock_without_role" file="/app/vendor/gammamatrix/playground-auth/tests/Unit/Policies/ModelPolicy/AbstractRoleTest.php" line="244" class="Tests\Unit\Playground\Auth\Policies\ModelPolicy\AbstractRoleTest" classname="Tests.Unit.Playground.Auth.Policies.ModelPolicy.AbstractRoleTest" assertions="1" time="0.029282"/>
        <testcase name="test_lock_with_admin" file="/app/vendor/gammamatrix/playground-auth/tests/Unit/Policies/ModelPolicy/AbstractRoleTest.php" line="258" class="Tests\Unit\Playground\Auth\Policies\ModelPolicy\AbstractRoleTest" classname="Tests.Unit.Playground.Auth.Policies.ModelPolicy.AbstractRoleTest" assertions="1" time="0.028430"/>
        <testcase name="test_manage_without_role" file="/app/vendor/gammamatrix/playground-auth/tests/Unit/Policies/ModelPolicy/AbstractRoleTest.php" line="280" class="Tests\Unit\Playground\Auth\Policies\ModelPolicy\AbstractRoleTest" classname="Tests.Unit.Playground.Auth.Policies.ModelPolicy.AbstractRoleTest" assertions="1" time="0.029214"/>
        <testcase name="test_manage_with_admin" file="/app/vendor/gammamatrix/playground-auth/tests/Unit/Policies/ModelPolicy/AbstractRoleTest.php" line="294" class="Tests\Unit\Playground\Auth\Policies\ModelPolicy\AbstractRoleTest" classname="Tests.Unit.Playground.Auth.Policies.ModelPolicy.AbstractRoleTest" assertions="1" time="0.031631"/>
        <testcase name="test_restore_without_role" file="/app/vendor/gammamatrix/playground-auth/tests/Unit/Policies/ModelPolicy/AbstractRoleTest.php" line="316" class="Tests\Unit\Playground\Auth\Policies\ModelPolicy\AbstractRoleTest" classname="Tests.Unit.Playground.Auth.Policies.ModelPolicy.AbstractRoleTest" assertions="1" time="0.031053"/>
        <testcase name="test_restore_with_admin" file="/app/vendor/gammamatrix/playground-auth/tests/Unit/Policies/ModelPolicy/AbstractRoleTest.php" line="330" class="Tests\Unit\Playground\Auth\Policies\ModelPolicy\AbstractRoleTest" classname="Tests.Unit.Playground.Auth.Policies.ModelPolicy.AbstractRoleTest" assertions="1" time="0.029940"/>
        <testcase name="test_store_without_role" file="/app/vendor/gammamatrix/playground-auth/tests/Unit/Policies/ModelPolicy/AbstractRoleTest.php" line="352" class="Tests\Unit\Playground\Auth\Policies\ModelPolicy\AbstractRoleTest" classname="Tests.Unit.Playground.Auth.Policies.ModelPolicy.AbstractRoleTest" assertions="1" time="0.030097"/>
        <testcase name="test_store_with_admin" file="/app/vendor/gammamatrix/playground-auth/tests/Unit/Policies/ModelPolicy/AbstractRoleTest.php" line="364" class="Tests\Unit\Playground\Auth\Policies\ModelPolicy\AbstractRoleTest" classname="Tests.Unit.Playground.Auth.Policies.ModelPolicy.AbstractRoleTest" assertions="1" time="0.029731"/>
        <testcase name="test_update_without_role" file="/app/vendor/gammamatrix/playground-auth/tests/Unit/Policies/ModelPolicy/AbstractRoleTest.php" line="384" class="Tests\Unit\Playground\Auth\Policies\ModelPolicy\AbstractRoleTest" classname="Tests.Unit.Playground.Auth.Policies.ModelPolicy.AbstractRoleTest" assertions="1" time="0.033594"/>
        <testcase name="test_update_with_admin" file="/app/vendor/gammamatrix/playground-auth/tests/Unit/Policies/ModelPolicy/AbstractRoleTest.php" line="398" class="Tests\Unit\Playground\Auth\Policies\ModelPolicy\AbstractRoleTest" classname="Tests.Unit.Playground.Auth.Policies.ModelPolicy.AbstractRoleTest" assertions="1" time="0.030451"/>
        <testcase name="test_update_locked_with_admin" file="/app/vendor/gammamatrix/playground-auth/tests/Unit/Policies/ModelPolicy/AbstractRoleTest.php" line="420" class="Tests\Unit\Playground\Auth\Policies\ModelPolicy\AbstractRoleTest" classname="Tests.Unit.Playground.Auth.Policies.ModelPolicy.AbstractRoleTest" assertions="4" time="0.030603"/>
        <testcase name="test_unlock_without_role" file="/app/vendor/gammamatrix/playground-auth/tests/Unit/Policies/ModelPolicy/AbstractRoleTest.php" line="457" class="Tests\Unit\Playground\Auth\Policies\ModelPolicy\AbstractRoleTest" classname="Tests.Unit.Playground.Auth.Policies.ModelPolicy.AbstractRoleTest" assertions="1" time="0.031333"/>
        <testcase name="test_unlock_with_admin" file="/app/vendor/gammamatrix/playground-auth/tests/Unit/Policies/ModelPolicy/AbstractRoleTest.php" line="471" class="Tests\Unit\Playground\Auth\Policies\ModelPolicy\AbstractRoleTest" classname="Tests.Unit.Playground.Auth.Policies.ModelPolicy.AbstractRoleTest" assertions="1" time="0.033252"/>
      </testsuite>
      <testsuite name="Tests\Unit\Playground\Auth\Policies\Policy\AbstractTest" file="/app/vendor/gammamatrix/playground-auth/tests/Unit/Policies/Policy/AbstractTest.php" tests="7" assertions="7" errors="0" failures="0" skipped="0" time="0.184823">
        <testcase name="test_before_with_root" file="/app/vendor/gammamatrix/playground-auth/tests/Unit/Policies/Policy/AbstractTest.php" line="32" class="Tests\Unit\Playground\Auth\Policies\Policy\AbstractTest" classname="Tests.Unit.Playground.Auth.Policies.Policy.AbstractTest" assertions="1" time="0.025418"/>
        <testcase name="test_before_with_root_as_secondary_fails" file="/app/vendor/gammamatrix/playground-auth/tests/Unit/Policies/Policy/AbstractTest.php" line="53" class="Tests\Unit\Playground\Auth\Policies\Policy\AbstractTest" classname="Tests.Unit.Playground.Auth.Policies.Policy.AbstractTest" assertions="1" time="0.025353"/>
        <testcase name="test_index_without_role" file="/app/vendor/gammamatrix/playground-auth/tests/Unit/Policies/Policy/AbstractTest.php" line="77" class="Tests\Unit\Playground\Auth\Policies\Policy\AbstractTest" classname="Tests.Unit.Playground.Auth.Policies.Policy.AbstractTest" assertions="1" time="0.027853"/>
        <testcase name="test_index_with_admin" file="/app/vendor/gammamatrix/playground-auth/tests/Unit/Policies/Policy/AbstractTest.php" line="89" class="Tests\Unit\Playground\Auth\Policies\Policy\AbstractTest" classname="Tests.Unit.Playground.Auth.Policies.Policy.AbstractTest" assertions="1" time="0.025847"/>
        <testcase name="test_view_without_role" file="/app/vendor/gammamatrix/playground-auth/tests/Unit/Policies/Policy/AbstractTest.php" line="108" class="Tests\Unit\Playground\Auth\Policies\Policy\AbstractTest" classname="Tests.Unit.Playground.Auth.Policies.Policy.AbstractTest" assertions="1" time="0.026533"/>
        <testcase name="test_view_with_admin" file="/app/vendor/gammamatrix/playground-auth/tests/Unit/Policies/Policy/AbstractTest.php" line="120" class="Tests\Unit\Playground\Auth\Policies\Policy\AbstractTest" classname="Tests.Unit.Playground.Auth.Policies.Policy.AbstractTest" assertions="1" time="0.026530"/>
        <testcase name="test_view_with_admin_in_roles" file="/app/vendor/gammamatrix/playground-auth/tests/Unit/Policies/Policy/AbstractTest.php" line="141" class="Tests\Unit\Playground\Auth\Policies\Policy\AbstractTest" classname="Tests.Unit.Playground.Auth.Policies.Policy.AbstractTest" assertions="1" time="0.027289"/>
      </testsuite>
      <testsuite name="Tests\Unit\Playground\Auth\Policies\PolicyTrait\TraitTest" file="/app/vendor/gammamatrix/playground-auth/tests/Unit/Policies/PolicyTrait/TraitTest.php" tests="11" assertions="15" errors="0" failures="0" skipped="0" time="0.281571">
        <testcase name="test_getEntity" file="/app/vendor/gammamatrix/playground-auth/tests/Unit/Policies/PolicyTrait/TraitTest.php" line="20" class="Tests\Unit\Playground\Auth\Policies\PolicyTrait\TraitTest" classname="Tests.Unit.Playground.Auth.Policies.PolicyTrait.TraitTest" assertions="1" time="0.022493"/>
        <testcase name="test_getPackage" file="/app/vendor/gammamatrix/playground-auth/tests/Unit/Policies/PolicyTrait/TraitTest.php" line="26" class="Tests\Unit\Playground\Auth\Policies\PolicyTrait\TraitTest" classname="Tests.Unit.Playground.Auth.Policies.PolicyTrait.TraitTest" assertions="1" time="0.022975"/>
        <testcase name="test_hasToken" file="/app/vendor/gammamatrix/playground-auth/tests/Unit/Policies/PolicyTrait/TraitTest.php" line="32" class="Tests\Unit\Playground\Auth\Policies\PolicyTrait\TraitTest" classname="Tests.Unit.Playground.Auth.Policies.PolicyTrait.TraitTest" assertions="1" time="0.022752"/>
        <testcase name="test_getToken" file="/app/vendor/gammamatrix/playground-auth/tests/Unit/Policies/PolicyTrait/TraitTest.php" line="38" class="Tests\Unit\Playground\Auth\Policies\PolicyTrait\TraitTest" classname="Tests.Unit.Playground.Auth.Policies.PolicyTrait.TraitTest" assertions="1" time="0.023045"/>
        <testcase name="test_setToken" file="/app/vendor/gammamatrix/playground-auth/tests/Unit/Policies/PolicyTrait/TraitTest.php" line="44" class="Tests\Unit\Playground\Auth\Policies\PolicyTrait\TraitTest" classname="Tests.Unit.Playground.Auth.Policies.PolicyTrait.TraitTest" assertions="1" time="0.023322"/>
        <testcase name="test_verify_does_not_log_when_app_debugging_is_disabled" file="/app/vendor/gammamatrix/playground-auth/tests/Unit/Policies/PolicyTrait/TraitTest.php" line="50" class="Tests\Unit\Playground\Auth\Policies\PolicyTrait\TraitTest" classname="Tests.Unit.Playground.Auth.Policies.PolicyTrait.TraitTest" assertions="2" time="0.029198"/>
        <testcase name="test_verify_does_not_log_when_auth_debugging_is_disabled" file="/app/vendor/gammamatrix/playground-auth/tests/Unit/Policies/PolicyTrait/TraitTest.php" line="77" class="Tests\Unit\Playground\Auth\Policies\PolicyTrait\TraitTest" classname="Tests.Unit.Playground.Auth.Policies.PolicyTrait.TraitTest" assertions="2" time="0.026471"/>
        <testcase name="test_verify_logs_with_debugging_enabled" file="/app/vendor/gammamatrix/playground-auth/tests/Unit/Policies/PolicyTrait/TraitTest.php" line="104" class="Tests\Unit\Playground\Auth\Policies\PolicyTrait\TraitTest" classname="Tests.Unit.Playground.Auth.Policies.PolicyTrait.TraitTest" assertions="3" time="0.028346"/>
        <testcase name="test_verify_privileges" file="/app/vendor/gammamatrix/playground-auth/tests/Unit/Policies/PolicyTrait/TraitTest.php" line="140" class="Tests\Unit\Playground\Auth\Policies\PolicyTrait\TraitTest" classname="Tests.Unit.Playground.Auth.Policies.PolicyTrait.TraitTest" assertions="1" time="0.027442"/>
        <testcase name="test_verify_roles" file="/app/vendor/gammamatrix/playground-auth/tests/Unit/Policies/PolicyTrait/TraitTest.php" line="161" class="Tests\Unit\Playground\Auth\Policies\PolicyTrait\TraitTest" classname="Tests.Unit.Playground.Auth.Policies.PolicyTrait.TraitTest" assertions="1" time="0.028083"/>
        <testcase name="test_verify_user" file="/app/vendor/gammamatrix/playground-auth/tests/Unit/Policies/PolicyTrait/TraitTest.php" line="182" class="Tests\Unit\Playground\Auth\Policies\PolicyTrait\TraitTest" classname="Tests.Unit.Playground.Auth.Policies.PolicyTrait.TraitTest" assertions="1" time="0.027444"/>
      </testsuite>
      <testsuite name="Tests\Unit\Playground\Auth\Policies\PrivilegeTrait\TraitTest" file="/app/vendor/gammamatrix/playground-auth/tests/Unit/Policies/PrivilegeTrait/TraitTest.php" tests="9" assertions="9" errors="0" failures="0" skipped="0" time="0.232310">
        <testcase name="test_privilege_PrivilegePolicy_without_parameter" file="/app/vendor/gammamatrix/playground-auth/tests/Unit/Policies/PrivilegeTrait/TraitTest.php" line="23" class="Tests\Unit\Playground\Auth\Policies\PrivilegeTrait\TraitTest" classname="Tests.Unit.Playground.Auth.Policies.PrivilegeTrait.TraitTest" assertions="1" time="0.022777"/>
        <testcase name="test_privilege_PrivilegeModelPolicy_without_parameter" file="/app/vendor/gammamatrix/playground-auth/tests/Unit/Policies/PrivilegeTrait/TraitTest.php" line="32" class="Tests\Unit\Playground\Auth\Policies\PrivilegeTrait\TraitTest" classname="Tests.Unit.Playground.Auth.Policies.PrivilegeTrait.TraitTest" assertions="1" time="0.022990"/>
        <testcase name="test_privilege_UserPolicy_without_parameter" file="/app/vendor/gammamatrix/playground-auth/tests/Unit/Policies/PrivilegeTrait/TraitTest.php" line="41" class="Tests\Unit\Playground\Auth\Policies\PrivilegeTrait\TraitTest" classname="Tests.Unit.Playground.Auth.Policies.PrivilegeTrait.TraitTest" assertions="1" time="0.023210"/>
        <testcase name="test_privilege_with_package_and_without_parameter" file="/app/vendor/gammamatrix/playground-auth/tests/Unit/Policies/PrivilegeTrait/TraitTest.php" line="50" class="Tests\Unit\Playground\Auth\Policies\PrivilegeTrait\TraitTest" classname="Tests.Unit.Playground.Auth.Policies.PrivilegeTrait.TraitTest" assertions="1" time="0.023043"/>
        <testcase name="test_privilege_with_package_and_entity_and_without_parameter" file="/app/vendor/gammamatrix/playground-auth/tests/Unit/Policies/PrivilegeTrait/TraitTest.php" line="59" class="Tests\Unit\Playground\Auth\Policies\PrivilegeTrait\TraitTest" classname="Tests.Unit.Playground.Auth.Policies.PrivilegeTrait.TraitTest" assertions="1" time="0.024620"/>
        <testcase name="test_hasPrivilege" file="/app/vendor/gammamatrix/playground-auth/tests/Unit/Policies/PrivilegeTrait/TraitTest.php" line="68" class="Tests\Unit\Playground\Auth\Policies\PrivilegeTrait\TraitTest" classname="Tests.Unit.Playground.Auth.Policies.PrivilegeTrait.TraitTest" assertions="1" time="0.028811"/>
        <testcase name="test_hasPrivilege_with_user_hasPrivilege" file="/app/vendor/gammamatrix/playground-auth/tests/Unit/Policies/PrivilegeTrait/TraitTest.php" line="87" class="Tests\Unit\Playground\Auth\Policies\PrivilegeTrait\TraitTest" classname="Tests.Unit.Playground.Auth.Policies.PrivilegeTrait.TraitTest" assertions="1" time="0.029894"/>
        <testcase name="test_hasPrivilege_with_user_privileges" file="/app/vendor/gammamatrix/playground-auth/tests/Unit/Policies/PrivilegeTrait/TraitTest.php" line="110" class="Tests\Unit\Playground\Auth\Policies\PrivilegeTrait\TraitTest" classname="Tests.Unit.Playground.Auth.Policies.PrivilegeTrait.TraitTest" assertions="1" time="0.026744"/>
        <testcase name="test_hasPrivilege_without_privileges_enabled" file="/app/vendor/gammamatrix/playground-auth/tests/Unit/Policies/PrivilegeTrait/TraitTest.php" line="133" class="Tests\Unit\Playground\Auth\Policies\PrivilegeTrait\TraitTest" classname="Tests.Unit.Playground.Auth.Policies.PrivilegeTrait.TraitTest" assertions="1" time="0.030222"/>
      </testsuite>
      <testsuite name="Tests\Unit\Playground\Auth\Policies\RoleTrait\TraitTest" file="/app/vendor/gammamatrix/playground-auth/tests/Unit/Policies/RoleTrait/TraitTest.php" tests="5" assertions="5" errors="0" failures="0" skipped="0" time="0.121280">
        <testcase name="test_getRolesForAdmin" file="/app/vendor/gammamatrix/playground-auth/tests/Unit/Policies/RoleTrait/TraitTest.php" line="20" class="Tests\Unit\Playground\Auth\Policies\RoleTrait\TraitTest" classname="Tests.Unit.Playground.Auth.Policies.RoleTrait.TraitTest" assertions="1" time="0.022783"/>
        <testcase name="test_getRolesForAction" file="/app/vendor/gammamatrix/playground-auth/tests/Unit/Policies/RoleTrait/TraitTest.php" line="33" class="Tests\Unit\Playground\Auth\Policies\RoleTrait\TraitTest" classname="Tests.Unit.Playground.Auth.Policies.RoleTrait.TraitTest" assertions="1" time="0.022620"/>
        <testcase name="test_getRolesToView" file="/app/vendor/gammamatrix/playground-auth/tests/Unit/Policies/RoleTrait/TraitTest.php" line="46" class="Tests\Unit\Playground\Auth\Policies\RoleTrait\TraitTest" classname="Tests.Unit.Playground.Auth.Policies.RoleTrait.TraitTest" assertions="1" time="0.023129"/>
        <testcase name="test_hasRole" file="/app/vendor/gammamatrix/playground-auth/tests/Unit/Policies/RoleTrait/TraitTest.php" line="59" class="Tests\Unit\Playground\Auth\Policies\RoleTrait\TraitTest" classname="Tests.Unit.Playground.Auth.Policies.RoleTrait.TraitTest" assertions="1" time="0.026295"/>
        <testcase name="test_hasRole_advanced_role" file="/app/vendor/gammamatrix/playground-auth/tests/Unit/Policies/RoleTrait/TraitTest.php" line="75" class="Tests\Unit\Playground\Auth\Policies\RoleTrait\TraitTest" classname="Tests.Unit.Playground.Auth.Policies.RoleTrait.TraitTest" assertions="1" time="0.026453"/>
      </testsuite>
      <testsuite name="Tests\Unit\Playground\Cms\Models\Page\ModelTest" file="/app/vendor/gammamatrix/playground-cms/tests/Unit/Models/Page/ModelTest.php" tests="3" assertions="9" errors="0" failures="0" skipped="0" time="0.138679">
        <testcase name="test_model_instance" file="/app/vendor/gammamatrix/playground-test/src/Unit/Models/ModelCase.php" line="103" class="Tests\Unit\Playground\Cms\Models\Page\ModelTest" classname="Tests.Unit.Playground.Cms.Models.Page.ModelTest" assertions="1" time="0.059403"/>
        <testcase name="test_verify_model_relationships" file="/app/vendor/gammamatrix/playground-test/src/Unit/Models/ModelCase.php" line="264" class="Tests\Unit\Playground\Cms\Models\Page\ModelTest" classname="Tests.Unit.Playground.Cms.Models.Page.ModelTest" assertions="5" time="0.055377"/>
        <testcase name="test_model_factory_make" file="/app/vendor/gammamatrix/playground-test/src/Unit/Models/ModelCase.php" line="280" class="Tests\Unit\Playground\Cms\Models\Page\ModelTest" classname="Tests.Unit.Playground.Cms.Models.Page.ModelTest" assertions="3" time="0.023899"/>
      </testsuite>
      <testsuite name="Tests\Unit\Playground\Cms\Models\PageRevision\ModelTest" file="/app/vendor/gammamatrix/playground-cms/tests/Unit/Models/PageRevision/ModelTest.php" tests="3" assertions="8" errors="0" failures="0" skipped="0" time="0.072905">
        <testcase name="test_model_instance" file="/app/vendor/gammamatrix/playground-test/src/Unit/Models/ModelCase.php" line="103" class="Tests\Unit\Playground\Cms\Models\PageRevision\ModelTest" classname="Tests.Unit.Playground.Cms.Models.PageRevision.ModelTest" assertions="1" time="0.022326"/>
        <testcase name="test_verify_model_relationships" file="/app/vendor/gammamatrix/playground-test/src/Unit/Models/ModelCase.php" line="264" class="Tests\Unit\Playground\Cms\Models\PageRevision\ModelTest" classname="Tests.Unit.Playground.Cms.Models.PageRevision.ModelTest" assertions="4" time="0.026699"/>
        <testcase name="test_model_factory_make" file="/app/vendor/gammamatrix/playground-test/src/Unit/Models/ModelCase.php" line="280" class="Tests\Unit\Playground\Cms\Models\PageRevision\ModelTest" classname="Tests.Unit.Playground.Cms.Models.PageRevision.ModelTest" assertions="3" time="0.023880"/>
      </testsuite>
      <testsuite name="Tests\Unit\Playground\Cms\Models\Snippet\ModelTest" file="/app/vendor/gammamatrix/playground-cms/tests/Unit/Models/Snippet/ModelTest.php" tests="3" assertions="9" errors="0" failures="0" skipped="0" time="0.121844">
        <testcase name="test_model_instance" file="/app/vendor/gammamatrix/playground-test/src/Unit/Models/ModelCase.php" line="103" class="Tests\Unit\Playground\Cms\Models\Snippet\ModelTest" classname="Tests.Unit.Playground.Cms.Models.Snippet.ModelTest" assertions="1" time="0.047856"/>
        <testcase name="test_verify_model_relationships" file="/app/vendor/gammamatrix/playground-test/src/Unit/Models/ModelCase.php" line="264" class="Tests\Unit\Playground\Cms\Models\Snippet\ModelTest" classname="Tests.Unit.Playground.Cms.Models.Snippet.ModelTest" assertions="5" time="0.050012"/>
        <testcase name="test_model_factory_make" file="/app/vendor/gammamatrix/playground-test/src/Unit/Models/ModelCase.php" line="280" class="Tests\Unit\Playground\Cms\Models\Snippet\ModelTest" classname="Tests.Unit.Playground.Cms.Models.Snippet.ModelTest" assertions="3" time="0.023976"/>
      </testsuite>
      <testsuite name="Tests\Unit\Playground\Cms\Models\SnippetRevision\ModelTest" file="/app/vendor/gammamatrix/playground-cms/tests/Unit/Models/SnippetRevision/ModelTest.php" tests="3" assertions="8" errors="0" failures="0" skipped="0" time="0.070870">
        <testcase name="test_model_instance" file="/app/vendor/gammamatrix/playground-test/src/Unit/Models/ModelCase.php" line="103" class="Tests\Unit\Playground\Cms\Models\SnippetRevision\ModelTest" classname="Tests.Unit.Playground.Cms.Models.SnippetRevision.ModelTest" assertions="1" time="0.022390"/>
        <testcase name="test_verify_model_relationships" file="/app/vendor/gammamatrix/playground-test/src/Unit/Models/ModelCase.php" line="264" class="Tests\Unit\Playground\Cms\Models\SnippetRevision\ModelTest" classname="Tests.Unit.Playground.Cms.Models.SnippetRevision.ModelTest" assertions="4" time="0.024511"/>
        <testcase name="test_model_factory_make" file="/app/vendor/gammamatrix/playground-test/src/Unit/Models/ModelCase.php" line="280" class="Tests\Unit\Playground\Cms\Models\SnippetRevision\ModelTest" classname="Tests.Unit.Playground.Cms.Models.SnippetRevision.ModelTest" assertions="3" time="0.023969"/>
      </testsuite>
      <testsuite name="Tests\Unit\Playground\Cms\Api\Http\Requests\FormRequest\InstanceTest" file="/app/vendor/gammamatrix/playground-cms-api/tests/Unit/Http/Requests/FormRequest/InstanceTest.php" tests="5" assertions="6" errors="0" failures="0" skipped="0" time="0.208402">
        <testcase name="test_FormRequest_authorize_without_user" file="/app/vendor/gammamatrix/playground-cms-api/tests/Unit/Http/Requests/FormRequest/InstanceTest.php" line="21" class="Tests\Unit\Playground\Cms\Api\Http\Requests\FormRequest\InstanceTest" classname="Tests.Unit.Playground.Cms.Api.Http.Requests.FormRequest.InstanceTest" assertions="1" time="0.087826"/>
        <testcase name="test_RULES_is_empty_by_default" file="/app/vendor/gammamatrix/playground-cms-api/tests/Unit/Http/Requests/FormRequest/InstanceTest.php" line="28" class="Tests\Unit\Playground\Cms\Api\Http\Requests\FormRequest\InstanceTest" classname="Tests.Unit.Playground.Cms.Api.Http.Requests.FormRequest.InstanceTest" assertions="2" time="0.028267"/>
        <testcase name="test_userHasAdminPrivileges_without_user" file="/app/vendor/gammamatrix/playground-cms-api/tests/Unit/Http/Requests/FormRequest/InstanceTest.php" line="36" class="Tests\Unit\Playground\Cms\Api\Http\Requests\FormRequest\InstanceTest" classname="Tests.Unit.Playground.Cms.Api.Http.Requests.FormRequest.InstanceTest" assertions="1" time="0.028128"/>
        <testcase name="test_userHasAdminPrivileges_with_admin" file="/app/vendor/gammamatrix/playground-cms-api/tests/Unit/Http/Requests/FormRequest/InstanceTest.php" line="43" class="Tests\Unit\Playground\Cms\Api\Http\Requests\FormRequest\InstanceTest" classname="Tests.Unit.Playground.Cms.Api.Http.Requests.FormRequest.InstanceTest" assertions="1" time="0.032795"/>
        <testcase name="test_userHasAdminPrivileges_with_default_laravel_user" file="/app/vendor/gammamatrix/playground-cms-api/tests/Unit/Http/Requests/FormRequest/InstanceTest.php" line="55" class="Tests\Unit\Playground\Cms\Api\Http\Requests\FormRequest\InstanceTest" classname="Tests.Unit.Playground.Cms.Api.Http.Requests.FormRequest.InstanceTest" assertions="1" time="0.031385"/>
      </testsuite>
      <testsuite name="Tests\Unit\Playground\Cms\Api\Http\Requests\Page\CreateRequestTest" file="/app/vendor/gammamatrix/playground-cms-api/tests/Unit/Http/Requests/Page/CreateRequestTest.php" tests="1" assertions="1" errors="0" failures="0" skipped="0" time="0.041322">
        <testcase name="test_request_instance" file="/app/vendor/gammamatrix/playground-test/src/Unit/Http/Requests/RequestCase.php" line="41" class="Tests\Unit\Playground\Cms\Api\Http\Requests\Page\CreateRequestTest" classname="Tests.Unit.Playground.Cms.Api.Http.Requests.Page.CreateRequestTest" assertions="1" time="0.041322"/>
      </testsuite>
      <testsuite name="Tests\Unit\Playground\Cms\Api\Http\Requests\Page\StoreRequestTest" file="/app/vendor/gammamatrix/playground-cms-api/tests/Unit/Http/Requests/Page/StoreRequestTest.php" tests="3" assertions="8" errors="0" failures="0" skipped="0" time="0.191365">
        <testcase name="test_request_instance" file="/app/vendor/gammamatrix/playground-test/src/Unit/Http/Requests/RequestCase.php" line="41" class="Tests\Unit\Playground\Cms\Api\Http\Requests\Page\StoreRequestTest" classname="Tests.Unit.Playground.Cms.Api.Http.Requests.Page.StoreRequestTest" assertions="1" time="0.134190"/>
        <testcase name="test_StoreRequest_rules_with_optional_revisions_disabled" file="/app/vendor/gammamatrix/playground-cms-api/tests/Unit/Http/Requests/Page/StoreRequestTest.php" line="19" class="Tests\Unit\Playground\Cms\Api\Http\Requests\Page\StoreRequestTest" classname="Tests.Unit.Playground.Cms.Api.Http.Requests.Page.StoreRequestTest" assertions="3" time="0.028545"/>
        <testcase name="test_StoreRequest_rules_with_optional_revisions_enabled" file="/app/vendor/gammamatrix/playground-cms-api/tests/Unit/Http/Requests/Page/StoreRequestTest.php" line="29" class="Tests\Unit\Playground\Cms\Api\Http\Requests\Page\StoreRequestTest" classname="Tests.Unit.Playground.Cms.Api.Http.Requests.Page.StoreRequestTest" assertions="4" time="0.028631"/>
      </testsuite>
      <testsuite name="Tests\Unit\Playground\Cms\Api\Http\Requests\Page\UpdateRequestTest" file="/app/vendor/gammamatrix/playground-cms-api/tests/Unit/Http/Requests/Page/UpdateRequestTest.php" tests="3" assertions="8" errors="0" failures="0" skipped="0" time="0.106754">
        <testcase name="test_request_instance" file="/app/vendor/gammamatrix/playground-test/src/Unit/Http/Requests/RequestCase.php" line="41" class="Tests\Unit\Playground\Cms\Api\Http\Requests\Page\UpdateRequestTest" classname="Tests.Unit.Playground.Cms.Api.Http.Requests.Page.UpdateRequestTest" assertions="1" time="0.048123"/>
        <testcase name="test_UpdateRequest_rules_with_optional_revisions_disabled" file="/app/vendor/gammamatrix/playground-cms-api/tests/Unit/Http/Requests/Page/UpdateRequestTest.php" line="19" class="Tests\Unit\Playground\Cms\Api\Http\Requests\Page\UpdateRequestTest" classname="Tests.Unit.Playground.Cms.Api.Http.Requests.Page.UpdateRequestTest" assertions="3" time="0.030117"/>
        <testcase name="test_UpdateRequest_rules_with_optional_revisions_enabled" file="/app/vendor/gammamatrix/playground-cms-api/tests/Unit/Http/Requests/Page/UpdateRequestTest.php" line="29" class="Tests\Unit\Playground\Cms\Api\Http\Requests\Page\UpdateRequestTest" classname="Tests.Unit.Playground.Cms.Api.Http.Requests.Page.UpdateRequestTest" assertions="4" time="0.028514"/>
      </testsuite>
      <testsuite name="Tests\Unit\Playground\Cms\Api\Http\Requests\Snippet\CreateRequestTest" file="/app/vendor/gammamatrix/playground-cms-api/tests/Unit/Http/Requests/Snippet/CreateRequestTest.php" tests="1" assertions="1" errors="0" failures="0" skipped="0" time="0.042607">
        <testcase name="test_request_instance" file="/app/vendor/gammamatrix/playground-test/src/Unit/Http/Requests/RequestCase.php" line="41" class="Tests\Unit\Playground\Cms\Api\Http\Requests\Snippet\CreateRequestTest" classname="Tests.Unit.Playground.Cms.Api.Http.Requests.Snippet.CreateRequestTest" assertions="1" time="0.042607"/>
      </testsuite>
      <testsuite name="Tests\Unit\Playground\Cms\Api\Http\Requests\Snippet\StoreRequestTest" file="/app/vendor/gammamatrix/playground-cms-api/tests/Unit/Http/Requests/Snippet/StoreRequestTest.php" tests="3" assertions="8" errors="0" failures="0" skipped="0" time="0.103820">
        <testcase name="test_request_instance" file="/app/vendor/gammamatrix/playground-test/src/Unit/Http/Requests/RequestCase.php" line="41" class="Tests\Unit\Playground\Cms\Api\Http\Requests\Snippet\StoreRequestTest" classname="Tests.Unit.Playground.Cms.Api.Http.Requests.Snippet.StoreRequestTest" assertions="1" time="0.046799"/>
        <testcase name="test_StoreRequest_rules_with_optional_revisions_disabled" file="/app/vendor/gammamatrix/playground-cms-api/tests/Unit/Http/Requests/Snippet/StoreRequestTest.php" line="19" class="Tests\Unit\Playground\Cms\Api\Http\Requests\Snippet\StoreRequestTest" classname="Tests.Unit.Playground.Cms.Api.Http.Requests.Snippet.StoreRequestTest" assertions="3" time="0.028423"/>
        <testcase name="test_StoreRequest_rules_with_optional_revisions_enabled" file="/app/vendor/gammamatrix/playground-cms-api/tests/Unit/Http/Requests/Snippet/StoreRequestTest.php" line="29" class="Tests\Unit\Playground\Cms\Api\Http\Requests\Snippet\StoreRequestTest" classname="Tests.Unit.Playground.Cms.Api.Http.Requests.Snippet.StoreRequestTest" assertions="4" time="0.028598"/>
      </testsuite>
      <testsuite name="Tests\Unit\Playground\Cms\Api\Http\Requests\Snippet\UpdateRequestTest" file="/app/vendor/gammamatrix/playground-cms-api/tests/Unit/Http/Requests/Snippet/UpdateRequestTest.php" tests="3" assertions="8" errors="0" failures="0" skipped="0" time="0.101881">
        <testcase name="test_request_instance" file="/app/vendor/gammamatrix/playground-test/src/Unit/Http/Requests/RequestCase.php" line="41" class="Tests\Unit\Playground\Cms\Api\Http\Requests\Snippet\UpdateRequestTest" classname="Tests.Unit.Playground.Cms.Api.Http.Requests.Snippet.UpdateRequestTest" assertions="1" time="0.044744"/>
        <testcase name="test_UpdateRequest_rules_with_optional_revisions_disabled" file="/app/vendor/gammamatrix/playground-cms-api/tests/Unit/Http/Requests/Snippet/UpdateRequestTest.php" line="19" class="Tests\Unit\Playground\Cms\Api\Http\Requests\Snippet\UpdateRequestTest" classname="Tests.Unit.Playground.Cms.Api.Http.Requests.Snippet.UpdateRequestTest" assertions="3" time="0.028492"/>
        <testcase name="test_UpdateRequest_rules_with_optional_revisions_enabled" file="/app/vendor/gammamatrix/playground-cms-api/tests/Unit/Http/Requests/Snippet/UpdateRequestTest.php" line="29" class="Tests\Unit\Playground\Cms\Api\Http\Requests\Snippet\UpdateRequestTest" classname="Tests.Unit.Playground.Cms.Api.Http.Requests.Snippet.UpdateRequestTest" assertions="4" time="0.028645"/>
      </testsuite>
      <testsuite name="Tests\Unit\Playground\Cms\Api\Policies\PagePolicy\PolicyTest" file="/app/vendor/gammamatrix/playground-cms-api/tests/Unit/Policies/PagePolicy/PolicyTest.php" tests="1" assertions="1" errors="0" failures="0" skipped="0" time="0.027328">
        <testcase name="test_policy_instance" file="/app/vendor/gammamatrix/playground-cms-api/tests/Unit/Policies/PagePolicy/PolicyTest.php" line="17" class="Tests\Unit\Playground\Cms\Api\Policies\PagePolicy\PolicyTest" classname="Tests.Unit.Playground.Cms.Api.Policies.PagePolicy.PolicyTest" assertions="1" time="0.027328"/>
      </testsuite>
      <testsuite name="Tests\Unit\Playground\Cms\Api\Policies\SnippetPolicy\PolicyTest" file="/app/vendor/gammamatrix/playground-cms-api/tests/Unit/Policies/SnippetPolicy/PolicyTest.php" tests="1" assertions="1" errors="0" failures="0" skipped="0" time="0.027618">
        <testcase name="test_policy_instance" file="/app/vendor/gammamatrix/playground-cms-api/tests/Unit/Policies/SnippetPolicy/PolicyTest.php" line="17" class="Tests\Unit\Playground\Cms\Api\Policies\SnippetPolicy\PolicyTest" classname="Tests.Unit.Playground.Cms.Api.Policies.SnippetPolicy.PolicyTest" assertions="1" time="0.027618"/>
      </testsuite>
      <testsuite name="Tests\Unit\Playground\Cms\Api\ServiceProvider\InstanceTest" file="/app/vendor/gammamatrix/playground-cms-api/tests/Unit/ServiceProvider/InstanceTest.php" tests="4" assertions="8" errors="0" failures="0" skipped="0" time="0.114293">
        <testcase name="test_version_matches" file="/app/vendor/gammamatrix/playground-cms-api/tests/Unit/ServiceProvider/InstanceTest.php" line="20" class="Tests\Unit\Playground\Cms\Api\ServiceProvider\InstanceTest" classname="Tests.Unit.Playground.Cms.Api.ServiceProvider.InstanceTest" assertions="3" time="0.027775"/>
        <testcase name="test_setPolicies_with_empty_array" file="/app/vendor/gammamatrix/playground-cms-api/tests/Unit/ServiceProvider/InstanceTest.php" line="29" class="Tests\Unit\Playground\Cms\Api\ServiceProvider\InstanceTest" classname="Tests.Unit.Playground.Cms.Api.ServiceProvider.InstanceTest" assertions="1" time="0.029392"/>
        <testcase name="test_setPolicies_with_invalid_model" file="/app/vendor/gammamatrix/playground-cms-api/tests/Unit/ServiceProvider/InstanceTest.php" line="43" class="Tests\Unit\Playground\Cms\Api\ServiceProvider\InstanceTest" classname="Tests.Unit.Playground.Cms.Api.ServiceProvider.InstanceTest" assertions="2" time="0.028428"/>
        <testcase name="test_setPolicies_with_invalid_policy" file="/app/vendor/gammamatrix/playground-cms-api/tests/Unit/ServiceProvider/InstanceTest.php" line="72" class="Tests\Unit\Playground\Cms\Api\ServiceProvider\InstanceTest" classname="Tests.Unit.Playground.Cms.Api.ServiceProvider.InstanceTest" assertions="2" time="0.028697"/>
      </testsuite>
      <testsuite name="Tests\Unit\Playground\Http\Requests\Concerns\StoreContent\TraitTest" file="/app/vendor/gammamatrix/playground-http/tests/Unit/Requests/Concerns/StoreContent/TraitTest.php" tests="5" assertions="5" errors="0" failures="0" skipped="0" time="0.133309">
        <testcase name="test_purify" file="/app/vendor/gammamatrix/playground-http/tests/Unit/Requests/Concerns/StoreContent/TraitTest.php" line="17" class="Tests\Unit\Playground\Http\Requests\Concerns\StoreContent\TraitTest" classname="Tests.Unit.Playground.Http.Requests.Concerns.StoreContent.TraitTest" assertions="1" time="0.043251"/>
        <testcase name="test_exorcise" file="/app/vendor/gammamatrix/playground-http/tests/Unit/Requests/Concerns/StoreContent/TraitTest.php" line="26" class="Tests\Unit\Playground\Http\Requests\Concerns\StoreContent\TraitTest" classname="Tests.Unit.Playground.Http.Requests.Concerns.StoreContent.TraitTest" assertions="1" time="0.022350"/>
        <testcase name="test_getHtmlPurifier" file="/app/vendor/gammamatrix/playground-http/tests/Unit/Requests/Concerns/StoreContent/TraitTest.php" line="35" class="Tests\Unit\Playground\Http\Requests\Concerns\StoreContent\TraitTest" classname="Tests.Unit.Playground.Http.Requests.Concerns.StoreContent.TraitTest" assertions="1" time="0.022258"/>
        <testcase name="test_getHtmlPurifier_with_iframes" file="/app/vendor/gammamatrix/playground-http/tests/Unit/Requests/Concerns/StoreContent/TraitTest.php" line="45" class="Tests\Unit\Playground\Http\Requests\Concerns\StoreContent\TraitTest" classname="Tests.Unit.Playground.Http.Requests.Concerns.StoreContent.TraitTest" assertions="1" time="0.022600"/>
        <testcase name="test_getHtmlPurifier_with_purifier_path" file="/app/vendor/gammamatrix/playground-http/tests/Unit/Requests/Concerns/StoreContent/TraitTest.php" line="57" class="Tests\Unit\Playground\Http\Requests\Concerns\StoreContent\TraitTest" classname="Tests.Unit.Playground.Http.Requests.Concerns.StoreContent.TraitTest" assertions="1" time="0.022850"/>
      </testsuite>
      <testsuite name="Tests\Unit\Playground\Http\Requests\Concerns\StoreFilter\ArrayTraitTest" file="/app/vendor/gammamatrix/playground-http/tests/Unit/Requests/Concerns/StoreFilter/ArrayTraitTest.php" tests="2" assertions="12" errors="0" failures="0" skipped="0" time="0.043636">
        <testcase name="test_filterArray" file="/app/vendor/gammamatrix/playground-http/tests/Unit/Requests/Concerns/StoreFilter/ArrayTraitTest.php" line="25" class="Tests\Unit\Playground\Http\Requests\Concerns\StoreFilter\ArrayTraitTest" classname="Tests.Unit.Playground.Http.Requests.Concerns.StoreFilter.ArrayTraitTest" assertions="6" time="0.021592"/>
        <testcase name="test_filterArray_to_json" file="/app/vendor/gammamatrix/playground-http/tests/Unit/Requests/Concerns/StoreFilter/ArrayTraitTest.php" line="65" class="Tests\Unit\Playground\Http\Requests\Concerns\StoreFilter\ArrayTraitTest" classname="Tests.Unit.Playground.Http.Requests.Concerns.StoreFilter.ArrayTraitTest" assertions="6" time="0.022044"/>
      </testsuite>
      <testsuite name="Tests\Unit\Playground\Http\Requests\Concerns\StoreFilter\BitsTraitTest" file="/app/vendor/gammamatrix/playground-http/tests/Unit/Requests/Concerns/StoreFilter/BitsTraitTest.php" tests="2" assertions="7" errors="0" failures="0" skipped="0" time="0.045687">
        <testcase name="test_filterBits_for_exponent_zero" file="/app/vendor/gammamatrix/playground-http/tests/Unit/Requests/Concerns/StoreFilter/BitsTraitTest.php" line="25" class="Tests\Unit\Playground\Http\Requests\Concerns\StoreFilter\BitsTraitTest" classname="Tests.Unit.Playground.Http.Requests.Concerns.StoreFilter.BitsTraitTest" assertions="2" time="0.023393"/>
        <testcase name="test_filterBits_for_exponent_greater_than_zero" file="/app/vendor/gammamatrix/playground-http/tests/Unit/Requests/Concerns/StoreFilter/BitsTraitTest.php" line="41" class="Tests\Unit\Playground\Http\Requests\Concerns\StoreFilter\BitsTraitTest" classname="Tests.Unit.Playground.Http.Requests.Concerns.StoreFilter.BitsTraitTest" assertions="5" time="0.022294"/>
      </testsuite>
      <testsuite name="Tests\Unit\Playground\Http\Requests\Concerns\StoreFilter\DateTraitTest" file="/app/vendor/gammamatrix/playground-http/tests/Unit/Requests/Concerns/StoreFilter/DateTraitTest.php" tests="2" assertions="5" errors="0" failures="0" skipped="0" time="0.045460">
        <testcase name="test_filterDate" file="/app/vendor/gammamatrix/playground-http/tests/Unit/Requests/Concerns/StoreFilter/DateTraitTest.php" line="35" class="Tests\Unit\Playground\Http\Requests\Concerns\StoreFilter\DateTraitTest" classname="Tests.Unit.Playground.Http.Requests.Concerns.StoreFilter.DateTraitTest" assertions="2" time="0.022746"/>
        <testcase name="test_filterDateAsCarbon" file="/app/vendor/gammamatrix/playground-http/tests/Unit/Requests/Concerns/StoreFilter/DateTraitTest.php" line="58" class="Tests\Unit\Playground\Http\Requests\Concerns\StoreFilter\DateTraitTest" classname="Tests.Unit.Playground.Http.Requests.Concerns.StoreFilter.DateTraitTest" assertions="3" time="0.022714"/>
      </testsuite>
      <testsuite name="Tests\Unit\Playground\Http\Requests\Concerns\StoreFilter\NumberTraitTest" file="/app/vendor/gammamatrix/playground-http/tests/Unit/Requests/Concerns/StoreFilter/NumberTraitTest.php" tests="5" assertions="55" errors="0" failures="0" skipped="0" time="0.114629">
        <testcase name="test_filterFloat" file="/app/vendor/gammamatrix/playground-http/tests/Unit/Requests/Concerns/StoreFilter/NumberTraitTest.php" line="25" class="Tests\Unit\Playground\Http\Requests\Concerns\StoreFilter\NumberTraitTest" classname="Tests.Unit.Playground.Http.Requests.Concerns.StoreFilter.NumberTraitTest" assertions="4" time="0.021739"/>
        <testcase name="test_filterInteger" file="/app/vendor/gammamatrix/playground-http/tests/Unit/Requests/Concerns/StoreFilter/NumberTraitTest.php" line="41" class="Tests\Unit\Playground\Http\Requests\Concerns\StoreFilter\NumberTraitTest" classname="Tests.Unit.Playground.Http.Requests.Concerns.StoreFilter.NumberTraitTest" assertions="6" time="0.023395"/>
        <testcase name="test_filterIntegerId" file="/app/vendor/gammamatrix/playground-http/tests/Unit/Requests/Concerns/StoreFilter/NumberTraitTest.php" line="62" class="Tests\Unit\Playground\Http\Requests\Concerns\StoreFilter\NumberTraitTest" classname="Tests.Unit.Playground.Http.Requests.Concerns.StoreFilter.NumberTraitTest" assertions="12" time="0.022378"/>
        <testcase name="test_filterIntegerPositive" file="/app/vendor/gammamatrix/playground-http/tests/Unit/Requests/Concerns/StoreFilter/NumberTraitTest.php" line="86" class="Tests\Unit\Playground\Http\Requests\Concerns\StoreFilter\NumberTraitTest" classname="Tests.Unit.Playground.Http.Requests.Concerns.StoreFilter.NumberTraitTest" assertions="27" time="0.023047"/>
        <testcase name="test_filterPercent" file="/app/vendor/gammamatrix/playground-http/tests/Unit/Requests/Concerns/StoreFilter/NumberTraitTest.php" line="131" class="Tests\Unit\Playground\Http\Requests\Concerns\StoreFilter\NumberTraitTest" classname="Tests.Unit.Playground.Http.Requests.Concerns.StoreFilter.NumberTraitTest" assertions="6" time="0.024070"/>
      </testsuite>
      <testsuite name="Tests\Unit\Playground\Http\Requests\Concerns\StoreFilter\PhoneTraitTest" file="/app/vendor/gammamatrix/playground-http/tests/Unit/Requests/Concerns/StoreFilter/PhoneTraitTest.php" tests="1" assertions="4" errors="0" failures="0" skipped="0" time="0.021732">
        <testcase name="test_filterPhone" file="/app/vendor/gammamatrix/playground-http/tests/Unit/Requests/Concerns/StoreFilter/PhoneTraitTest.php" line="25" class="Tests\Unit\Playground\Http\Requests\Concerns\StoreFilter\PhoneTraitTest" classname="Tests.Unit.Playground.Http.Requests.Concerns.StoreFilter.PhoneTraitTest" assertions="4" time="0.021732"/>
      </testsuite>
      <testsuite name="Tests\Unit\Playground\Http\Requests\Concerns\StoreFilter\StatusTraitTest" file="/app/vendor/gammamatrix/playground-http/tests/Unit/Requests/Concerns/StoreFilter/StatusTraitTest.php" tests="5" assertions="5" errors="0" failures="0" skipped="0" time="0.112500">
        <testcase name="test_filterStatus_with_empty_input" file="/app/vendor/gammamatrix/playground-http/tests/Unit/Requests/Concerns/StoreFilter/StatusTraitTest.php" line="48" class="Tests\Unit\Playground\Http\Requests\Concerns\StoreFilter\StatusTraitTest" classname="Tests.Unit.Playground.Http.Requests.Concerns.StoreFilter.StatusTraitTest" assertions="1" time="0.021894"/>
        <testcase name="test_filterStatus_with_integer" file="/app/vendor/gammamatrix/playground-http/tests/Unit/Requests/Concerns/StoreFilter/StatusTraitTest.php" line="61" class="Tests\Unit\Playground\Http\Requests\Concerns\StoreFilter\StatusTraitTest" classname="Tests.Unit.Playground.Http.Requests.Concerns.StoreFilter.StatusTraitTest" assertions="1" time="0.022148"/>
        <testcase name="test_filterStatus_with_integer_as_string" file="/app/vendor/gammamatrix/playground-http/tests/Unit/Requests/Concerns/StoreFilter/StatusTraitTest.php" line="74" class="Tests\Unit\Playground\Http\Requests\Concerns\StoreFilter\StatusTraitTest" classname="Tests.Unit.Playground.Http.Requests.Concerns.StoreFilter.StatusTraitTest" assertions="1" time="0.022358"/>
        <testcase name="test_filterStatus_with_integer_as_negative_float" file="/app/vendor/gammamatrix/playground-http/tests/Unit/Requests/Concerns/StoreFilter/StatusTraitTest.php" line="87" class="Tests\Unit\Playground\Http\Requests\Concerns\StoreFilter\StatusTraitTest" classname="Tests.Unit.Playground.Http.Requests.Concerns.StoreFilter.StatusTraitTest" assertions="1" time="0.023174"/>
        <testcase name="test_filterStatus_with_map" file="/app/vendor/gammamatrix/playground-http/tests/Unit/Requests/Concerns/StoreFilter/StatusTraitTest.php" line="100" class="Tests\Unit\Playground\Http\Requests\Concerns\StoreFilter\StatusTraitTest" classname="Tests.Unit.Playground.Http.Requests.Concerns.StoreFilter.StatusTraitTest" assertions="1" time="0.022926"/>
      </testsuite>
      <testsuite name="Tests\Unit\Playground\Http\Requests\Concerns\StoreFilter\SystemFieldsTraitTest" file="/app/vendor/gammamatrix/playground-http/tests/Unit/Requests/Concerns/StoreFilter/SystemFieldsTraitTest.php" tests="6" assertions="10" errors="0" failures="0" skipped="0" time="0.142081">
        <testcase name="test_filterSystemFields_with_empty_input" file="/app/vendor/gammamatrix/playground-http/tests/Unit/Requests/Concerns/StoreFilter/SystemFieldsTraitTest.php" line="49" class="Tests\Unit\Playground\Http\Requests\Concerns\StoreFilter\SystemFieldsTraitTest" classname="Tests.Unit.Playground.Http.Requests.Concerns.StoreFilter.SystemFieldsTraitTest" assertions="1" time="0.021825"/>
        <testcase name="test_filterSystemFields_for_groups" file="/app/vendor/gammamatrix/playground-http/tests/Unit/Requests/Concerns/StoreFilter/SystemFieldsTraitTest.php" line="62" class="Tests\Unit\Playground\Http\Requests\Concerns\StoreFilter\SystemFieldsTraitTest" classname="Tests.Unit.Playground.Http.Requests.Concerns.StoreFilter.SystemFieldsTraitTest" assertions="1" time="0.024548"/>
        <testcase name="test_filterSystemFields_for_valid_permissions" file="/app/vendor/gammamatrix/playground-http/tests/Unit/Requests/Concerns/StoreFilter/SystemFieldsTraitTest.php" line="76" class="Tests\Unit\Playground\Http\Requests\Concerns\StoreFilter\SystemFieldsTraitTest" classname="Tests.Unit.Playground.Http.Requests.Concerns.StoreFilter.SystemFieldsTraitTest" assertions="1" time="0.022694"/>
        <testcase name="test_filterSystemFields_for_invalid_permissions" file="/app/vendor/gammamatrix/playground-http/tests/Unit/Requests/Concerns/StoreFilter/SystemFieldsTraitTest.php" line="100" class="Tests\Unit\Playground\Http\Requests\Concerns\StoreFilter\SystemFieldsTraitTest" classname="Tests.Unit.Playground.Http.Requests.Concerns.StoreFilter.SystemFieldsTraitTest" assertions="1" time="0.022901"/>
        <testcase name="test_filterSystemFields_for_rank" file="/app/vendor/gammamatrix/playground-http/tests/Unit/Requests/Concerns/StoreFilter/SystemFieldsTraitTest.php" line="123" class="Tests\Unit\Playground\Http\Requests\Concerns\StoreFilter\SystemFieldsTraitTest" classname="Tests.Unit.Playground.Http.Requests.Concerns.StoreFilter.SystemFieldsTraitTest" assertions="3" time="0.023668"/>
        <testcase name="test_filterSystemFields_for_size" file="/app/vendor/gammamatrix/playground-http/tests/Unit/Requests/Concerns/StoreFilter/SystemFieldsTraitTest.php" line="146" class="Tests\Unit\Playground\Http\Requests\Concerns\StoreFilter\SystemFieldsTraitTest" classname="Tests.Unit.Playground.Http.Requests.Concerns.StoreFilter.SystemFieldsTraitTest" assertions="3" time="0.026445"/>
      </testsuite>
      <testsuite name="Tests\Unit\Playground\Http\Requests\Concerns\StoreFilter\UuidTraitTest" file="/app/vendor/gammamatrix/playground-http/tests/Unit/Requests/Concerns/StoreFilter/UuidTraitTest.php" tests="1" assertions="2" errors="0" failures="0" skipped="0" time="0.023153">
        <testcase name="test_filterUuid" file="/app/vendor/gammamatrix/playground-http/tests/Unit/Requests/Concerns/StoreFilter/UuidTraitTest.php" line="24" class="Tests\Unit\Playground\Http\Requests\Concerns\StoreFilter\UuidTraitTest" classname="Tests.Unit.Playground.Http.Requests.Concerns.StoreFilter.UuidTraitTest" assertions="2" time="0.023153"/>
      </testsuite>
      <testsuite name="Tests\Unit\Playground\Http\Requests\Concerns\StoreFilter\ValueTraitTest" file="/app/vendor/gammamatrix/playground-http/tests/Unit/Requests/Concerns/StoreFilter/ValueTraitTest.php" tests="3" assertions="20" errors="0" failures="0" skipped="0" time="0.066660">
        <testcase name="test_filterBoolean" file="/app/vendor/gammamatrix/playground-http/tests/Unit/Requests/Concerns/StoreFilter/ValueTraitTest.php" line="27" class="Tests\Unit\Playground\Http\Requests\Concerns\StoreFilter\ValueTraitTest" classname="Tests.Unit.Playground.Http.Requests.Concerns.StoreFilter.ValueTraitTest" assertions="12" time="0.021655"/>
        <testcase name="test_filterEmail" file="/app/vendor/gammamatrix/playground-http/tests/Unit/Requests/Concerns/StoreFilter/ValueTraitTest.php" line="73" class="Tests\Unit\Playground\Http\Requests\Concerns\StoreFilter\ValueTraitTest" classname="Tests.Unit.Playground.Http.Requests.Concerns.StoreFilter.ValueTraitTest" assertions="6" time="0.021953"/>
        <testcase name="test_filterHtml" file="/app/vendor/gammamatrix/playground-http/tests/Unit/Requests/Concerns/StoreFilter/ValueTraitTest.php" line="101" class="Tests\Unit\Playground\Http\Requests\Concerns\StoreFilter\ValueTraitTest" classname="Tests.Unit.Playground.Http.Requests.Concerns.StoreFilter.ValueTraitTest" assertions="2" time="0.023051"/>
      </testsuite>
    </testsuite>
    <testsuite name="Feature" tests="109" assertions="2305" errors="0" failures="0" skipped="0" time="20.541318">
      <testsuite name="Tests\Feature\ExampleTest" file="/app/tests/Feature/ExampleTest.php" tests="1" assertions="1" errors="0" failures="0" skipped="0" time="0.095490">
        <testcase name="test_the_application_returns_a_successful_response" file="/app/tests/Feature/ExampleTest.php" line="13" class="Tests\Feature\ExampleTest" classname="Tests.Feature.ExampleTest" assertions="1" time="0.095490"/>
      </testsuite>
      <testsuite name="Tests\Feature\Playground\Console\Commands\About\CommandTest" file="/app/vendor/gammamatrix/playground/tests/Feature/Console/Commands/About/CommandTest.php" tests="1" assertions="2" errors="0" failures="0" skipped="0" time="0.108984">
        <testcase name="test_command_about_displays_package_information_and_succeed_with_code_0" file="/app/vendor/gammamatrix/playground/tests/Feature/Console/Commands/About/CommandTest.php" line="32" class="Tests\Feature\Playground\Console\Commands\About\CommandTest" classname="Tests.Feature.Playground.Console.Commands.About.CommandTest" assertions="2" time="0.108984"/>
      </testsuite>
      <testsuite name="Tests\Feature\Playground\Models\User\ModelTest" file="/app/vendor/gammamatrix/playground/tests/Feature/Models/User/ModelTest.php" tests="1" assertions="9" errors="0" failures="0" skipped="0" time="0.095830">
        <testcase name="test_save_model_in_database" file="/app/vendor/gammamatrix/playground/tests/Feature/Models/User/ModelTest.php" line="19" class="Tests\Feature\Playground\Models\User\ModelTest" classname="Tests.Feature.Playground.Models.User.ModelTest" assertions="9" time="0.095830"/>
      </testsuite>
      <testsuite name="Tests\Feature\Playground\Auth\Console\Commands\About\CommandTest" file="/app/vendor/gammamatrix/playground-auth/tests/Feature/Console/Commands/About/CommandTest.php" tests="1" assertions="2" errors="0" failures="0" skipped="0" time="0.126566">
        <testcase name="test_command_about_displays_package_information_and_succeed_with_code_0" file="/app/vendor/gammamatrix/playground-auth/tests/Feature/Console/Commands/About/CommandTest.php" line="22" class="Tests\Feature\Playground\Auth\Console\Commands\About\CommandTest" classname="Tests.Feature.Playground.Auth.Console.Commands.About.CommandTest" assertions="2" time="0.126566"/>
      </testsuite>
      <testsuite name="Tests\Feature\Playground\Cms\Console\Commands\About\CommandTest" file="/app/vendor/gammamatrix/playground-cms/tests/Feature/Console/Commands/About/CommandTest.php" tests="1" assertions="2" errors="0" failures="0" skipped="0" time="0.233818">
        <testcase name="test_command_about_displays_package_information_and_succeed_with_code_0" file="/app/vendor/gammamatrix/playground-cms/tests/Feature/Console/Commands/About/CommandTest.php" line="32" class="Tests\Feature\Playground\Cms\Console\Commands\About\CommandTest" classname="Tests.Feature.Playground.Cms.Console.Commands.About.CommandTest" assertions="2" time="0.233818"/>
      </testsuite>
      <testsuite name="Tests\Feature\Playground\Cms\Models\Page\ModelTest" file="/app/vendor/gammamatrix/playground-cms/tests/Feature/Models/Page/ModelTest.php" tests="3" assertions="36" errors="0" failures="0" skipped="0" time="0.549967">
        <testcase name="test_model_instance" file="/app/vendor/gammamatrix/playground-test/src/Feature/Models/ModelCase.php" line="109" class="Tests\Feature\Playground\Cms\Models\Page\ModelTest" classname="Tests.Feature.Playground.Cms.Models.Page.ModelTest" assertions="1" time="0.142983"/>
        <testcase name="test_verify_model_relationships" file="/app/vendor/gammamatrix/playground-test/src/Feature/Models/ModelCase.php" line="528" class="Tests\Feature\Playground\Cms\Models\Page\ModelTest" classname="Tests.Feature.Playground.Cms.Models.Page.ModelTest" assertions="32" time="0.259983"/>
        <testcase name="test_factory_create" file="/app/vendor/gammamatrix/playground-test/src/Feature/Models/ModelCase.php" line="549" class="Tests\Feature\Playground\Cms\Models\Page\ModelTest" classname="Tests.Feature.Playground.Cms.Models.Page.ModelTest" assertions="3" time="0.147002"/>
      </testsuite>
      <testsuite name="Tests\Feature\Playground\Cms\Models\PageRevision\ModelTest" file="/app/vendor/gammamatrix/playground-cms/tests/Feature/Models/PageRevision/ModelTest.php" tests="3" assertions="28" errors="0" failures="0" skipped="0" time="0.513074">
        <testcase name="test_model_instance" file="/app/vendor/gammamatrix/playground-test/src/Feature/Models/ModelCase.php" line="109" class="Tests\Feature\Playground\Cms\Models\PageRevision\ModelTest" classname="Tests.Feature.Playground.Cms.Models.PageRevision.ModelTest" assertions="1" time="0.138623"/>
        <testcase name="test_verify_model_relationships" file="/app/vendor/gammamatrix/playground-test/src/Feature/Models/ModelCase.php" line="528" class="Tests\Feature\Playground\Cms\Models\PageRevision\ModelTest" classname="Tests.Feature.Playground.Cms.Models.PageRevision.ModelTest" assertions="24" time="0.225440"/>
        <testcase name="test_factory_create" file="/app/vendor/gammamatrix/playground-test/src/Feature/Models/ModelCase.php" line="549" class="Tests\Feature\Playground\Cms\Models\PageRevision\ModelTest" classname="Tests.Feature.Playground.Cms.Models.PageRevision.ModelTest" assertions="3" time="0.149011"/>
      </testsuite>
      <testsuite name="Tests\Feature\Playground\Cms\Models\Snippet\ModelTest" file="/app/vendor/gammamatrix/playground-cms/tests/Feature/Models/Snippet/ModelTest.php" tests="3" assertions="36" errors="0" failures="0" skipped="0" time="0.543427">
        <testcase name="test_model_instance" file="/app/vendor/gammamatrix/playground-test/src/Feature/Models/ModelCase.php" line="109" class="Tests\Feature\Playground\Cms\Models\Snippet\ModelTest" classname="Tests.Feature.Playground.Cms.Models.Snippet.ModelTest" assertions="1" time="0.139102"/>
        <testcase name="test_verify_model_relationships" file="/app/vendor/gammamatrix/playground-test/src/Feature/Models/ModelCase.php" line="528" class="Tests\Feature\Playground\Cms\Models\Snippet\ModelTest" classname="Tests.Feature.Playground.Cms.Models.Snippet.ModelTest" assertions="32" time="0.254978"/>
        <testcase name="test_factory_create" file="/app/vendor/gammamatrix/playground-test/src/Feature/Models/ModelCase.php" line="549" class="Tests\Feature\Playground\Cms\Models\Snippet\ModelTest" classname="Tests.Feature.Playground.Cms.Models.Snippet.ModelTest" assertions="3" time="0.149346"/>
      </testsuite>
      <testsuite name="Tests\Feature\Playground\Cms\Models\SnippetRevision\ModelTest" file="/app/vendor/gammamatrix/playground-cms/tests/Feature/Models/SnippetRevision/ModelTest.php" tests="3" assertions="28" errors="0" failures="0" skipped="0" time="0.515888">
        <testcase name="test_model_instance" file="/app/vendor/gammamatrix/playground-test/src/Feature/Models/ModelCase.php" line="109" class="Tests\Feature\Playground\Cms\Models\SnippetRevision\ModelTest" classname="Tests.Feature.Playground.Cms.Models.SnippetRevision.ModelTest" assertions="1" time="0.138557"/>
        <testcase name="test_verify_model_relationships" file="/app/vendor/gammamatrix/playground-test/src/Feature/Models/ModelCase.php" line="528" class="Tests\Feature\Playground\Cms\Models\SnippetRevision\ModelTest" classname="Tests.Feature.Playground.Cms.Models.SnippetRevision.ModelTest" assertions="24" time="0.229655"/>
        <testcase name="test_factory_create" file="/app/vendor/gammamatrix/playground-test/src/Feature/Models/ModelCase.php" line="549" class="Tests\Feature\Playground\Cms\Models\SnippetRevision\ModelTest" classname="Tests.Feature.Playground.Cms.Models.SnippetRevision.ModelTest" assertions="3" time="0.147676"/>
      </testsuite>
      <testsuite name="Tests\Feature\Playground\Cms\Api\Console\Commands\About\CommandTest" file="/app/vendor/gammamatrix/playground-cms-api/tests/Feature/Console/Commands/About/CommandTest.php" tests="1" assertions="2" errors="0" failures="0" skipped="0" time="0.276685">
        <testcase name="test_command_about_displays_package_information_and_succeed_with_code_0" file="/app/vendor/gammamatrix/playground-cms-api/tests/Feature/Console/Commands/About/CommandTest.php" line="19" class="Tests\Feature\Playground\Cms\Api\Console\Commands\About\CommandTest" classname="Tests.Feature.Playground.Cms.Api.Console.Commands.About.CommandTest" assertions="2" time="0.276685"/>
      </testsuite>
      <testsuite name="Tests\Feature\Playground\Cms\Api\Http\Controllers\Playground\PageRouteTest" file="/app/vendor/gammamatrix/playground-cms-api/tests/Feature/Http/Controllers/Playground/PageRouteTest.php" tests="44" assertions="1077" errors="0" failures="0" skipped="0" time="8.608950">
        <testcase name="test_json_guest_cannot_get_create_info" file="/app/vendor/gammamatrix/playground-test/src/Feature/Http/Controllers/Resource/Playground/CreateJsonTrait.php" line="38" class="Tests\Feature\Playground\Cms\Api\Http\Controllers\Playground\PageRouteTest" classname="Tests.Feature.Playground.Cms.Api.Http.Controllers.Playground.PageRouteTest" assertions="1" time="0.212410"/>
        <testcase name="test_json_admin_can_get_create_info" file="/app/vendor/gammamatrix/playground-test/src/Feature/Http/Controllers/Resource/Playground/CreateJsonTrait.php" line="53" class="Tests\Feature\Playground\Cms\Api\Http\Controllers\Playground\PageRouteTest" classname="Tests.Feature.Playground.Cms.Api.Http.Controllers.Playground.PageRouteTest" assertions="73" time="0.196381"/>
        <testcase name="test_json_get_create_info_as_admin_with_invalid_parameter_and_fail_validation" file="/app/vendor/gammamatrix/playground-test/src/Feature/Http/Controllers/Resource/Playground/CreateJsonTrait.php" line="73" class="Tests\Feature\Playground\Cms\Api\Http\Controllers\Playground\PageRouteTest" classname="Tests.Feature.Playground.Cms.Api.Http.Controllers.Playground.PageRouteTest" assertions="4" time="0.176158"/>
        <testcase name="test_json_guest_cannot_destroy" file="/app/vendor/gammamatrix/playground-test/src/Feature/Http/Controllers/Resource/Playground/DestroyJsonTrait.php" line="31" class="Tests\Feature\Playground\Cms\Api\Http\Controllers\Playground\PageRouteTest" classname="Tests.Feature.Playground.Cms.Api.Http.Controllers.Playground.PageRouteTest" assertions="3" time="0.169391"/>
        <testcase name="test_json_destroy_as_admin_and_succeed" file="/app/vendor/gammamatrix/playground-test/src/Feature/Http/Controllers/Resource/Playground/DestroyJsonTrait.php" line="61" class="Tests\Feature\Playground\Cms\Api\Http\Controllers\Playground\PageRouteTest" classname="Tests.Feature.Playground.Cms.Api.Http.Controllers.Playground.PageRouteTest" assertions="5" time="0.178210"/>
        <testcase name="test_json_destroy_as_admin_and_succeed_with_force_delete" file="/app/vendor/gammamatrix/playground-test/src/Feature/Http/Controllers/Resource/Playground/DestroyJsonTrait.php" line="100" class="Tests\Feature\Playground\Cms\Api\Http\Controllers\Playground\PageRouteTest" classname="Tests.Feature.Playground.Cms.Api.Http.Controllers.Playground.PageRouteTest" assertions="4" time="0.174738"/>
        <testcase name="test_json_destroy_as_admin_and_succeed_with_no_content" file="/app/vendor/gammamatrix/playground-test/src/Feature/Http/Controllers/Resource/Playground/DestroyJsonTrait.php" line="132" class="Tests\Feature\Playground\Cms\Api\Http\Controllers\Playground\PageRouteTest" classname="Tests.Feature.Playground.Cms.Api.Http.Controllers.Playground.PageRouteTest" assertions="5" time="0.176186"/>
        <testcase name="test_json_destroy_as_admin_and_succeed_and_ignore_redirect" file="/app/vendor/gammamatrix/playground-test/src/Feature/Http/Controllers/Resource/Playground/DestroyJsonTrait.php" line="167" class="Tests\Feature\Playground\Cms\Api\Http\Controllers\Playground\PageRouteTest" classname="Tests.Feature.Playground.Cms.Api.Http.Controllers.Playground.PageRouteTest" assertions="5" time="0.184473"/>
        <testcase name="test_json_destroy_as_user_and_get_denied_and_no_force_delete_allowed" file="/app/vendor/gammamatrix/playground-test/src/Feature/Http/Controllers/Resource/Playground/DestroyJsonTrait.php" line="209" class="Tests\Feature\Playground\Cms\Api\Http\Controllers\Playground\PageRouteTest" classname="Tests.Feature.Playground.Cms.Api.Http.Controllers.Playground.PageRouteTest" assertions="3" time="0.174965"/>
        <testcase name="test_json_guest_cannot_get_edit_info" file="/app/vendor/gammamatrix/playground-test/src/Feature/Http/Controllers/Resource/Playground/EditJsonTrait.php" line="38" class="Tests\Feature\Playground\Cms\Api\Http\Controllers\Playground\PageRouteTest" classname="Tests.Feature.Playground.Cms.Api.Http.Controllers.Playground.PageRouteTest" assertions="1" time="0.167246"/>
        <testcase name="test_json_admin_can_get_edit_info" file="/app/vendor/gammamatrix/playground-test/src/Feature/Http/Controllers/Resource/Playground/EditJsonTrait.php" line="58" class="Tests\Feature\Playground\Cms\Api\Http\Controllers\Playground\PageRouteTest" classname="Tests.Feature.Playground.Cms.Api.Http.Controllers.Playground.PageRouteTest" assertions="4" time="0.198920"/>
        <testcase name="test_json_edit_as_admin_and_fail_validation_with_invalid_parameter" file="/app/vendor/gammamatrix/playground-test/src/Feature/Http/Controllers/Resource/Playground/EditJsonTrait.php" line="87" class="Tests\Feature\Playground\Cms\Api\Http\Controllers\Playground\PageRouteTest" classname="Tests.Feature.Playground.Cms.Api.Http.Controllers.Playground.PageRouteTest" assertions="4" time="0.182034"/>
        <testcase name="test_json_guest_cannot_get_index" file="/app/vendor/gammamatrix/playground-test/src/Feature/Http/Controllers/Resource/Playground/IndexJsonTrait.php" line="34" class="Tests\Feature\Playground\Cms\Api\Http\Controllers\Playground\PageRouteTest" classname="Tests.Feature.Playground.Cms.Api.Http.Controllers.Playground.PageRouteTest" assertions="1" time="0.165204"/>
        <testcase name="test_json_admin_can_get_index" file="/app/vendor/gammamatrix/playground-test/src/Feature/Http/Controllers/Resource/Playground/IndexJsonTrait.php" line="49" class="Tests\Feature\Playground\Cms\Api\Http\Controllers\Playground\PageRouteTest" classname="Tests.Feature.Playground.Cms.Api.Http.Controllers.Playground.PageRouteTest" assertions="80" time="0.334358"/>
        <testcase name="test_json_admin_can_get_index_with_filters" file="/app/vendor/gammamatrix/playground-test/src/Feature/Http/Controllers/Resource/Playground/IndexJsonTrait.php" line="85" class="Tests\Feature\Playground\Cms\Api\Http\Controllers\Playground\PageRouteTest" classname="Tests.Feature.Playground.Cms.Api.Http.Controllers.Playground.PageRouteTest" assertions="3" time="0.194847"/>
        <testcase name="test_json_guest_cannot_lock" file="/app/vendor/gammamatrix/playground-test/src/Feature/Http/Controllers/Resource/Playground/LockJsonTrait.php" line="36" class="Tests\Feature\Playground\Cms\Api\Http\Controllers\Playground\PageRouteTest" classname="Tests.Feature.Playground.Cms.Api.Http.Controllers.Playground.PageRouteTest" assertions="3" time="0.171162"/>
        <testcase name="test_json_lock_as_admin_and_succeed" file="/app/vendor/gammamatrix/playground-test/src/Feature/Http/Controllers/Resource/Playground/LockJsonTrait.php" line="66" class="Tests\Feature\Playground\Cms\Api\Http\Controllers\Playground\PageRouteTest" classname="Tests.Feature.Playground.Cms.Api.Http.Controllers.Playground.PageRouteTest" assertions="3" time="0.190355"/>
        <testcase name="test_json_lock_as_admin_and_succeed_with_no_redirect" file="/app/vendor/gammamatrix/playground-test/src/Feature/Http/Controllers/Resource/Playground/LockJsonTrait.php" line="98" class="Tests\Feature\Playground\Cms\Api\Http\Controllers\Playground\PageRouteTest" classname="Tests.Feature.Playground.Cms.Api.Http.Controllers.Playground.PageRouteTest" assertions="75" time="0.192741"/>
        <testcase name="test_json_lock_as_user_and_get_denied" file="/app/vendor/gammamatrix/playground-test/src/Feature/Http/Controllers/Resource/Playground/LockJsonTrait.php" line="143" class="Tests\Feature\Playground\Cms\Api\Http\Controllers\Playground\PageRouteTest" classname="Tests.Feature.Playground.Cms.Api.Http.Controllers.Playground.PageRouteTest" assertions="3" time="0.179722"/>
        <testcase name="test_json_guest_cannot_restore" file="/app/vendor/gammamatrix/playground-test/src/Feature/Http/Controllers/Resource/Playground/RestoreJsonTrait.php" line="32" class="Tests\Feature\Playground\Cms\Api\Http\Controllers\Playground\PageRouteTest" classname="Tests.Feature.Playground.Cms.Api.Http.Controllers.Playground.PageRouteTest" assertions="3" time="0.166746"/>
        <testcase name="test_json_restore_as_admin_and_succeed" file="/app/vendor/gammamatrix/playground-test/src/Feature/Http/Controllers/Resource/Playground/RestoreJsonTrait.php" line="64" class="Tests\Feature\Playground\Cms\Api\Http\Controllers\Playground\PageRouteTest" classname="Tests.Feature.Playground.Cms.Api.Http.Controllers.Playground.PageRouteTest" assertions="75" time="0.189411"/>
        <testcase name="test_json_restore_as_admin_and_succeed_with_no_redirect" file="/app/vendor/gammamatrix/playground-test/src/Feature/Http/Controllers/Resource/Playground/RestoreJsonTrait.php" line="100" class="Tests\Feature\Playground\Cms\Api\Http\Controllers\Playground\PageRouteTest" classname="Tests.Feature.Playground.Cms.Api.Http.Controllers.Playground.PageRouteTest" assertions="75" time="0.187478"/>
        <testcase name="test_json_restore_as_user_and_get_denied" file="/app/vendor/gammamatrix/playground-test/src/Feature/Http/Controllers/Resource/Playground/RestoreJsonTrait.php" line="143" class="Tests\Feature\Playground\Cms\Api\Http\Controllers\Playground\PageRouteTest" classname="Tests.Feature.Playground.Cms.Api.Http.Controllers.Playground.PageRouteTest" assertions="3" time="0.181538"/>
        <testcase name="test_json_guest_cannot_restore_revision" file="/app/vendor/gammamatrix/playground-test/src/Feature/Http/Controllers/Resource/Playground/RestoreRevisionJsonTrait.php" line="43" class="Tests\Feature\Playground\Cms\Api\Http\Controllers\Playground\PageRouteTest" classname="Tests.Feature.Playground.Cms.Api.Http.Controllers.Playground.PageRouteTest" assertions="3" time="0.181263"/>
        <testcase name="test_json_restore_revision_as_admin_and_succeed" file="/app/vendor/gammamatrix/playground-test/src/Feature/Http/Controllers/Resource/Playground/RestoreRevisionJsonTrait.php" line="79" class="Tests\Feature\Playground\Cms\Api\Http\Controllers\Playground\PageRouteTest" classname="Tests.Feature.Playground.Cms.Api.Http.Controllers.Playground.PageRouteTest" assertions="75" time="0.248206"/>
        <testcase name="test_json_restore_revision_as_admin_and_succeed_without_redirect" file="/app/vendor/gammamatrix/playground-test/src/Feature/Http/Controllers/Resource/Playground/RestoreRevisionJsonTrait.php" line="119" class="Tests\Feature\Playground\Cms\Api\Http\Controllers\Playground\PageRouteTest" classname="Tests.Feature.Playground.Cms.Api.Http.Controllers.Playground.PageRouteTest" assertions="75" time="0.299488"/>
        <testcase name="test_json_restore_revision_as_user_and_get_denied" file="/app/vendor/gammamatrix/playground-test/src/Feature/Http/Controllers/Resource/Playground/RestoreRevisionJsonTrait.php" line="171" class="Tests\Feature\Playground\Cms\Api\Http\Controllers\Playground\PageRouteTest" classname="Tests.Feature.Playground.Cms.Api.Http.Controllers.Playground.PageRouteTest" assertions="3" time="0.191405"/>
        <testcase name="test_json_guest_cannot_render_revision_view" file="/app/vendor/gammamatrix/playground-test/src/Feature/Http/Controllers/Resource/Playground/RevisionJsonTrait.php" line="38" class="Tests\Feature\Playground\Cms\Api\Http\Controllers\Playground\PageRouteTest" classname="Tests.Feature.Playground.Cms.Api.Http.Controllers.Playground.PageRouteTest" assertions="2" time="0.183838"/>
        <testcase name="test_json_admin_can_get_revision_info" file="/app/vendor/gammamatrix/playground-test/src/Feature/Http/Controllers/Resource/Playground/RevisionJsonTrait.php" line="69" class="Tests\Feature\Playground\Cms\Api\Http\Controllers\Playground\PageRouteTest" classname="Tests.Feature.Playground.Cms.Api.Http.Controllers.Playground.PageRouteTest" assertions="74" time="0.207243"/>
        <testcase name="test_json_guest_cannot_get_revisions" file="/app/vendor/gammamatrix/playground-test/src/Feature/Http/Controllers/Resource/Playground/RevisionsJsonTrait.php" line="34" class="Tests\Feature\Playground\Cms\Api\Http\Controllers\Playground\PageRouteTest" classname="Tests.Feature.Playground.Cms.Api.Http.Controllers.Playground.PageRouteTest" assertions="2" time="0.181113"/>
        <testcase name="test_json_admin_can_get_revisions" file="/app/vendor/gammamatrix/playground-test/src/Feature/Http/Controllers/Resource/Playground/RevisionsJsonTrait.php" line="63" class="Tests\Feature\Playground\Cms\Api\Http\Controllers\Playground\PageRouteTest" classname="Tests.Feature.Playground.Cms.Api.Http.Controllers.Playground.PageRouteTest" assertions="2" time="0.258175"/>
        <testcase name="test_json_admin_can_get_revisions_with_filters" file="/app/vendor/gammamatrix/playground-test/src/Feature/Http/Controllers/Resource/Playground/RevisionsJsonTrait.php" line="104" class="Tests\Feature\Playground\Cms\Api\Http\Controllers\Playground\PageRouteTest" classname="Tests.Feature.Playground.Cms.Api.Http.Controllers.Playground.PageRouteTest" assertions="81" time="0.211436"/>
        <testcase name="test_json_guest_cannot_see_info" file="/app/vendor/gammamatrix/playground-test/src/Feature/Http/Controllers/Resource/Playground/ShowJsonTrait.php" line="29" class="Tests\Feature\Playground\Cms\Api\Http\Controllers\Playground\PageRouteTest" classname="Tests.Feature.Playground.Cms.Api.Http.Controllers.Playground.PageRouteTest" assertions="1" time="0.179686"/>
        <testcase name="test_json_show_info_for_admin" file="/app/vendor/gammamatrix/playground-test/src/Feature/Http/Controllers/Resource/Playground/ShowJsonTrait.php" line="49" class="Tests\Feature\Playground\Cms\Api\Http\Controllers\Playground\PageRouteTest" classname="Tests.Feature.Playground.Cms.Api.Http.Controllers.Playground.PageRouteTest" assertions="74" time="0.187878"/>
        <testcase name="test_json_guest_cannot_store" file="/app/vendor/gammamatrix/playground-test/src/Feature/Http/Controllers/Resource/Playground/StoreJsonTrait.php" line="43" class="Tests\Feature\Playground\Cms\Api\Http\Controllers\Playground\PageRouteTest" classname="Tests.Feature.Playground.Cms.Api.Http.Controllers.Playground.PageRouteTest" assertions="3" time="0.168094"/>
        <testcase name="test_json_store_as_admin_without_payload_and_fail_validation" file="/app/vendor/gammamatrix/playground-test/src/Feature/Http/Controllers/Resource/Playground/StoreJsonTrait.php" line="66" class="Tests\Feature\Playground\Cms\Api\Http\Controllers\Playground\PageRouteTest" classname="Tests.Feature.Playground.Cms.Api.Http.Controllers.Playground.PageRouteTest" assertions="5" time="0.179868"/>
        <testcase name="test_json_store_as_admin_and_succeed" file="/app/vendor/gammamatrix/playground-test/src/Feature/Http/Controllers/Resource/Playground/StoreJsonTrait.php" line="92" class="Tests\Feature\Playground\Cms\Api\Http\Controllers\Playground\PageRouteTest" classname="Tests.Feature.Playground.Cms.Api.Http.Controllers.Playground.PageRouteTest" assertions="3" time="0.208819"/>
        <testcase name="test_json_guest_cannot_unlock" file="/app/vendor/gammamatrix/playground-test/src/Feature/Http/Controllers/Resource/Playground/UnlockJsonTrait.php" line="36" class="Tests\Feature\Playground\Cms\Api\Http\Controllers\Playground\PageRouteTest" classname="Tests.Feature.Playground.Cms.Api.Http.Controllers.Playground.PageRouteTest" assertions="3" time="0.171561"/>
        <testcase name="test_json_unlock_as_admin_and_succeed" file="/app/vendor/gammamatrix/playground-test/src/Feature/Http/Controllers/Resource/Playground/UnlockJsonTrait.php" line="68" class="Tests\Feature\Playground\Cms\Api\Http\Controllers\Playground\PageRouteTest" classname="Tests.Feature.Playground.Cms.Api.Http.Controllers.Playground.PageRouteTest" assertions="75" time="0.203183"/>
        <testcase name="test_json_unlock_as_admin_and_succeed_with_no_redirect" file="/app/vendor/gammamatrix/playground-test/src/Feature/Http/Controllers/Resource/Playground/UnlockJsonTrait.php" line="104" class="Tests\Feature\Playground\Cms\Api\Http\Controllers\Playground\PageRouteTest" classname="Tests.Feature.Playground.Cms.Api.Http.Controllers.Playground.PageRouteTest" assertions="75" time="0.196051"/>
        <testcase name="test_json_unlock_as_user_and_get_denied" file="/app/vendor/gammamatrix/playground-test/src/Feature/Http/Controllers/Resource/Playground/UnlockJsonTrait.php" line="145" class="Tests\Feature\Playground\Cms\Api\Http\Controllers\Playground\PageRouteTest" classname="Tests.Feature.Playground.Cms.Api.Http.Controllers.Playground.PageRouteTest" assertions="3" time="0.183999"/>
        <testcase name="test_json_guest_cannot_update" file="/app/vendor/gammamatrix/playground-test/src/Feature/Http/Controllers/Resource/Playground/UpdateJsonTrait.php" line="45" class="Tests\Feature\Playground\Cms\Api\Http\Controllers\Playground\PageRouteTest" classname="Tests.Feature.Playground.Cms.Api.Http.Controllers.Playground.PageRouteTest" assertions="1" time="0.173991"/>
        <testcase name="test_json_update_as_admin_without_payload_and_fail_validation" file="/app/vendor/gammamatrix/playground-test/src/Feature/Http/Controllers/Resource/Playground/UpdateJsonTrait.php" line="65" class="Tests\Feature\Playground\Cms\Api\Http\Controllers\Playground\PageRouteTest" classname="Tests.Feature.Playground.Cms.Api.Http.Controllers.Playground.PageRouteTest" assertions="4" time="0.195789"/>
        <testcase name="test_json_admin_can_update" file="/app/vendor/gammamatrix/playground-test/src/Feature/Http/Controllers/Resource/Playground/UpdateJsonTrait.php" line="90" class="Tests\Feature\Playground\Cms\Api\Http\Controllers\Playground\PageRouteTest" classname="Tests.Feature.Playground.Cms.Api.Http.Controllers.Playground.PageRouteTest" assertions="77" time="0.253190"/>
      </testsuite>
      <testsuite name="Tests\Feature\Playground\Cms\Api\Http\Controllers\Playground\SnippetRouteTest" file="/app/vendor/gammamatrix/playground-cms-api/tests/Feature/Http/Controllers/Playground/SnippetRouteTest.php" tests="44" assertions="1077" errors="0" failures="0" skipped="0" time="8.461557">
        <testcase name="test_json_guest_cannot_get_create_info" file="/app/vendor/gammamatrix/playground-test/src/Feature/Http/Controllers/Resource/Playground/CreateJsonTrait.php" line="38" class="Tests\Feature\Playground\Cms\Api\Http\Controllers\Playground\SnippetRouteTest" classname="Tests.Feature.Playground.Cms.Api.Http.Controllers.Playground.SnippetRouteTest" assertions="1" time="0.199326"/>
        <testcase name="test_json_admin_can_get_create_info" file="/app/vendor/gammamatrix/playground-test/src/Feature/Http/Controllers/Resource/Playground/CreateJsonTrait.php" line="53" class="Tests\Feature\Playground\Cms\Api\Http\Controllers\Playground\SnippetRouteTest" classname="Tests.Feature.Playground.Cms.Api.Http.Controllers.Playground.SnippetRouteTest" assertions="73" time="0.177309"/>
        <testcase name="test_json_get_create_info_as_admin_with_invalid_parameter_and_fail_validation" file="/app/vendor/gammamatrix/playground-test/src/Feature/Http/Controllers/Resource/Playground/CreateJsonTrait.php" line="73" class="Tests\Feature\Playground\Cms\Api\Http\Controllers\Playground\SnippetRouteTest" classname="Tests.Feature.Playground.Cms.Api.Http.Controllers.Playground.SnippetRouteTest" assertions="4" time="0.170222"/>
        <testcase name="test_json_guest_cannot_destroy" file="/app/vendor/gammamatrix/playground-test/src/Feature/Http/Controllers/Resource/Playground/DestroyJsonTrait.php" line="31" class="Tests\Feature\Playground\Cms\Api\Http\Controllers\Playground\SnippetRouteTest" classname="Tests.Feature.Playground.Cms.Api.Http.Controllers.Playground.SnippetRouteTest" assertions="3" time="0.163196"/>
        <testcase name="test_json_destroy_as_admin_and_succeed" file="/app/vendor/gammamatrix/playground-test/src/Feature/Http/Controllers/Resource/Playground/DestroyJsonTrait.php" line="61" class="Tests\Feature\Playground\Cms\Api\Http\Controllers\Playground\SnippetRouteTest" classname="Tests.Feature.Playground.Cms.Api.Http.Controllers.Playground.SnippetRouteTest" assertions="5" time="0.186539"/>
        <testcase name="test_json_destroy_as_admin_and_succeed_with_force_delete" file="/app/vendor/gammamatrix/playground-test/src/Feature/Http/Controllers/Resource/Playground/DestroyJsonTrait.php" line="100" class="Tests\Feature\Playground\Cms\Api\Http\Controllers\Playground\SnippetRouteTest" classname="Tests.Feature.Playground.Cms.Api.Http.Controllers.Playground.SnippetRouteTest" assertions="4" time="0.174737"/>
        <testcase name="test_json_destroy_as_admin_and_succeed_with_no_content" file="/app/vendor/gammamatrix/playground-test/src/Feature/Http/Controllers/Resource/Playground/DestroyJsonTrait.php" line="132" class="Tests\Feature\Playground\Cms\Api\Http\Controllers\Playground\SnippetRouteTest" classname="Tests.Feature.Playground.Cms.Api.Http.Controllers.Playground.SnippetRouteTest" assertions="5" time="0.175873"/>
        <testcase name="test_json_destroy_as_admin_and_succeed_and_ignore_redirect" file="/app/vendor/gammamatrix/playground-test/src/Feature/Http/Controllers/Resource/Playground/DestroyJsonTrait.php" line="167" class="Tests\Feature\Playground\Cms\Api\Http\Controllers\Playground\SnippetRouteTest" classname="Tests.Feature.Playground.Cms.Api.Http.Controllers.Playground.SnippetRouteTest" assertions="5" time="0.190864"/>
        <testcase name="test_json_destroy_as_user_and_get_denied_and_no_force_delete_allowed" file="/app/vendor/gammamatrix/playground-test/src/Feature/Http/Controllers/Resource/Playground/DestroyJsonTrait.php" line="209" class="Tests\Feature\Playground\Cms\Api\Http\Controllers\Playground\SnippetRouteTest" classname="Tests.Feature.Playground.Cms.Api.Http.Controllers.Playground.SnippetRouteTest" assertions="3" time="0.174792"/>
        <testcase name="test_json_guest_cannot_get_edit_info" file="/app/vendor/gammamatrix/playground-test/src/Feature/Http/Controllers/Resource/Playground/EditJsonTrait.php" line="38" class="Tests\Feature\Playground\Cms\Api\Http\Controllers\Playground\SnippetRouteTest" classname="Tests.Feature.Playground.Cms.Api.Http.Controllers.Playground.SnippetRouteTest" assertions="1" time="0.163540"/>
        <testcase name="test_json_admin_can_get_edit_info" file="/app/vendor/gammamatrix/playground-test/src/Feature/Http/Controllers/Resource/Playground/EditJsonTrait.php" line="58" class="Tests\Feature\Playground\Cms\Api\Http\Controllers\Playground\SnippetRouteTest" classname="Tests.Feature.Playground.Cms.Api.Http.Controllers.Playground.SnippetRouteTest" assertions="4" time="0.205277"/>
        <testcase name="test_json_edit_as_admin_and_fail_validation_with_invalid_parameter" file="/app/vendor/gammamatrix/playground-test/src/Feature/Http/Controllers/Resource/Playground/EditJsonTrait.php" line="87" class="Tests\Feature\Playground\Cms\Api\Http\Controllers\Playground\SnippetRouteTest" classname="Tests.Feature.Playground.Cms.Api.Http.Controllers.Playground.SnippetRouteTest" assertions="4" time="0.185328"/>
        <testcase name="test_json_guest_cannot_get_index" file="/app/vendor/gammamatrix/playground-test/src/Feature/Http/Controllers/Resource/Playground/IndexJsonTrait.php" line="34" class="Tests\Feature\Playground\Cms\Api\Http\Controllers\Playground\SnippetRouteTest" classname="Tests.Feature.Playground.Cms.Api.Http.Controllers.Playground.SnippetRouteTest" assertions="1" time="0.163294"/>
        <testcase name="test_json_admin_can_get_index" file="/app/vendor/gammamatrix/playground-test/src/Feature/Http/Controllers/Resource/Playground/IndexJsonTrait.php" line="49" class="Tests\Feature\Playground\Cms\Api\Http\Controllers\Playground\SnippetRouteTest" classname="Tests.Feature.Playground.Cms.Api.Http.Controllers.Playground.SnippetRouteTest" assertions="80" time="0.244068"/>
        <testcase name="test_json_admin_can_get_index_with_filters" file="/app/vendor/gammamatrix/playground-test/src/Feature/Http/Controllers/Resource/Playground/IndexJsonTrait.php" line="85" class="Tests\Feature\Playground\Cms\Api\Http\Controllers\Playground\SnippetRouteTest" classname="Tests.Feature.Playground.Cms.Api.Http.Controllers.Playground.SnippetRouteTest" assertions="3" time="0.193988"/>
        <testcase name="test_json_guest_cannot_lock" file="/app/vendor/gammamatrix/playground-test/src/Feature/Http/Controllers/Resource/Playground/LockJsonTrait.php" line="36" class="Tests\Feature\Playground\Cms\Api\Http\Controllers\Playground\SnippetRouteTest" classname="Tests.Feature.Playground.Cms.Api.Http.Controllers.Playground.SnippetRouteTest" assertions="3" time="0.173793"/>
        <testcase name="test_json_lock_as_admin_and_succeed" file="/app/vendor/gammamatrix/playground-test/src/Feature/Http/Controllers/Resource/Playground/LockJsonTrait.php" line="66" class="Tests\Feature\Playground\Cms\Api\Http\Controllers\Playground\SnippetRouteTest" classname="Tests.Feature.Playground.Cms.Api.Http.Controllers.Playground.SnippetRouteTest" assertions="3" time="0.188258"/>
        <testcase name="test_json_lock_as_admin_and_succeed_with_no_redirect" file="/app/vendor/gammamatrix/playground-test/src/Feature/Http/Controllers/Resource/Playground/LockJsonTrait.php" line="98" class="Tests\Feature\Playground\Cms\Api\Http\Controllers\Playground\SnippetRouteTest" classname="Tests.Feature.Playground.Cms.Api.Http.Controllers.Playground.SnippetRouteTest" assertions="75" time="0.185773"/>
        <testcase name="test_json_lock_as_user_and_get_denied" file="/app/vendor/gammamatrix/playground-test/src/Feature/Http/Controllers/Resource/Playground/LockJsonTrait.php" line="143" class="Tests\Feature\Playground\Cms\Api\Http\Controllers\Playground\SnippetRouteTest" classname="Tests.Feature.Playground.Cms.Api.Http.Controllers.Playground.SnippetRouteTest" assertions="3" time="0.177005"/>
        <testcase name="test_json_guest_cannot_restore" file="/app/vendor/gammamatrix/playground-test/src/Feature/Http/Controllers/Resource/Playground/RestoreJsonTrait.php" line="32" class="Tests\Feature\Playground\Cms\Api\Http\Controllers\Playground\SnippetRouteTest" classname="Tests.Feature.Playground.Cms.Api.Http.Controllers.Playground.SnippetRouteTest" assertions="3" time="0.168863"/>
        <testcase name="test_json_restore_as_admin_and_succeed" file="/app/vendor/gammamatrix/playground-test/src/Feature/Http/Controllers/Resource/Playground/RestoreJsonTrait.php" line="64" class="Tests\Feature\Playground\Cms\Api\Http\Controllers\Playground\SnippetRouteTest" classname="Tests.Feature.Playground.Cms.Api.Http.Controllers.Playground.SnippetRouteTest" assertions="75" time="0.196025"/>
        <testcase name="test_json_restore_as_admin_and_succeed_with_no_redirect" file="/app/vendor/gammamatrix/playground-test/src/Feature/Http/Controllers/Resource/Playground/RestoreJsonTrait.php" line="100" class="Tests\Feature\Playground\Cms\Api\Http\Controllers\Playground\SnippetRouteTest" classname="Tests.Feature.Playground.Cms.Api.Http.Controllers.Playground.SnippetRouteTest" assertions="75" time="0.193269"/>
        <testcase name="test_json_restore_as_user_and_get_denied" file="/app/vendor/gammamatrix/playground-test/src/Feature/Http/Controllers/Resource/Playground/RestoreJsonTrait.php" line="143" class="Tests\Feature\Playground\Cms\Api\Http\Controllers\Playground\SnippetRouteTest" classname="Tests.Feature.Playground.Cms.Api.Http.Controllers.Playground.SnippetRouteTest" assertions="3" time="0.188688"/>
        <testcase name="test_json_guest_cannot_restore_revision" file="/app/vendor/gammamatrix/playground-test/src/Feature/Http/Controllers/Resource/Playground/RestoreRevisionJsonTrait.php" line="43" class="Tests\Feature\Playground\Cms\Api\Http\Controllers\Playground\SnippetRouteTest" classname="Tests.Feature.Playground.Cms.Api.Http.Controllers.Playground.SnippetRouteTest" assertions="3" time="0.176008"/>
        <testcase name="test_json_restore_revision_as_admin_and_succeed" file="/app/vendor/gammamatrix/playground-test/src/Feature/Http/Controllers/Resource/Playground/RestoreRevisionJsonTrait.php" line="79" class="Tests\Feature\Playground\Cms\Api\Http\Controllers\Playground\SnippetRouteTest" classname="Tests.Feature.Playground.Cms.Api.Http.Controllers.Playground.SnippetRouteTest" assertions="75" time="0.242149"/>
        <testcase name="test_json_restore_revision_as_admin_and_succeed_without_redirect" file="/app/vendor/gammamatrix/playground-test/src/Feature/Http/Controllers/Resource/Playground/RestoreRevisionJsonTrait.php" line="119" class="Tests\Feature\Playground\Cms\Api\Http\Controllers\Playground\SnippetRouteTest" classname="Tests.Feature.Playground.Cms.Api.Http.Controllers.Playground.SnippetRouteTest" assertions="75" time="0.268427"/>
        <testcase name="test_json_restore_revision_as_user_and_get_denied" file="/app/vendor/gammamatrix/playground-test/src/Feature/Http/Controllers/Resource/Playground/RestoreRevisionJsonTrait.php" line="171" class="Tests\Feature\Playground\Cms\Api\Http\Controllers\Playground\SnippetRouteTest" classname="Tests.Feature.Playground.Cms.Api.Http.Controllers.Playground.SnippetRouteTest" assertions="3" time="0.187370"/>
        <testcase name="test_json_guest_cannot_render_revision_view" file="/app/vendor/gammamatrix/playground-test/src/Feature/Http/Controllers/Resource/Playground/RevisionJsonTrait.php" line="38" class="Tests\Feature\Playground\Cms\Api\Http\Controllers\Playground\SnippetRouteTest" classname="Tests.Feature.Playground.Cms.Api.Http.Controllers.Playground.SnippetRouteTest" assertions="2" time="0.178064"/>
        <testcase name="test_json_admin_can_get_revision_info" file="/app/vendor/gammamatrix/playground-test/src/Feature/Http/Controllers/Resource/Playground/RevisionJsonTrait.php" line="69" class="Tests\Feature\Playground\Cms\Api\Http\Controllers\Playground\SnippetRouteTest" classname="Tests.Feature.Playground.Cms.Api.Http.Controllers.Playground.SnippetRouteTest" assertions="74" time="0.199332"/>
        <testcase name="test_json_guest_cannot_get_revisions" file="/app/vendor/gammamatrix/playground-test/src/Feature/Http/Controllers/Resource/Playground/RevisionsJsonTrait.php" line="34" class="Tests\Feature\Playground\Cms\Api\Http\Controllers\Playground\SnippetRouteTest" classname="Tests.Feature.Playground.Cms.Api.Http.Controllers.Playground.SnippetRouteTest" assertions="2" time="0.180817"/>
        <testcase name="test_json_admin_can_get_revisions" file="/app/vendor/gammamatrix/playground-test/src/Feature/Http/Controllers/Resource/Playground/RevisionsJsonTrait.php" line="63" class="Tests\Feature\Playground\Cms\Api\Http\Controllers\Playground\SnippetRouteTest" classname="Tests.Feature.Playground.Cms.Api.Http.Controllers.Playground.SnippetRouteTest" assertions="2" time="0.260492"/>
        <testcase name="test_json_admin_can_get_revisions_with_filters" file="/app/vendor/gammamatrix/playground-test/src/Feature/Http/Controllers/Resource/Playground/RevisionsJsonTrait.php" line="104" class="Tests\Feature\Playground\Cms\Api\Http\Controllers\Playground\SnippetRouteTest" classname="Tests.Feature.Playground.Cms.Api.Http.Controllers.Playground.SnippetRouteTest" assertions="81" time="0.208324"/>
        <testcase name="test_json_guest_cannot_see_info" file="/app/vendor/gammamatrix/playground-test/src/Feature/Http/Controllers/Resource/Playground/ShowJsonTrait.php" line="29" class="Tests\Feature\Playground\Cms\Api\Http\Controllers\Playground\SnippetRouteTest" classname="Tests.Feature.Playground.Cms.Api.Http.Controllers.Playground.SnippetRouteTest" assertions="1" time="0.169541"/>
        <testcase name="test_json_show_info_for_admin" file="/app/vendor/gammamatrix/playground-test/src/Feature/Http/Controllers/Resource/Playground/ShowJsonTrait.php" line="49" class="Tests\Feature\Playground\Cms\Api\Http\Controllers\Playground\SnippetRouteTest" classname="Tests.Feature.Playground.Cms.Api.Http.Controllers.Playground.SnippetRouteTest" assertions="74" time="0.188367"/>
        <testcase name="test_json_guest_cannot_store" file="/app/vendor/gammamatrix/playground-test/src/Feature/Http/Controllers/Resource/Playground/StoreJsonTrait.php" line="43" class="Tests\Feature\Playground\Cms\Api\Http\Controllers\Playground\SnippetRouteTest" classname="Tests.Feature.Playground.Cms.Api.Http.Controllers.Playground.SnippetRouteTest" assertions="3" time="0.166694"/>
        <testcase name="test_json_store_as_admin_without_payload_and_fail_validation" file="/app/vendor/gammamatrix/playground-test/src/Feature/Http/Controllers/Resource/Playground/StoreJsonTrait.php" line="66" class="Tests\Feature\Playground\Cms\Api\Http\Controllers\Playground\SnippetRouteTest" classname="Tests.Feature.Playground.Cms.Api.Http.Controllers.Playground.SnippetRouteTest" assertions="5" time="0.180121"/>
        <testcase name="test_json_store_as_admin_and_succeed" file="/app/vendor/gammamatrix/playground-test/src/Feature/Http/Controllers/Resource/Playground/StoreJsonTrait.php" line="92" class="Tests\Feature\Playground\Cms\Api\Http\Controllers\Playground\SnippetRouteTest" classname="Tests.Feature.Playground.Cms.Api.Http.Controllers.Playground.SnippetRouteTest" assertions="3" time="0.223880"/>
        <testcase name="test_json_guest_cannot_unlock" file="/app/vendor/gammamatrix/playground-test/src/Feature/Http/Controllers/Resource/Playground/UnlockJsonTrait.php" line="36" class="Tests\Feature\Playground\Cms\Api\Http\Controllers\Playground\SnippetRouteTest" classname="Tests.Feature.Playground.Cms.Api.Http.Controllers.Playground.SnippetRouteTest" assertions="3" time="0.172796"/>
        <testcase name="test_json_unlock_as_admin_and_succeed" file="/app/vendor/gammamatrix/playground-test/src/Feature/Http/Controllers/Resource/Playground/UnlockJsonTrait.php" line="68" class="Tests\Feature\Playground\Cms\Api\Http\Controllers\Playground\SnippetRouteTest" classname="Tests.Feature.Playground.Cms.Api.Http.Controllers.Playground.SnippetRouteTest" assertions="75" time="0.194657"/>
        <testcase name="test_json_unlock_as_admin_and_succeed_with_no_redirect" file="/app/vendor/gammamatrix/playground-test/src/Feature/Http/Controllers/Resource/Playground/UnlockJsonTrait.php" line="104" class="Tests\Feature\Playground\Cms\Api\Http\Controllers\Playground\SnippetRouteTest" classname="Tests.Feature.Playground.Cms.Api.Http.Controllers.Playground.SnippetRouteTest" assertions="75" time="0.192907"/>
        <testcase name="test_json_unlock_as_user_and_get_denied" file="/app/vendor/gammamatrix/playground-test/src/Feature/Http/Controllers/Resource/Playground/UnlockJsonTrait.php" line="145" class="Tests\Feature\Playground\Cms\Api\Http\Controllers\Playground\SnippetRouteTest" classname="Tests.Feature.Playground.Cms.Api.Http.Controllers.Playground.SnippetRouteTest" assertions="3" time="0.184580"/>
        <testcase name="test_json_guest_cannot_update" file="/app/vendor/gammamatrix/playground-test/src/Feature/Http/Controllers/Resource/Playground/UpdateJsonTrait.php" line="45" class="Tests\Feature\Playground\Cms\Api\Http\Controllers\Playground\SnippetRouteTest" classname="Tests.Feature.Playground.Cms.Api.Http.Controllers.Playground.SnippetRouteTest" assertions="1" time="0.179270"/>
        <testcase name="test_json_update_as_admin_without_payload_and_fail_validation" file="/app/vendor/gammamatrix/playground-test/src/Feature/Http/Controllers/Resource/Playground/UpdateJsonTrait.php" line="65" class="Tests\Feature\Playground\Cms\Api\Http\Controllers\Playground\SnippetRouteTest" classname="Tests.Feature.Playground.Cms.Api.Http.Controllers.Playground.SnippetRouteTest" assertions="4" time="0.189181"/>
        <testcase name="test_json_admin_can_update" file="/app/vendor/gammamatrix/playground-test/src/Feature/Http/Controllers/Resource/Playground/UpdateJsonTrait.php" line="90" class="Tests\Feature\Playground\Cms\Api\Http\Controllers\Playground\SnippetRouteTest" classname="Tests.Feature.Playground.Cms.Api.Http.Controllers.Playground.SnippetRouteTest" assertions="77" time="0.278551"/>
      </testsuite>
      <testsuite name="Tests\Feature\Playground\Cms\Api\Http\Requests\FormRequest\InstanceTest" file="/app/vendor/gammamatrix/playground-cms-api/tests/Feature/Http/Requests/FormRequest/InstanceTest.php" tests="1" assertions="1" errors="0" failures="0" skipped="0" time="0.159492">
        <testcase name="test_FormRequest_authorize_with_admin" file="/app/vendor/gammamatrix/playground-cms-api/tests/Feature/Http/Requests/FormRequest/InstanceTest.php" line="21" class="Tests\Feature\Playground\Cms\Api\Http\Requests\FormRequest\InstanceTest" classname="Tests.Feature.Playground.Cms.Api.Http.Requests.FormRequest.InstanceTest" assertions="1" time="0.159492"/>
      </testsuite>
      <testsuite name="Tests\Feature\Playground\Http\Console\Commands\About\CommandTest" file="/app/vendor/gammamatrix/playground-http/tests/Feature/Console/Commands/About/CommandTest.php" tests="1" assertions="2" errors="0" failures="0" skipped="0" time="0.125436">
        <testcase name="test_command_about_displays_package_information_and_succeed_with_code_0" file="/app/vendor/gammamatrix/playground-http/tests/Feature/Console/Commands/About/CommandTest.php" line="19" class="Tests\Feature\Playground\Http\Console\Commands\About\CommandTest" classname="Tests.Feature.Playground.Http.Console.Commands.About.CommandTest" assertions="2" time="0.125436"/>
      </testsuite>
      <testsuite name="Tests\Feature\Playground\Test\Console\Commands\About\CommandTest" file="/app/vendor/gammamatrix/playground-test/tests/Feature/Console/Commands/About/CommandTest.php" tests="1" assertions="2" errors="0" failures="0" skipped="0" time="0.126155">
        <testcase name="test_command_about_displays_package_information_and_succeed_with_code_0" file="/app/vendor/gammamatrix/playground-test/tests/Feature/Console/Commands/About/CommandTest.php" line="19" class="Tests\Feature\Playground\Test\Console\Commands\About\CommandTest" classname="Tests.Feature.Playground.Test.Console.Commands.About.CommandTest" assertions="2" time="0.126155"/>
      </testsuite>
    </testsuite>
  </testsuite>
</testsuites>
